【2019-02-10 10:56:33】
订单号：20190210105600485397
通知地址：https://www.htcp19.com/notify_url/29
通知报文：memberid=10043&orderid=2019021010555934570&transaction_id=20190210105600485397&amount=1000.0000&datetime=20190210105632&returncode=00&sign=3D4F70EE56D5C593A33A65150EC6B3E8&attach=1234|456
HTTP状态：200
返回：ok

【2019-02-10 11:02:22】
订单号：20190210110146979954
通知地址：https://www.htcp19.com/notify_url/29
通知报文：memberid=10043&orderid=2019021011014531384&transaction_id=20190210110146979954&amount=2000.0000&datetime=20190210110222&returncode=00&sign=5D226A282AB4E3C4AFB1CA6CBFAC9176&attach=1234|456
HTTP状态：200
返回：ok

【2019-02-10 11:20:42】
订单号：20190210111956999910
通知地址：http://xycz555.com/notify_url/42
通知报文：memberid=10035&orderid=2019021011195614924&transaction_id=20190210111956999910&amount=300.0000&datetime=20190210112042&returncode=00&sign=5DB13D2F598A34E9670657BB5456FDE3&attach=1234|456
HTTP状态：200
返回：ok

【2019-02-10 11:21:30】
订单号：20190210112059989749
通知地址：https://www.htcp19.com/notify_url/29
通知报文：memberid=10043&orderid=2019021011205825423&transaction_id=20190210112059989749&amount=1000.0000&datetime=20190210112129&returncode=00&sign=900ACA71164FE432DB9AC4C1534E137E&attach=1234|456
HTTP状态：200
返回：ok

【2019-02-10 11:22:32】
订单号：20190210112153494899
通知地址：http://xycz555.com/notify_url/42
通知报文：memberid=10035&orderid=2019021011215283203&transaction_id=20190210112153494899&amount=1000.0000&datetime=20190210112232&returncode=00&sign=067C786917E5DD356F22332278110A86&attach=1234|456
HTTP状态：200
返回：ok

【2019-02-10 11:23:27】
订单号：20190210112244525454
通知地址：http://xycz555.com/notify_url/42
通知报文：memberid=10035&orderid=2019021011223841064&transaction_id=20190210112244525454&amount=299.9900&datetime=20190210112325&returncode=00&sign=3EAF153434DAB839095D885DA937CDE1&attach=1234|456
HTTP状态：200
返回：ok

【2019-02-10 11:23:27】
订单号：20190210112252999957
通知地址：http://xycz555.com/notify_url/42
通知报文：memberid=10035&orderid=2019021011225106365&transaction_id=20190210112252999957&amount=999.9900&datetime=20190210112327&returncode=00&sign=493D32A7844A1BBEC4374A784D2A11A6&attach=1234|456
HTTP状态：200
返回：ok

【2019-02-10 11:23:38】
订单号：20190210112319555350
通知地址：http://xycz555.com/notify_url/42
通知报文：memberid=10035&orderid=2019021011231834975&transaction_id=20190210112319555350&amount=499.9900&datetime=20190210112337&returncode=00&sign=CB904401E76FB2E6BABF4DA42339FCAD&attach=1234|456
HTTP状态：200
返回：ok

【2019-02-10 11:25:28】
订单号：20190210112450505252
通知地址：http://xycz555.com/notify_url/42
通知报文：memberid=10035&orderid=2019021011244879171&transaction_id=20190210112450505252&amount=999.9800&datetime=20190210112527&returncode=00&sign=2461C6DA6C2B74474478794D66010F0E&attach=1234|456
HTTP状态：200
返回：ok

【2019-02-10 11:26:25】
订单号：20190210112552489810
通知地址：http://xycz555.com/notify_url/42
通知报文：memberid=10035&orderid=2019021011255195296&transaction_id=20190210112552489810&amount=5000.0000&datetime=20190210112624&returncode=00&sign=20B4CADB86075F9631F774420D410DA0&attach=1234|456
HTTP状态：200
返回：ok

【2019-02-10 11:28:50】
订单号：20190210112816489857
通知地址：http://xycz555.com/notify_url/42
通知报文：memberid=10035&orderid=2019021011281506072&transaction_id=20190210112816489857&amount=300.0000&datetime=20190210112850&returncode=00&sign=8CC8BD3CC425EC7F18A046506220B3DD&attach=1234|456
HTTP状态：200
返回：ok

【2019-02-10 11:29:05】
订单号：20190210112848485698
通知地址：http://xycz555.com/notify_url/42
通知报文：memberid=10035&orderid=2019021011284758669&transaction_id=20190210112848485698&amount=200.0000&datetime=20190210112905&returncode=00&sign=0CC606ECCD3BF087B846833AD9DFD03A&attach=1234|456
HTTP状态：200
返回：ok

【2019-02-10 11:29:07】
订单号：20190210112826975451
通知地址：http://xycz555.com/notify_url/42
通知报文：memberid=10035&orderid=2019021011282573397&transaction_id=20190210112826975451&amount=1000.0000&datetime=20190210112903&returncode=00&sign=E523E892645AE457C764AF8BBC5C570D&attach=1234|456
HTTP状态：200
返回：ok

【2019-02-10 11:30:03】
订单号：20190210112928564949
通知地址：http://xycz555.com/notify_url/42
通知报文：memberid=10035&orderid=2019021011292711647&transaction_id=20190210112928564949&amount=999.9900&datetime=20190210113001&returncode=00&sign=0F2B1C5B788B046A2976397FB1ED960E&attach=1234|456
HTTP状态：200
返回：ok

【2019-02-10 11:30:10】
订单号：20190210112947985154
通知地址：http://xycz555.com/notify_url/42
通知报文：memberid=10035&orderid=2019021011294634872&transaction_id=20190210112947985154&amount=4999.9900&datetime=20190210113009&returncode=00&sign=452763A5A45CEAF3BDC556B8E7EE7DDB&attach=1234|456
HTTP状态：200
返回：ok

【2019-02-10 11:31:13】
订单号：20190210113022101995
通知地址：http://xycz555.com/notify_url/42
通知报文：memberid=10035&orderid=2019021011302125824&transaction_id=20190210113022101995&amount=199.9900&datetime=20190210113112&returncode=00&sign=C4C343BA6F801FEF6A7A95859EB587F9&attach=1234|456
HTTP状态：200
返回：ok

【2019-02-10 11:31:35】
订单号：20190210113056485055
通知地址：http://xycz555.com/notify_url/42
通知报文：memberid=10035&orderid=2019021011305500503&transaction_id=20190210113056485055&amount=199.9800&datetime=20190210113135&returncode=00&sign=99D0A186B2C4360EBEF1E39BAA983F8B&attach=1234|456
HTTP状态：200
返回：ok

【2019-02-10 11:32:12】
订单号：20190210113113495297
通知地址：http://xycz555.com/notify_url/42
通知报文：memberid=10035&orderid=2019021011311232546&transaction_id=20190210113113495297&amount=500.0000&datetime=20190210113211&returncode=00&sign=51B6E9D9651F0E871CD550F1BBDCA554&attach=1234|456
HTTP状态：200
返回：ok

【2019-02-10 11:32:28】
订单号：20190210113206541011
通知地址：http://xycz555.com/notify_url/42
通知报文：memberid=10035&orderid=2019021011320694465&transaction_id=20190210113206541011&amount=199.9700&datetime=20190210113227&returncode=00&sign=285DEE93CC982D25ACD29F4957929E7E&attach=1234|456
HTTP状态：200
返回：ok

【2019-02-10 11:33:48】
订单号：20190210113323515510
通知地址：http://xycz555.com/notify_url/42
通知报文：memberid=10035&orderid=2019021011332216595&transaction_id=20190210113323515510&amount=1999.9900&datetime=20190210113347&returncode=00&sign=787A23EA8BB430E12891908C4C507057&attach=1234|456
HTTP状态：200
返回：ok

【2019-02-10 11:34:05】
订单号：20190210113324525451
通知地址：http://xycz555.com/notify_url/42
通知报文：memberid=10035&orderid=2019021011332355539&transaction_id=20190210113324525451&amount=999.9800&datetime=20190210113358&returncode=00&sign=1D6940A0613026F3161BDB89B6FDFCC9&attach=1234|456
HTTP状态：200
返回：ok

【2019-02-10 11:35:34】
订单号：20190210113504561015
通知地址：http://xycz555.com/notify_url/42
通知报文：memberid=10035&orderid=2019021011350495503&transaction_id=20190210113504561015&amount=499.9800&datetime=20190210113533&returncode=00&sign=E8DDAED61F5D1F533D66F4519189AE00&attach=1234|456
HTTP状态：200
返回：ok

【2019-02-10 11:36:22】
订单号：20190210113601495310
通知地址：http://xycz555.com/notify_url/42
通知报文：memberid=10035&orderid=2019021011355909621&transaction_id=20190210113601495310&amount=199.9900&datetime=20190210113621&returncode=00&sign=EEC210BC252F5EB971AE7BD7463A2EA8&attach=1234|456
HTTP状态：200
返回：ok

【2019-02-10 11:36:33】
订单号：20190210113553574810
通知地址：http://xycz555.com/notify_url/42
通知报文：memberid=10035&orderid=2019021011355239792&transaction_id=20190210113553574810&amount=200.0000&datetime=20190210113633&returncode=00&sign=4B3B527DE5DA3FC1389A349B7268A088&attach=1234|456
HTTP状态：200
返回：ok

【2019-02-10 11:36:56】
订单号：20190210113556995651
通知地址：http://xycz555.com/notify_url/42
通知报文：memberid=10035&orderid=2019021011355408885&transaction_id=20190210113556995651&amount=499.9700&datetime=20190210113654&returncode=00&sign=63A88D788DA78F8AA608C84724BACC3B&attach=1234|456
HTTP状态：200
返回：ok

【2019-02-10 11:37:07】
订单号：20190210113643989852
通知地址：http://xycz555.com/notify_url/42
通知报文：memberid=10035&orderid=2019021011364359865&transaction_id=20190210113643989852&amount=499.9600&datetime=20190210113707&returncode=00&sign=B3F9EDCFADDB469000AC9AB93CD40CFF&attach=1234|456
HTTP状态：200
返回：ok

【2019-02-10 11:37:52】
订单号：20190210113705494910
通知地址：http://xycz555.com/notify_url/42
通知报文：memberid=10035&orderid=2019021011370411699&transaction_id=20190210113705494910&amount=2000.0000&datetime=20190210113751&returncode=00&sign=5BCB3D6F4D947696E495160565898491&attach=1234|456
HTTP状态：200
返回：ok

【2019-02-10 11:39:19】
订单号：20190210113849575510
通知地址：http://xycz555.com/notify_url/42
通知报文：memberid=10035&orderid=2019021011384838015&transaction_id=20190210113849575510&amount=199.9700&datetime=20190210113919&returncode=00&sign=D5FF1E30D588E35A84AB14DC4D51743A&attach=1234|456
HTTP状态：200
返回：ok

【2019-02-10 11:39:51】
订单号：20190210113858509998
通知地址：http://xycz555.com/notify_url/42
通知报文：memberid=10035&orderid=2019021011385759654&transaction_id=20190210113858509998&amount=199.9600&datetime=20190210113950&returncode=00&sign=52B465E7148C6F0DA63A59212589719D&attach=1234|456
HTTP状态：200
返回：ok

【2019-02-10 11:40:27】
订单号：20190210113936569857
通知地址：http://xycz555.com/notify_url/42
通知报文：memberid=10035&orderid=2019021011393424341&transaction_id=20190210113936569857&amount=199.9500&datetime=20190210114026&returncode=00&sign=1645249AE9908032271F4433450C5598&attach=1234|456
HTTP状态：200
返回：ok

【2019-02-10 11:40:54】
订单号：20190210114027981015
通知地址：http://xycz555.com/notify_url/42
通知报文：memberid=10035&orderid=2019021011402700452&transaction_id=20190210114027981015&amount=1999.9900&datetime=20190210114054&returncode=00&sign=CDE48EA6D7F214A4C7AEA3B5DEE95F00&attach=1234|456
HTTP状态：200
返回：ok

【2019-02-10 11:41:36】
订单号：20190210114115981014
通知地址：http://xycz555.com/notify_url/42
通知报文：memberid=10035&orderid=2019021011411526862&transaction_id=20190210114115981014&amount=1999.9800&datetime=20190210114135&returncode=00&sign=722395073B4962E00209EA91AD6DAB50&attach=1234|456
HTTP状态：200
返回：ok

【2019-02-10 11:42:02】
订单号：20190210114131985150
通知地址：http://xycz555.com/notify_url/42
通知报文：memberid=10035&orderid=2019021011413095999&transaction_id=20190210114131985150&amount=3000.0000&datetime=20190210114201&returncode=00&sign=625D4922AB02633320431CB63A1373CF&attach=1234|456
HTTP状态：200
返回：ok

【2019-02-10 11:42:08】
订单号：20190210114140525656
通知地址：http://xycz555.com/notify_url/42
通知报文：memberid=10035&orderid=2019021011413955347&transaction_id=20190210114140525656&amount=1000.0000&datetime=20190210114208&returncode=00&sign=6DCC6DBD546BEF8114DAFBCA704C93F9&attach=1234|456
HTTP状态：200
返回：ok

【2019-02-10 11:42:55】
订单号：20190210114224481011
通知地址：http://xycz555.com/notify_url/42
通知报文：memberid=10035&orderid=2019021011422340183&transaction_id=20190210114224481011&amount=299.9900&datetime=20190210114251&returncode=00&sign=2AA362E6793C4F3160CFECBDD265D00C&attach=1234|456
HTTP状态：200
返回：ok

【2019-02-10 11:44:08】
订单号：20190210114337575248
通知地址：http://xycz555.com/notify_url/42
通知报文：memberid=10035&orderid=2019021011433682171&transaction_id=20190210114337575248&amount=1999.9700&datetime=20190210114408&returncode=00&sign=AB44D87F60767B9C3FF0518F98ED737E&attach=1234|456
HTTP状态：200
返回：ok

【2019-02-10 11:44:28】
订单号：20190210114405535253
通知地址：http://xycz555.com/notify_url/42
通知报文：memberid=10035&orderid=2019021011440442443&transaction_id=20190210114405535253&amount=199.9900&datetime=20190210114427&returncode=00&sign=B9C539E337F153956609CC41C23BD833&attach=1234|456
HTTP状态：200
返回：ok

【2019-02-10 11:44:58】
订单号：20190210114420525250
通知地址：http://xycz555.com/notify_url/42
通知报文：memberid=10035&orderid=2019021011441964058&transaction_id=20190210114420525250&amount=199.9800&datetime=20190210114457&returncode=00&sign=C2EC3C9DD55ABAB0FC7413B61BCA16F2&attach=1234|456
HTTP状态：200
返回：ok

【2019-02-10 11:44:58】
订单号：20190210114434505098
通知地址：http://xycz555.com/notify_url/42
通知报文：memberid=10035&orderid=2019021011443312174&transaction_id=20190210114434505098&amount=199.9700&datetime=20190210114457&returncode=00&sign=1B9D2B43B03A6631DE0CA7178BCBD391&attach=1234|456
HTTP状态：200
返回：ok

【2019-02-10 11:45:12】
订单号：20190210114357100579
通知地址：http://xycz555.com/notify_url/42
通知报文：memberid=10035&orderid=2019021011435618433&transaction_id=20190210114357100579&amount=200.0000&datetime=20190210114511&returncode=00&sign=FDFE41B98D22590617F720A4351781BF&attach=1234|456
HTTP状态：200
返回：ok

【2019-02-10 11:48:28】
订单号：20190210114753575597
通知地址：http://xycz555.com/notify_url/42
通知报文：memberid=10035&orderid=2019021011475229297&transaction_id=20190210114753575597&amount=199.9600&datetime=20190210114827&returncode=00&sign=92F0F269C1C0561535C16E1F681B5642&attach=1234|456
HTTP状态：200
返回：ok

【2019-02-10 11:49:10】
订单号：20190210114854549848
通知地址：http://xycz555.com/notify_url/42
通知报文：memberid=10035&orderid=2019021011485387081&transaction_id=20190210114854549848&amount=500.0000&datetime=20190210114910&returncode=00&sign=EC0FCAE5C6753F1840F5A1A40AFE73D0&attach=1234|456
HTTP状态：200
返回：ok

【2019-02-10 11:49:11】
订单号：20190210114847102544
通知地址：http://xycz555.com/notify_url/42
通知报文：memberid=10035&orderid=2019021011484639197&transaction_id=20190210114847102544&amount=5000.0000&datetime=20190210114911&returncode=00&sign=6182DD140574C8DC2B018E780C132109&attach=1234|456
HTTP状态：200
返回：ok

【2019-02-10 11:49:22】
订单号：20190210114901100481
通知地址：http://xycz555.com/notify_url/42
通知报文：memberid=10035&orderid=2019021011490066445&transaction_id=20190210114901100481&amount=1000.0000&datetime=20190210114921&returncode=00&sign=1516FDD677054377E5128FD89D2678F6&attach=1234|456
HTTP状态：200
返回：ok

【2019-02-10 11:49:38】
订单号：20190210114910541015
通知地址：http://xycz555.com/notify_url/42
通知报文：memberid=10035&orderid=2019021011491003285&transaction_id=20190210114910541015&amount=999.9900&datetime=20190210114937&returncode=00&sign=6B337B59B47366C3E28C108517989662&attach=1234|456
HTTP状态：200
返回：ok

【2019-02-10 11:51:34】
订单号：20190210115059511011
通知地址：http://xycz555.com/notify_url/42
通知报文：memberid=10035&orderid=2019021011505973134&transaction_id=20190210115059511011&amount=499.9800&datetime=20190210115134&returncode=00&sign=8D97EAA65B1FED830141B3A9819DF630&attach=1234|456
HTTP状态：200
返回：ok

【2019-02-10 11:52:27】
订单号：20190210115142101991
通知地址：http://xycz555.com/notify_url/42
通知报文：memberid=10035&orderid=2019021011514237934&transaction_id=20190210115142101991&amount=200.0000&datetime=20190210115226&returncode=00&sign=FE3641C7E735CBD94AB4D662990DF3A8&attach=1234|456
HTTP状态：200
返回：ok

【2019-02-10 11:53:20】
订单号：20190210115256561019
通知地址：http://xycz555.com/notify_url/42
通知报文：memberid=10035&orderid=2019021011525640840&transaction_id=20190210115256561019&amount=199.9900&datetime=20190210115319&returncode=00&sign=219364231D3033E7D4D12BCCE39271A6&attach=1234|456
HTTP状态：200
返回：ok

【2019-02-10 11:53:21】
订单号：20190210115230101485
通知地址：http://xycz555.com/notify_url/42
通知报文：memberid=10035&orderid=2019021011522940851&transaction_id=20190210115230101485&amount=999.9800&datetime=20190210115320&returncode=00&sign=BCE396C5A5047DA8474262FE08E93E2F&attach=1234|456
HTTP状态：200
返回：ok

【2019-02-10 11:54:40】
订单号：20190210115347985552
通知地址：http://xycz555.com/notify_url/42
通知报文：memberid=10035&orderid=2019021011534662818&transaction_id=20190210115347985552&amount=199.9800&datetime=20190210115439&returncode=00&sign=2B6C873FAD6D7F0AAA1117273FD40090&attach=1234|456
HTTP状态：200
返回：ok

【2019-02-10 11:55:05】
订单号：20190210115439102995
通知地址：http://xycz555.com/notify_url/42
通知报文：memberid=10035&orderid=2019021011543824274&transaction_id=20190210115439102995&amount=5000.0000&datetime=20190210115505&returncode=00&sign=8E62EEC42D5B1E5370ADFA984822355B&attach=1234|456
HTTP状态：200
返回：ok

【2019-02-10 11:55:07】
订单号：20190210115437100100
通知地址：http://xycz555.com/notify_url/42
通知报文：memberid=10035&orderid=2019021011543693659&transaction_id=20190210115437100100&amount=199.9700&datetime=20190210115506&returncode=00&sign=288CEB9243D652F9C2E10862F259A5F1&attach=1234|456
HTTP状态：200
返回：ok

【2019-02-10 11:55:59】
订单号：20190210115505574953
通知地址：http://xycz555.com/notify_url/42
通知报文：memberid=10035&orderid=2019021011550333907&transaction_id=20190210115505574953&amount=199.9600&datetime=20190210115559&returncode=00&sign=13CDFEB3327828A1BF2FA682F14CC4FD&attach=1234|456
HTTP状态：200
返回：ok

【2019-02-10 11:56:39】
订单号：20190210115526101489
通知地址：http://xycz555.com/notify_url/42
通知报文：memberid=10035&orderid=2019021011552401200&transaction_id=20190210115526101489&amount=199.9500&datetime=20190210115638&returncode=00&sign=962600A5338A293B5A048B47410B73AF&attach=1234|456
HTTP状态：200
返回：ok

【2019-02-10 11:59:07】
订单号：20190210115842505755
通知地址：http://xycz555.com/notify_url/42
通知报文：memberid=10035&orderid=2019021011584191470&transaction_id=20190210115842505755&amount=200.0000&datetime=20190210115901&returncode=00&sign=ED3DFB84AEB18ACAFB9D2F2A8B1B908E&attach=1234|456
HTTP状态：200
返回：ok

【2019-02-10 11:59:24】
订单号：20190210115857495798
通知地址：http://xycz555.com/notify_url/42
通知报文：memberid=10035&orderid=2019021011585685346&transaction_id=20190210115857495798&amount=3000.0000&datetime=20190210115924&returncode=00&sign=68B365D837FD59D059E944D9A8F8B61D&attach=1234|456
HTTP状态：200
返回：ok

【2019-02-10 11:59:43】
订单号：20190210115921579856
通知地址：http://xycz555.com/notify_url/42
通知报文：memberid=10035&orderid=2019021011592072135&transaction_id=20190210115921579856&amount=500.0000&datetime=20190210115943&returncode=00&sign=1B5E5640F95825D6FE1EEFE839F1DA48&attach=1234|456
HTTP状态：200
返回：ok

【2019-02-10 12:00:48】
订单号：20190210120004525248
通知地址：http://xycz555.com/notify_url/42
通知报文：memberid=10035&orderid=2019021012000307168&transaction_id=20190210120004525248&amount=499.9900&datetime=20190210120048&returncode=00&sign=0B17EE25EEF693071448121BA67E779A&attach=1234|456
HTTP状态：200
返回：ok

【2019-02-10 12:01:27】
订单号：20190210120054541011
通知地址：http://xycz555.com/notify_url/42
通知报文：memberid=10035&orderid=2019021012005379201&transaction_id=20190210120054541011&amount=299.9900&datetime=20190210120125&returncode=00&sign=6293BAFBBB542856442877ECA2E127AF&attach=1234|456
HTTP状态：200
返回：ok

【2019-02-10 12:01:33】
订单号：20190210120049495156
通知地址：http://xycz555.com/notify_url/42
通知报文：memberid=10035&orderid=2019021012004858822&transaction_id=20190210120049495156&amount=5000.0000&datetime=20190210120133&returncode=00&sign=ECE48D98065BA221EB60626E414D0CEB&attach=1234|456
HTTP状态：200
返回：ok

【2019-02-10 12:01:39】
订单号：20190210120116999710
通知地址：http://xycz555.com/notify_url/42
通知报文：memberid=10035&orderid=2019021012011530110&transaction_id=20190210120116999710&amount=1000.0000&datetime=20190210120139&returncode=00&sign=24ECFE25EE497608C0F751A7391055CE&attach=1234|456
HTTP状态：200
返回：ok

【2019-02-10 12:01:49】
订单号：20190210120122505751
通知地址：http://xycz555.com/notify_url/42
通知报文：memberid=10035&orderid=2019021012012104053&transaction_id=20190210120122505751&amount=199.9800&datetime=20190210120148&returncode=00&sign=72EC69832CF96331278D07093D8A7A21&attach=1234|456
HTTP状态：200
返回：ok

【2019-02-10 12:02:02】
订单号：20190210120138509757
通知地址：http://xycz555.com/notify_url/42
通知报文：memberid=10035&orderid=2019021012013715165&transaction_id=20190210120138509757&amount=299.9700&datetime=20190210120201&returncode=00&sign=190EDB55BF22948CEF3775BD154CA04B&attach=1234|456
HTTP状态：200
返回：ok

【2019-02-10 12:02:12】
订单号：20190210120136481005
通知地址：http://xycz555.com/notify_url/42
通知报文：memberid=10035&orderid=2019021012013655047&transaction_id=20190210120136481005&amount=299.9800&datetime=20190210120211&returncode=00&sign=78AC915D6FCC6748FF3DDDECAC28941B&attach=1234|456
HTTP状态：200
返回：ok

【2019-02-10 12:02:26】
订单号：20190210120153495110
通知地址：http://xycz555.com/notify_url/42
通知报文：memberid=10035&orderid=2019021012015241240&transaction_id=20190210120153495110&amount=999.9900&datetime=20190210120226&returncode=00&sign=B557B10DCA33DE99B6274F13A41851F3&attach=1234|456
HTTP状态：200
返回：ok

【2019-02-10 12:02:33】
订单号：20190210120152485510
通知地址：http://xycz555.com/notify_url/42
通知报文：memberid=10035&orderid=2019021012015189315&transaction_id=20190210120152485510&amount=299.9600&datetime=20190210120232&returncode=00&sign=1EE577231CE44A1BBC07B71FB03B26D3&attach=1234|456
HTTP状态：200
返回：ok

【2019-02-10 12:03:42】
订单号：20190210120317534950
通知地址：http://xycz555.com/notify_url/42
通知报文：memberid=10035&orderid=2019021012031585958&transaction_id=20190210120317534950&amount=999.9800&datetime=20190210120342&returncode=00&sign=8D7CBE10F53FCC2940CBF03B6CBE02B3&attach=1234|456
HTTP状态：200
返回：ok

【2019-02-10 12:05:37】
订单号：20190210120432489810
通知地址：http://xycz555.com/notify_url/42
通知报文：memberid=10035&orderid=2019021012043185604&transaction_id=20190210120432489810&amount=2000.0000&datetime=20190210120537&returncode=00&sign=3E592DF33C4930A52D5937F7D42C8FE1&attach=1234|456
HTTP状态：200
返回：ok

【2019-02-10 12:07:07】
订单号：20190210120625499898
通知地址：http://xycz555.com/notify_url/42
通知报文：memberid=10035&orderid=2019021012062521505&transaction_id=20190210120625499898&amount=199.9900&datetime=20190210120706&returncode=00&sign=56D2EC05335606BF6EE4C8CB28B06CFB&attach=1234|456
HTTP状态：200
返回：ok

【2019-02-10 12:08:12】
订单号：20190210120735555752
通知地址：http://xycz555.com/notify_url/42
通知报文：memberid=10035&orderid=2019021012073495796&transaction_id=20190210120735555752&amount=500.0000&datetime=20190210120812&returncode=00&sign=1B686AFF2E45C139D2205171AD4FD332&attach=1234|456
HTTP状态：200
返回：ok

【2019-02-10 12:08:46】
订单号：20190210120813100495
通知地址：http://xycz555.com/notify_url/42
通知报文：memberid=10035&orderid=2019021012081241245&transaction_id=20190210120813100495&amount=199.9800&datetime=20190210120845&returncode=00&sign=D04A4521073D3A374A7E5EF7118B3AD4&attach=1234|456
HTTP状态：200
返回：ok

【2019-02-10 12:09:12】
订单号：20190210120817495453
通知地址：http://xycz555.com/notify_url/42
通知报文：memberid=10035&orderid=2019021012081623925&transaction_id=20190210120817495453&amount=1999.9900&datetime=20190210120911&returncode=00&sign=C646907961EAD17DD1FB4E045DA4038A&attach=1234|456
HTTP状态：200
返回：ok

【2019-02-10 12:10:20】
订单号：20190210120837531005
通知地址：http://xycz555.com/notify_url/42
通知报文：memberid=10035&orderid=2019021012083798273&transaction_id=20190210120837531005&amount=1000.0000&datetime=20190210121018&returncode=00&sign=6C50BE4E2843212901D86ACE70AB4D64&attach=1234|456
HTTP状态：200
返回：ok

【2019-02-10 12:11:22】
订单号：20190210121053100979
通知地址：http://xycz555.com/notify_url/42
通知报文：memberid=10035&orderid=2019021012105270440&transaction_id=20190210121053100979&amount=999.9900&datetime=20190210121121&returncode=00&sign=34EF9C5A955FC05DAD531089FE0603E5&attach=1234|456
HTTP状态：200
返回：ok

【2019-02-10 12:11:22】
订单号：20190210121039102504
通知地址：http://xycz555.com/notify_url/42
通知报文：memberid=10035&orderid=2019021012103866946&transaction_id=20190210121039102504&amount=499.9800&datetime=20190210121121&returncode=00&sign=9EEDF43D90FFD61A1AA9769813607C68&attach=1234|456
HTTP状态：200
返回：ok

【2019-02-10 12:11:39】
订单号：20190210121058505150
通知地址：http://xycz555.com/notify_url/42
通知报文：memberid=10035&orderid=2019021012105585290&transaction_id=20190210121058505150&amount=499.9700&datetime=20190210121138&returncode=00&sign=56C15B826F7D7E9A38C2CB54EDE72F95&attach=1234|456
HTTP状态：200
返回：ok

【2019-02-10 12:12:35】
订单号：20190210121139985249
通知地址：http://xycz555.com/notify_url/42
通知报文：memberid=10035&orderid=2019021012113895971&transaction_id=20190210121139985249&amount=499.9600&datetime=20190210121225&returncode=00&sign=209BC7AC3678CDE4E00CFD39B60E981A&attach=1234|456
HTTP状态：0
返回：

【2019-02-10 12:12:58】
订单号：20190210121234505710
通知地址：http://xycz555.com/notify_url/42
通知报文：memberid=10035&orderid=2019021012123354834&transaction_id=20190210121234505710&amount=3000.0000&datetime=20190210121257&returncode=00&sign=857FB0D261872EF76856230631DF21F3&attach=1234|456
HTTP状态：200
返回：ok

【2019-02-10 12:13:37】
订单号：20190210121139985249
通知地址：http://xycz555.com/notify_url/42
通知报文：memberid=10035&orderid=2019021012113895971&transaction_id=20190210121139985249&amount=499.9600&datetime=20190210121335&returncode=00&sign=7A830C2D2E3B88092639878BFC097990&attach=1234|456
HTTP状态：200
返回：ok

【2019-02-10 12:14:11】
订单号：20190210121348995798
通知地址：http://xycz555.com/notify_url/42
通知报文：memberid=10035&orderid=2019021012134759681&transaction_id=20190210121348995798&amount=1000.0000&datetime=20190210121411&returncode=00&sign=E5E037462C8A80EDBA49D4A588A3C58B&attach=1234|456
HTTP状态：200
返回：ok

【2019-02-10 12:15:46】
订单号：20190210121520569948
通知地址：http://xycz555.com/notify_url/42
通知报文：memberid=10035&orderid=2019021012152036941&transaction_id=20190210121520569948&amount=500.0000&datetime=20190210121546&returncode=00&sign=EAAA4BAE822E9C42126A69AC95EA95F8&attach=1234|456
HTTP状态：200
返回：ok

【2019-02-10 12:16:36】
订单号：20190210121617495451
通知地址：http://xycz555.com/notify_url/42
通知报文：memberid=10035&orderid=2019021012161699060&transaction_id=20190210121617495451&amount=300.0000&datetime=20190210121635&returncode=00&sign=2210149083BFB5D5E98F22F9B62203FE&attach=1234|456
HTTP状态：200
返回：ok

【2019-02-10 12:19:33】
订单号：20190210121903551005
通知地址：http://xycz555.com/notify_url/42
通知报文：memberid=10035&orderid=2019021012190227125&transaction_id=20190210121903551005&amount=199.9900&datetime=20190210121932&returncode=00&sign=4857528B1F6C946154866550C913B2A3&attach=1234|456
HTTP状态：200
返回：ok

【2019-02-10 12:20:07】
订单号：20190210121751102511
通知地址：http://xycz555.com/notify_url/42
通知报文：memberid=10035&orderid=2019021012175006302&transaction_id=20190210121751102511&amount=200.0000&datetime=20190210122006&returncode=00&sign=4C294E828A167D0E202D4F91DF116A11&attach=1234|456
HTTP状态：200
返回：ok

【2019-02-10 12:22:00】
订单号：20190210121919555610
通知地址：http://xycz555.com/notify_url/42
通知报文：memberid=10035&orderid=2019021012191834766&transaction_id=20190210121919555610&amount=199.9800&datetime=20190210122159&returncode=00&sign=CA2FD97385BB6EE386822E253AFF4A24&attach=1234|456
HTTP状态：200
返回：ok

【2019-02-10 12:22:48】
订单号：20190210122226505056
通知地址：http://xycz555.com/notify_url/42
通知报文：memberid=10035&orderid=2019021012222521250&transaction_id=20190210122226505056&amount=5000.0000&datetime=20190210122248&returncode=00&sign=C45B5407B81853CC37FA7FA60DB40175&attach=1234|456
HTTP状态：200
返回：ok

【2019-02-10 12:24:56】
订单号：20190210122420525610
通知地址：http://xycz555.com/notify_url/42
通知报文：memberid=10035&orderid=2019021012241985469&transaction_id=20190210122420525610&amount=200.0000&datetime=20190210122455&returncode=00&sign=E23696E22BD63EC29EC12582DCA8BED9&attach=1234|456
HTTP状态：200
返回：ok

【2019-02-10 12:25:21】
订单号：20190210122440564952
通知地址：http://xycz555.com/notify_url/42
通知报文：memberid=10035&orderid=2019021012243950752&transaction_id=20190210122440564952&amount=199.9900&datetime=20190210122520&returncode=00&sign=9DC5E2792A179EEEC54F2FC9184D6612&attach=1234|456
HTTP状态：200
返回：ok

【2019-02-10 12:25:52】
订单号：20190210122524525799
通知地址：http://xycz555.com/notify_url/42
通知报文：memberid=10035&orderid=2019021012252303425&transaction_id=20190210122524525799&amount=1000.0000&datetime=20190210122551&returncode=00&sign=C96ACD64BE4A567D5E8A95234B18FE49&attach=1234|456
HTTP状态：200
返回：ok

【2019-02-10 12:26:01】
订单号：20190210122504485599
通知地址：http://xycz555.com/notify_url/42
通知报文：memberid=10035&orderid=2019021012250272112&transaction_id=20190210122504485599&amount=200.0000&datetime=20190210122601&returncode=00&sign=8FD69DB8F73B4D522AC87EF13507B06A&attach=1234|456
HTTP状态：200
返回：ok

【2019-02-10 12:26:34】
订单号：20190210122613539850
通知地址：http://xycz555.com/notify_url/42
通知报文：memberid=10035&orderid=2019021012261353357&transaction_id=20190210122613539850&amount=300.0000&datetime=20190210122634&returncode=00&sign=0D5D7617CE8FA1D7A21F2C33F9E78BE3&attach=1234|456
HTTP状态：200
返回：ok

【2019-02-10 12:29:07】
订单号：20190210122839554851
通知地址：http://xycz555.com/notify_url/42
通知报文：memberid=10035&orderid=2019021012283873151&transaction_id=20190210122839554851&amount=3000.0000&datetime=20190210122907&returncode=00&sign=0E9B8DFEAF0CF0B19AC3C1F5E95DE03A&attach=1234|456
HTTP状态：200
返回：ok

【2019-02-10 12:30:55】
订单号：20190210122953499849
通知地址：http://xycz555.com/notify_url/42
通知报文：memberid=10035&orderid=2019021012295270715&transaction_id=20190210122953499849&amount=500.0000&datetime=20190210123054&returncode=00&sign=2893D92436AB10F90D666926E56006BC&attach=1234|456
HTTP状态：200
返回：ok

【2019-02-10 12:30:56】
订单号：20190210122823555257
通知地址：http://xycz555.com/notify_url/42
通知报文：memberid=10035&orderid=2019021012282281846&transaction_id=20190210122823555257&amount=1000.0000&datetime=20190210123056&returncode=00&sign=840822E4895548D9997DB33B624E2AAE&attach=1234|456
HTTP状态：200
返回：ok

【2019-02-10 12:32:00】
订单号：20190210123109100985
通知地址：http://xycz555.com/notify_url/42
通知报文：memberid=10035&orderid=2019021012310819463&transaction_id=20190210123109100985&amount=500.0000&datetime=20190210123159&returncode=00&sign=5D6B09911F588FA9047D83C477B0CD94&attach=1234|456
HTTP状态：200
返回：ok

【2019-02-10 12:32:22】
订单号：20190210123016564955
通知地址：http://xycz555.com/notify_url/42
通知报文：memberid=10035&orderid=2019021012301539362&transaction_id=20190210123016564955&amount=2000.0000&datetime=20190210123221&returncode=00&sign=5F9AB65B45A3FC3A3398C9AE3DE40624&attach=1234|456
HTTP状态：200
返回：ok

【2019-02-10 12:33:31】
订单号：20190210123303102565
通知地址：https://www.htcp19.com/notify_url/29
通知报文：memberid=10043&orderid=2019021012330239599&transaction_id=20190210123303102565&amount=1000.0000&datetime=20190210123331&returncode=00&sign=D827112352C8CE451367000B11AD17A7&attach=1234|456
HTTP状态：200
返回：ok

【2019-02-10 12:33:35】
订单号：20190210123301100981
通知地址：http://xycz555.com/notify_url/42
通知报文：memberid=10035&orderid=2019021012330035912&transaction_id=20190210123301100981&amount=499.9900&datetime=20190210123335&returncode=00&sign=1239A094429A17C1A6019F72B7CEC1CC&attach=1234|456
HTTP状态：200
返回：ok

【2019-02-10 12:34:26】
订单号：20190210121525100525
通知地址：http://xycz555.com/notify_url/42
通知报文：memberid=10035&orderid=2019021012152420340&transaction_id=20190210121525100525&amount=200.0000&datetime=20190210123425&returncode=00&sign=55261C0E436EDA0DBC512CF2A066B5B4&attach=1234|456
HTTP状态：200
返回：ok

【2019-02-10 12:34:38】
订单号：20190210123413534952
通知地址：http://xycz555.com/notify_url/42
通知报文：memberid=10035&orderid=2019021012341203638&transaction_id=20190210123413534952&amount=499.9900&datetime=20190210123437&returncode=00&sign=443E41690F0724CCFCB6C6938FE1EBF8&attach=1234|456
HTTP状态：200
返回：ok

【2019-02-10 12:36:36】
订单号：20190210123611985656
通知地址：http://xycz555.com/notify_url/42
通知报文：memberid=10035&orderid=2019021012361057873&transaction_id=20190210123611985656&amount=300.0000&datetime=20190210123636&returncode=00&sign=E13EC3E98DB7B680FE3C730B211A2F2D&attach=1234|456
HTTP状态：200
返回：ok

【2019-02-10 12:37:57】
订单号：20190210123737495256
通知地址：http://xycz555.com/notify_url/42
通知报文：memberid=10035&orderid=2019021012373659808&transaction_id=20190210123737495256&amount=1000.0000&datetime=20190210123757&returncode=00&sign=A5286A7E7CE8B8D6F70F71B9856D6185&attach=1234|456
HTTP状态：200
返回：ok

【2019-02-10 12:38:14】
订单号：20190210123751102509
通知地址：http://xycz555.com/notify_url/42
通知报文：memberid=10035&orderid=2019021012375002907&transaction_id=20190210123751102509&amount=200.0000&datetime=20190210123813&returncode=00&sign=B2BB43C24B566533374B0716BEB9D121&attach=1234|456
HTTP状态：200
返回：ok

【2019-02-10 12:38:39】
订单号：20190210123759559857
通知地址：http://xycz555.com/notify_url/42
通知报文：memberid=10035&orderid=2019021012375802833&transaction_id=20190210123759559857&amount=200.0000&datetime=20190210123838&returncode=00&sign=12C526C3AD701D02B54F7D9585C9F5A2&attach=1234|456
HTTP状态：200
返回：ok

【2019-02-10 12:39:23】
订单号：20190210123858501004
通知地址：http://xycz555.com/notify_url/42
通知报文：memberid=10035&orderid=2019021012385838789&transaction_id=20190210123858501004&amount=2000.0000&datetime=20190210123922&returncode=00&sign=58133C2B171CC78338131C0235F53E23&attach=1234|456
HTTP状态：200
返回：ok

【2019-02-10 12:40:04】
订单号：20190210123936565797
通知地址：http://xycz555.com/notify_url/42
通知报文：memberid=10035&orderid=2019021012393506980&transaction_id=20190210123936565797&amount=500.0000&datetime=20190210124003&returncode=00&sign=6FAFEBD72B07CF7DAB4C8E1963A58B59&attach=1234|456
HTTP状态：200
返回：ok

【2019-02-10 12:41:40】
订单号：20190210124113579951
通知地址：http://xycz555.com/notify_url/42
通知报文：memberid=10035&orderid=2019021012411216835&transaction_id=20190210124113579951&amount=299.9900&datetime=20190210124139&returncode=00&sign=577F696825A7D2634B2DF4217C99105A&attach=1234|456
HTTP状态：200
返回：ok

【2019-02-10 12:41:50】
订单号：20190210124115985748
通知地址：http://xycz555.com/notify_url/42
通知报文：memberid=10035&orderid=2019021012411424218&transaction_id=20190210124115985748&amount=499.9900&datetime=20190210124147&returncode=00&sign=7041410C9EFB4B67DA6183E9D72D6783&attach=1234|456
HTTP状态：200
返回：ok

【2019-02-10 12:41:52】
订单号：20190210124056561005
通知地址：http://xycz555.com/notify_url/42
通知报文：memberid=10035&orderid=2019021012405546120&transaction_id=20190210124056561005&amount=500.0000&datetime=20190210124151&returncode=00&sign=FBAE6B34F9C2571A107B202437100342&attach=1234|456
HTTP状态：200
返回：ok

【2019-02-10 12:42:40】
订单号：20190210124218975310
通知地址：http://xycz555.com/notify_url/42
通知报文：memberid=10035&orderid=2019021012421781638&transaction_id=20190210124218975310&amount=3000.0000&datetime=20190210124237&returncode=00&sign=20BCD9F2FDE5BFCA830E15E5DF94C427&attach=1234|456
HTTP状态：200
返回：ok

【2019-02-10 12:42:42】
订单号：20190210124155515199
通知地址：http://xycz555.com/notify_url/42
通知报文：memberid=10035&orderid=2019021012415471765&transaction_id=20190210124155515199&amount=999.9800&datetime=20190210124241&returncode=00&sign=210FFB9462685BFC54826A61F8EE1279&attach=1234|456
HTTP状态：200
返回：ok

【2019-02-10 12:42:50】
订单号：20190210124225495210
通知地址：http://xycz555.com/notify_url/42
通知报文：memberid=10035&orderid=2019021012422420901&transaction_id=20190210124225495210&amount=1999.9900&datetime=20190210124249&returncode=00&sign=0CC82EA0FF0558DAA40A3E904391CF66&attach=1234|456
HTTP状态：200
返回：ok

【2019-02-10 12:43:23】
订单号：20190210124302545156
通知地址：http://xycz555.com/notify_url/42
通知报文：memberid=10035&orderid=2019021012430128541&transaction_id=20190210124302545156&amount=1000.0000&datetime=20190210124322&returncode=00&sign=F9214647EA3A47D89017A2C1181A9821&attach=1234|456
HTTP状态：200
返回：ok

【2019-02-10 12:43:38】
订单号：20190210124316525110
通知地址：http://xycz555.com/notify_url/42
通知报文：memberid=10035&orderid=2019021012431502648&transaction_id=20190210124316525110&amount=200.0000&datetime=20190210124336&returncode=00&sign=35333E77F54370A313C7D26F05360BC8&attach=1234|456
HTTP状态：200
返回：ok

【2019-02-10 12:45:03】
订单号：20190210124429100499
通知地址：http://xycz555.com/notify_url/42
通知报文：memberid=10035&orderid=2019021012442840608&transaction_id=20190210124429100499&amount=199.9700&datetime=20190210124502&returncode=00&sign=4AC9B2CA9358EE67D28D317E1F53D02A&attach=1234|456
HTTP状态：200
返回：ok

【2019-02-10 12:46:36】
订单号：20190210124612525210
通知地址：http://xycz555.com/notify_url/42
通知报文：memberid=10035&orderid=2019021012461189902&transaction_id=20190210124612525210&amount=999.9900&datetime=20190210124635&returncode=00&sign=26D8EB064E17004EB2822008EDD56F49&attach=1234|456
HTTP状态：200
返回：ok

【2019-02-10 12:47:44】
订单号：20190210124656484953
通知地址：http://xycz555.com/notify_url/42
通知报文：memberid=10035&orderid=2019021012465529280&transaction_id=20190210124656484953&amount=299.9500&datetime=20190210124742&returncode=00&sign=D2DD38D74A3CC7B5B850F939DAAA2CEF&attach=1234|456
HTTP状态：200
返回：ok

【2019-02-10 12:48:21】
订单号：20190210124626509898
通知地址：http://xycz555.com/notify_url/42
通知报文：memberid=10035&orderid=2019021012462682903&transaction_id=20190210124626509898&amount=2999.9900&datetime=20190210124821&returncode=00&sign=FAF7F2B71BC33A70383B016A32AE3572&attach=1234|456
HTTP状态：200
返回：ok

【2019-02-10 12:48:53】
订单号：20190210124801495752
通知地址：http://xycz555.com/notify_url/42
通知报文：memberid=10035&orderid=2019021012480088857&transaction_id=20190210124801495752&amount=299.9600&datetime=20190210124852&returncode=00&sign=CEA35ED4A9CC92CED4F89690E12BC419&attach=1234|456
HTTP状态：200
返回：ok

【2019-02-10 12:49:42】
订单号：20190210124911555751
通知地址：http://xycz555.com/notify_url/42
通知报文：memberid=10035&orderid=2019021012491077631&transaction_id=20190210124911555751&amount=999.9600&datetime=20190210124941&returncode=00&sign=E14B2E342EE0E18DBFC5E93CC2658F43&attach=1234|456
HTTP状态：200
返回：ok

【2019-02-10 12:54:21】
订单号：20190210125359555749
通知地址：http://xycz555.com/notify_url/42
通知报文：memberid=10035&orderid=2019021012535810366&transaction_id=20190210125359555749&amount=299.9600&datetime=20190210125420&returncode=00&sign=068AF6F66041713AD6C1A7D23E003573&attach=1234|456
HTTP状态：200
返回：ok

【2019-02-10 12:55:36】
订单号：20190210125443515310
通知地址：http://xycz555.com/notify_url/42
通知报文：memberid=10035&orderid=2019021012544276514&transaction_id=20190210125443515310&amount=200.0000&datetime=20190210125534&returncode=00&sign=C874C5F0C91F37534EB42A706890CD65&attach=1234|456
HTTP状态：200
返回：ok

【2019-02-10 12:55:36】
订单号：20190210125509100100
通知地址：http://xycz555.com/notify_url/42
通知报文：memberid=10035&orderid=2019021012550864809&transaction_id=20190210125509100100&amount=199.9900&datetime=20190210125536&returncode=00&sign=24068030B4D58CA4A7C515627EE2FED0&attach=1234|456
HTTP状态：200
返回：ok

【2019-02-10 12:55:56】
订单号：20190210125527102981
通知地址：http://xycz555.com/notify_url/42
通知报文：memberid=10035&orderid=2019021012552614809&transaction_id=20190210125527102981&amount=199.9800&datetime=20190210125555&returncode=00&sign=F8FF4913EB0FAB15AE326454BA92339B&attach=1234|456
HTTP状态：200
返回：ok

【2019-02-10 12:57:30】
订单号：20190210125652525510
通知地址：http://xycz555.com/notify_url/42
通知报文：memberid=10035&orderid=2019021012565149690&transaction_id=20190210125652525510&amount=199.9700&datetime=20190210125729&returncode=00&sign=0DA938C74FA73A9391F2FF5B97E0DB8D&attach=1234|456
HTTP状态：200
返回：ok

【2019-02-10 12:58:10】
订单号：20190210125729579797
通知地址：http://xycz555.com/notify_url/42
通知报文：memberid=10035&orderid=2019021012572943479&transaction_id=20190210125729579797&amount=499.9800&datetime=20190210125810&returncode=00&sign=7AA9535635137BEFD6A714A66C333B57&attach=1234|456
HTTP状态：200
返回：ok

【2019-02-10 12:58:14】
订单号：20190210125738505455
通知地址：http://xycz555.com/notify_url/42
通知报文：memberid=10035&orderid=2019021012573725129&transaction_id=20190210125738505455&amount=199.9500&datetime=20190210125813&returncode=00&sign=2D8FAB1E4EB5CF9B6A862095047F4E79&attach=1234|456
HTTP状态：200
返回：ok

【2019-02-10 12:58:30】
订单号：20190210125811515355
通知地址：http://xycz555.com/notify_url/42
通知报文：memberid=10035&orderid=2019021012581055415&transaction_id=20190210125811515355&amount=4999.9900&datetime=20190210125830&returncode=00&sign=C6C7FD889403FC6D8480E20E0A6A416F&attach=1234|456
HTTP状态：200
返回：ok

【2019-02-10 12:58:32】
订单号：20190210125808484910
通知地址：http://xycz555.com/notify_url/42
通知报文：memberid=10035&orderid=2019021012580798416&transaction_id=20190210125808484910&amount=5000.0000&datetime=20190210125832&returncode=00&sign=F2078C649282772C8F7B0FA41C6D6D01&attach=1234|456
HTTP状态：200
返回：ok

【2019-02-10 12:58:32】
订单号：20190210125754505510
通知地址：http://xycz555.com/notify_url/42
通知报文：memberid=10035&orderid=2019021012575371160&transaction_id=20190210125754505510&amount=299.9700&datetime=20190210125831&returncode=00&sign=3785F9AC5BDFCC3846CE95318A1B4CC4&attach=1234|456
HTTP状态：200
返回：ok

【2019-02-10 12:59:05】
订单号：20190210125752484957
通知地址：https://www.htcp19.com/notify_url/29
通知报文：memberid=10043&orderid=2019021012575132460&transaction_id=20190210125752484957&amount=1000.0000&datetime=20190210125903&returncode=00&sign=E256C15CF9DA3853CC031BF3C41A6FBE&attach=1234|456
HTTP状态：200
返回：ok

【2019-02-10 12:59:21】
订单号：20190210125847555651
通知地址：http://xycz555.com/notify_url/42
通知报文：memberid=10035&orderid=2019021012584688210&transaction_id=20190210125847555651&amount=1000.0000&datetime=20190210125921&returncode=00&sign=93E7DCD5BCAB6914FE580973BA4666C9&attach=1234|456
HTTP状态：200
返回：ok

【2019-02-10 12:59:57】
订单号：20190210125931515310
通知地址：http://xycz555.com/notify_url/42
通知报文：memberid=10035&orderid=2019021012593043113&transaction_id=20190210125931515310&amount=299.9600&datetime=20190210125957&returncode=00&sign=A01DC3AE03A784CCF31AA414B8C69642&attach=1234|456
HTTP状态：200
返回：ok

【2019-02-10 13:00:06】
订单号：20190210125938974950
通知地址：http://xycz555.com/notify_url/42
通知报文：memberid=10035&orderid=2019021012593773411&transaction_id=20190210125938974950&amount=199.9300&datetime=20190210130006&returncode=00&sign=1CFA9CA876041A12160674D4B1744F9E&attach=1234|456
HTTP状态：200
返回：ok

【2019-02-10 13:00:23】
订单号：20190210125941100981
通知地址：http://xycz555.com/notify_url/42
通知报文：memberid=10035&orderid=2019021012594096930&transaction_id=20190210125941100981&amount=499.9700&datetime=20190210130023&returncode=00&sign=72BAA1C56FE12973720B948321E34681&attach=1234|456
HTTP状态：200
返回：ok

【2019-02-10 13:00:25】
订单号：20190210125946509750
通知地址：http://xycz555.com/notify_url/42
通知报文：memberid=10035&orderid=2019021012594539189&transaction_id=20190210125946509750&amount=200.0000&datetime=20190210130025&returncode=00&sign=78068441E55B8D7FB641D6887B1FFEE9&attach=1234|456
HTTP状态：200
返回：ok

【2019-02-10 13:00:58】
订单号：20190210130039555056
通知地址：http://xycz555.com/notify_url/42
通知报文：memberid=10035&orderid=2019021013003890918&transaction_id=20190210130039555056&amount=299.9100&datetime=20190210130057&returncode=00&sign=C08E108FC1E2D7FB31E657996FB87F7C&attach=1234|456
HTTP状态：200
返回：ok

【2019-02-10 13:01:00】
订单号：20190210130038544849
通知地址：http://xycz555.com/notify_url/42
通知报文：memberid=10035&orderid=2019021013003797609&transaction_id=20190210130038544849&amount=2000.0000&datetime=20190210130100&returncode=00&sign=0FAE907450C953687535FFD821719410&attach=1234|456
HTTP状态：200
返回：ok

【2019-02-10 13:01:17】
订单号：20190210130040561015
通知地址：http://xycz555.com/notify_url/42
通知报文：memberid=10035&orderid=2019021013003962465&transaction_id=20190210130040561015&amount=499.9500&datetime=20190210130116&returncode=00&sign=465AF051C9364735DF5EB55BAF3CC257&attach=1234|456
HTTP状态：200
返回：ok

【2019-02-10 13:01:19】
订单号：20190210130048485448
通知地址：http://xycz555.com/notify_url/42
通知报文：memberid=10035&orderid=2019021013004728154&transaction_id=20190210130048485448&amount=199.9200&datetime=20190210130118&returncode=00&sign=F2A5D5BC68BF1450C039FD675EE9416A&attach=1234|456
HTTP状态：200
返回：ok

【2019-02-10 13:01:26】
订单号：20190210130041575310
通知地址：http://xycz555.com/notify_url/42
通知报文：memberid=10035&orderid=2019021013004025172&transaction_id=20190210130041575310&amount=299.9000&datetime=20190210130125&returncode=00&sign=A12B7940251D6D84AAA02F11084387E8&attach=1234|456
HTTP状态：200
返回：ok

【2019-02-10 13:02:31】
订单号：20190210130152485256
通知地址：http://xycz555.com/notify_url/42
通知报文：memberid=10035&orderid=2019021013015111020&transaction_id=20190210130152485256&amount=199.9000&datetime=20190210130230&returncode=00&sign=3C63B8A4BFDD658CC2E4ACE87D0B6E0A&attach=1234|456
HTTP状态：200
返回：ok

【2019-02-10 13:02:35】
订单号：20190210130203989810
通知地址：http://xycz555.com/notify_url/42
通知报文：memberid=10035&orderid=2019021013020296624&transaction_id=20190210130203989810&amount=199.9700&datetime=20190210130235&returncode=00&sign=E8E897D16EE3B237C742DB1B52A6B445&attach=1234|456
HTTP状态：200
返回：ok

【2019-02-10 13:02:45】
订单号：20190210130216565551
通知地址：http://xycz555.com/notify_url/42
通知报文：memberid=10035&orderid=2019021013021536125&transaction_id=20190210130216565551&amount=499.9300&datetime=20190210130245&returncode=00&sign=15782D48E49411B2A2D22BD2A3D2E715&attach=1234|456
HTTP状态：200
返回：ok

【2019-02-10 13:04:54】
订单号：20190210130355984953
通知地址：http://xycz555.com/notify_url/42
通知报文：memberid=10035&orderid=2019021013035368966&transaction_id=20190210130355984953&amount=499.9800&datetime=20190210130454&returncode=00&sign=82B58868E6D9CB440F83C41C72859B6A&attach=1234|456
HTTP状态：200
返回：ok

【2019-02-10 13:05:18】
订单号：20190210130453539956
通知地址：http://xycz555.com/notify_url/42
通知报文：memberid=10035&orderid=2019021013045226230&transaction_id=20190210130453539956&amount=299.9600&datetime=20190210130517&returncode=00&sign=893EF971BBBAD2DA7FC42C24991C8614&attach=1234|456
HTTP状态：200
返回：ok

【2019-02-10 13:05:18】
订单号：20190210130448485150
通知地址：http://xycz555.com/notify_url/42
通知报文：memberid=10035&orderid=2019021013044744002&transaction_id=20190210130448485150&amount=499.9700&datetime=20190210130517&returncode=00&sign=FFEB24AFD83497A3926E190CCDBBA496&attach=1234|456
HTTP状态：200
返回：ok

【2019-02-10 13:06:11】
订单号：20190210130424565497
通知地址：http://xycz555.com/notify_url/42
通知报文：memberid=10035&orderid=2019021013042349425&transaction_id=20190210130424565497&amount=1999.9900&datetime=20190210130608&returncode=00&sign=103C77780C14F086619DCEC3F9C0AD95&attach=1234|456
HTTP状态：200
返回：ok

【2019-02-10 13:06:31】
订单号：20190210130559551005
通知地址：http://xycz555.com/notify_url/42
通知报文：memberid=10035&orderid=2019021013055806065&transaction_id=20190210130559551005&amount=499.9600&datetime=20190210130631&returncode=00&sign=E47159C9B5C64226A389AFA8A65EBE95&attach=1234|456
HTTP状态：200
返回：ok

【2019-02-10 13:07:32】
订单号：20190210130650971015
通知地址：http://xycz555.com/notify_url/42
通知报文：memberid=10035&orderid=2019021013065068943&transaction_id=20190210130650971015&amount=200.0000&datetime=20190210130731&returncode=00&sign=48CC70180920D58EAFC279EBB250EC3B&attach=1234|456
HTTP状态：200
返回：ok

【2019-02-10 13:07:41】
订单号：20190210130710101485
通知地址：http://xycz555.com/notify_url/42
通知报文：memberid=10035&orderid=2019021013070990045&transaction_id=20190210130710101485&amount=499.9900&datetime=20190210130741&returncode=00&sign=2FAFC3BA3F977BD13C9D601EAA2A42FE&attach=1234|456
HTTP状态：200
返回：ok

【2019-02-10 13:07:54】
订单号：20190210130729495655
通知地址：http://xycz555.com/notify_url/42
通知报文：memberid=10035&orderid=2019021013072868607&transaction_id=20190210130729495655&amount=1999.9800&datetime=20190210130753&returncode=00&sign=FD919AF461C6D0C97796954524FCEF1A&attach=1234|456
HTTP状态：200
返回：ok

【2019-02-10 13:08:39】
订单号：20190210130759102509
通知地址：http://xycz555.com/notify_url/42
通知报文：memberid=10035&orderid=2019021013075887461&transaction_id=20190210130759102509&amount=999.9900&datetime=20190210130838&returncode=00&sign=535216285DF304E679A922B1A34E0BDD&attach=1234|456
HTTP状态：200
返回：ok

【2019-02-10 13:09:06】
订单号：20190210130831102991
通知地址：http://xycz555.com/notify_url/42
通知报文：memberid=10035&orderid=2019021013083076379&transaction_id=20190210130831102991&amount=199.9700&datetime=20190210130905&returncode=00&sign=1585B248E49B4FF2C5B34087048067F7&attach=1234|456
HTTP状态：200
返回：ok

【2019-02-10 13:09:47】
订单号：20190210130906505155
通知地址：http://xycz555.com/notify_url/42
通知报文：memberid=10035&orderid=2019021013090539488&transaction_id=20190210130906505155&amount=1000.0000&datetime=20190210130946&returncode=00&sign=2C83AF4A97DF34C63E8692B2E7577895&attach=1234|456
HTTP状态：200
返回：ok

【2019-02-10 13:09:59】
订单号：20190210130931981009
通知地址：http://xycz555.com/notify_url/42
通知报文：memberid=10035&orderid=2019021013093025292&transaction_id=20190210130931981009&amount=999.9800&datetime=20190210130958&returncode=00&sign=08B4CB00370F898720A9DCE677BD118D&attach=1234|456
HTTP状态：200
返回：ok

【2019-02-10 13:10:12】
订单号：20190210130949100481
通知地址：http://xycz555.com/notify_url/42
通知报文：memberid=10035&orderid=2019021013094713799&transaction_id=20190210130949100481&amount=3000.0000&datetime=20190210131011&returncode=00&sign=ED3465629A8BC0BF3E0E503B78BCFDF3&attach=1234|456
HTTP状态：200
返回：ok

【2019-02-10 13:10:24】
订单号：20190210130951102509
通知地址：http://xycz555.com/notify_url/42
通知报文：memberid=10035&orderid=2019021013095083616&transaction_id=20190210130951102509&amount=300.0000&datetime=20190210131024&returncode=00&sign=D83CB0844E3CC91789D872B2D34DEBDE&attach=1234|456
HTTP状态：200
返回：ok

【2019-02-10 13:10:32】
订单号：20190210131005100985
通知地址：http://xycz555.com/notify_url/42
通知报文：memberid=10035&orderid=2019021013100446603&transaction_id=20190210131005100985&amount=199.9400&datetime=20190210131031&returncode=00&sign=E55865D869BC314E38EF77420420C525&attach=1234|456
HTTP状态：200
返回：ok

【2019-02-10 13:10:59】
订单号：20190210131022101100
通知地址：http://xycz555.com/notify_url/42
通知报文：memberid=10035&orderid=2019021013102142598&transaction_id=20190210131022101100&amount=999.9600&datetime=20190210131057&returncode=00&sign=44F02F7E30E9F1F765265818C37D3794&attach=1234|456
HTTP状态：200
返回：ok

【2019-02-10 13:11:24】
订单号：20190210130835511014
通知地址：http://xycz555.com/notify_url/42
通知报文：memberid=10035&orderid=2019021013083481505&transaction_id=20190210130835511014&amount=5000.0000&datetime=20190210131123&returncode=00&sign=2C2DF058A260A96706A96676AEE20334&attach=1234|456
HTTP状态：200
返回：ok

【2019-02-10 13:11:31】
订单号：20190210131114505710
通知地址：http://xycz555.com/notify_url/42
通知报文：memberid=10035&orderid=2019021013111353953&transaction_id=20190210131114505710&amount=299.9900&datetime=20190210131130&returncode=00&sign=FBFB934FD1F6E46F77172246FACB325F&attach=1234|456
HTTP状态：200
返回：ok

【2019-02-10 13:13:21】
订单号：20190210131257574910
通知地址：http://xycz555.com/notify_url/42
通知报文：memberid=10035&orderid=2019021013125531316&transaction_id=20190210131257574910&amount=200.0000&datetime=20190210131320&returncode=00&sign=6D4B664586638A04E7FD0F279C1FC49B&attach=1234|456
HTTP状态：200
返回：ok

【2019-02-10 13:13:31】
订单号：20190210131251515151
通知地址：http://xycz555.com/notify_url/42
通知报文：memberid=10035&orderid=2019021013124952959&transaction_id=20190210131251515151&amount=499.9900&datetime=20190210131330&returncode=00&sign=32FFBC3AF03D4B4A3FCA025762E49246&attach=1234|456
HTTP状态：200
返回：ok

【2019-02-10 13:13:54】
订单号：20190210131305495398
通知地址：http://xycz555.com/notify_url/42
通知报文：memberid=10035&orderid=2019021013130441807&transaction_id=20190210131305495398&amount=299.9800&datetime=20190210131354&returncode=00&sign=73D354D0E04F48928F86162291B9ED99&attach=1234|456
HTTP状态：200
返回：ok

【2019-02-10 13:14:11】
订单号：20190210131336485510
通知地址：http://xycz555.com/notify_url/42
通知报文：memberid=10035&orderid=2019021013133517671&transaction_id=20190210131336485510&amount=299.9500&datetime=20190210131409&returncode=00&sign=BE1821ECF80D3826955E32A1D0099F01&attach=1234|456
HTTP状态：200
返回：ok

【2019-02-10 13:14:12】
订单号：20190210131351102559
通知地址：http://xycz555.com/notify_url/42
通知报文：memberid=10035&orderid=2019021013124319642&transaction_id=20190210131351102559&amount=499.9600&datetime=20190210131410&returncode=00&sign=28F951D3C6D6E9580D25A7C838E4F94E&attach=1234|456
HTTP状态：200
返回：ok

【2019-02-10 13:15:37】
订单号：20190210131457494810
通知地址：http://xycz555.com/notify_url/42
通知报文：memberid=10035&orderid=2019021013145603543&transaction_id=20190210131457494810&amount=300.0000&datetime=20190210131536&returncode=00&sign=C31133A2710EF8D4C44A592BCC957650&attach=1234|456
HTTP状态：200
返回：ok

【2019-02-10 13:16:49】
订单号：20190210131616485797
通知地址：http://xycz555.com/notify_url/42
通知报文：memberid=10035&orderid=2019021013161558168&transaction_id=20190210131616485797&amount=999.9900&datetime=20190210131648&returncode=00&sign=752E8DA666ADF857D30DE6482E562B7E&attach=1234|456
HTTP状态：200
返回：ok

【2019-02-10 13:17:51】
订单号：20190210131638549810
通知地址：http://xycz555.com/notify_url/42
通知报文：memberid=10035&orderid=2019021013163765786&transaction_id=20190210131638549810&amount=199.9600&datetime=20190210131750&returncode=00&sign=CBEA53177926BDC5B9403FCEDEA57ACF&attach=1234|456
HTTP状态：200
返回：ok

【2019-02-10 13:19:04】
订单号：20190210131833575554
通知地址：http://xycz555.com/notify_url/42
通知报文：memberid=10035&orderid=2019021013183262820&transaction_id=20190210131833575554&amount=500.0000&datetime=20190210131903&returncode=00&sign=1E1AAEA375F08B714835C426BE844E69&attach=1234|456
HTTP状态：200
返回：ok

【2019-02-10 13:19:31】
订单号：20190210131848561005
通知地址：http://xycz555.com/notify_url/42
通知报文：memberid=10035&orderid=2019021013184798675&transaction_id=20190210131848561005&amount=499.9900&datetime=20190210131930&returncode=00&sign=F807AE8DA4C9078F0037F8AA28F5BB60&attach=1234|456
HTTP状态：200
返回：ok

【2019-02-10 13:19:38】
订单号：20190210131858505399
通知地址：http://xycz555.com/notify_url/42
通知报文：memberid=10035&orderid=2019021013185703257&transaction_id=20190210131858505399&amount=200.0000&datetime=20190210131937&returncode=00&sign=CC043C4F5EC87DE4124FB2BA67EF8E65&attach=1234|456
HTTP状态：200
返回：ok

【2019-02-10 13:19:52】
订单号：20190210131911102525
通知地址：http://xycz555.com/notify_url/42
通知报文：memberid=10035&orderid=2019021013191082757&transaction_id=20190210131911102525&amount=299.9900&datetime=20190210131951&returncode=00&sign=322CD67EEADCB6D1BFC96F8AA5243A87&attach=1234|456
HTTP状态：200
返回：ok

【2019-02-10 13:20:21】
订单号：20190210131958101100
通知地址：http://xycz555.com/notify_url/42
通知报文：memberid=10035&orderid=2019021013195898044&transaction_id=20190210131958101100&amount=199.9900&datetime=20190210132021&returncode=00&sign=C82DC964D23D509A1A84365EFF4E9DBD&attach=1234|456
HTTP状态：200
返回：ok

【2019-02-10 13:20:29】
订单号：20190210131929495797
通知地址：http://xycz555.com/notify_url/42
通知报文：memberid=10035&orderid=2019021013192789844&transaction_id=20190210131929495797&amount=999.9800&datetime=20190210132026&returncode=00&sign=B8A001EF7BD76304F5A9C703C09BE598&attach=1234|456
HTTP状态：200
返回：ok

【2019-02-10 13:20:30】
订单号：20190210131954974950
通知地址：http://xycz555.com/notify_url/42
通知报文：memberid=10035&orderid=2019021013195330214&transaction_id=20190210131954974950&amount=999.9700&datetime=20190210132029&returncode=00&sign=CE7450094E862CE0E93DE39C27CA3A8C&attach=1234|456
HTTP状态：200
返回：ok

【2019-02-10 13:20:44】
订单号：20190210132019514955
通知地址：http://xycz555.com/notify_url/42
通知报文：memberid=10035&orderid=2019021013201876009&transaction_id=20190210132019514955&amount=2000.0000&datetime=20190210132044&returncode=00&sign=B90850E3B5B9F1078B2C2BD20C9AE2EE&attach=1234|456
HTTP状态：200
返回：ok

【2019-02-10 13:21:38】
订单号：20190210132111555210
通知地址：http://xycz555.com/notify_url/42
通知报文：memberid=10035&orderid=2019021013211026920&transaction_id=20190210132111555210&amount=499.9800&datetime=20190210132137&returncode=00&sign=F95CB3B4912CA536ED176076F04C8EDB&attach=1234|456
HTTP状态：200
返回：ok

【2019-02-10 13:22:45】
订单号：20190210132200565197
通知地址：http://xycz555.com/notify_url/42
通知报文：memberid=10035&orderid=2019021013215988387&transaction_id=20190210132200565197&amount=499.9700&datetime=20190210132245&returncode=00&sign=DC8CF350BEFC2B6A618AB10E0C4A6FEF&attach=1234|456
HTTP状态：200
返回：ok

【2019-02-10 13:23:19】
订单号：20190210132251989857
通知地址：http://xycz555.com/notify_url/42
通知报文：memberid=10035&orderid=2019021013225021150&transaction_id=20190210132251989857&amount=199.9700&datetime=20190210132319&returncode=00&sign=040D012970CE9108A07B5184BCC001E1&attach=1234|456
HTTP状态：200
返回：ok

【2019-02-10 13:23:26】
订单号：20190210132308995497
通知地址：http://xycz555.com/notify_url/42
通知报文：memberid=10035&orderid=2019021013230718501&transaction_id=20190210132308995497&amount=5000.0000&datetime=20190210132325&returncode=00&sign=89F4FED14FCE3EA4FE8B4EF13FA3625D&attach=1234|456
HTTP状态：200
返回：ok

【2019-02-10 13:24:51】
订单号：20190210132237100529
通知地址：http://xycz555.com/notify_url/42
通知报文：memberid=10035&orderid=2019021013223698107&transaction_id=20190210132237100529&amount=1000.0000&datetime=20190210132450&returncode=00&sign=DC376A31903D53F9D93723DB1DD6B16F&attach=1234|456
HTTP状态：200
返回：ok

【2019-02-10 13:24:57】
订单号：20190210132353571019
通知地址：http://xycz555.com/notify_url/42
通知报文：memberid=10035&orderid=2019021013234245156&transaction_id=20190210132353571019&amount=299.9700&datetime=20190210132456&returncode=00&sign=B7EC75917213B8436CE94DB83EE6B66F&attach=1234|456
HTTP状态：200
返回：ok

【2019-02-10 13:25:03】
订单号：20190210132428991005
通知地址：http://xycz555.com/notify_url/42
通知报文：memberid=10035&orderid=2019021013242892668&transaction_id=20190210132428991005&amount=200.0000&datetime=20190210132502&returncode=00&sign=385D025D617935DE512F36B2A2DB32A5&attach=1234|456
HTTP状态：200
返回：ok

【2019-02-10 13:25:08】
订单号：20190210132441575157
通知地址：http://xycz555.com/notify_url/42
通知报文：memberid=10035&orderid=2019021013244090544&transaction_id=20190210132441575157&amount=500.0000&datetime=20190210132508&returncode=00&sign=AB8945A4ECAF2270BAE2EFCC2AABB19E&attach=1234|456
HTTP状态：200
返回：ok

【2019-02-10 13:25:19】
订单号：20190210132457579810
通知地址：http://xycz555.com/notify_url/42
通知报文：memberid=10035&orderid=2019021013245795321&transaction_id=20190210132457579810&amount=999.9800&datetime=20190210132518&returncode=00&sign=3792F15A366B21C93422717C56BCCC2F&attach=1234|456
HTTP状态：200
返回：ok

【2019-02-10 13:25:37】
订单号：20190210132515984999
通知地址：http://xycz555.com/notify_url/42
通知报文：memberid=10035&orderid=2019021013251440453&transaction_id=20190210132515984999&amount=199.9900&datetime=20190210132536&returncode=00&sign=ABF7769491E1BD53667710EC3577C45F&attach=1234|456
HTTP状态：200
返回：ok

【2019-02-10 13:26:17】
订单号：20190210132531981001
通知地址：http://xycz555.com/notify_url/42
通知报文：memberid=10035&orderid=2019021013253077536&transaction_id=20190210132531981001&amount=499.9600&datetime=20190210132617&returncode=00&sign=8E5A965C40C0D07D1FAB28022052BC42&attach=1234|456
HTTP状态：200
返回：ok

【2019-02-10 13:26:47】
订单号：20190210132611514910
通知地址：http://xycz555.com/notify_url/42
通知报文：memberid=10035&orderid=2019021013261072504&transaction_id=20190210132611514910&amount=999.9600&datetime=20190210132647&returncode=00&sign=01AFEC0856347F76EDF67BA9ADD9916D&attach=1234|456
HTTP状态：200
返回：ok

【2019-02-10 13:27:18】
订单号：20190210132624485799
通知地址：http://xycz555.com/notify_url/42
通知报文：memberid=10035&orderid=2019021013262303078&transaction_id=20190210132624485799&amount=499.9500&datetime=20190210132716&returncode=00&sign=82AAA860E0804B57EBD9117E6D2AB88D&attach=1234|456
HTTP状态：200
返回：ok

【2019-02-10 13:30:19】
订单号：20190210132923515351
通知地址：http://xycz555.com/notify_url/42
通知报文：memberid=10035&orderid=2019021013292130698&transaction_id=20190210132923515351&amount=199.9800&datetime=20190210133015&returncode=00&sign=A5A0728BCFEF3D02B7C3A705DF6157A6&attach=1234|456
HTTP状态：200
返回：ok

【2019-02-10 13:31:50】
订单号：20190210133130505355
通知地址：http://xycz555.com/notify_url/42
通知报文：memberid=10035&orderid=2019021013312913139&transaction_id=20190210133130505355&amount=500.0000&datetime=20190210133150&returncode=00&sign=65845A08AFF6E1E8DC76BC24C6C38B26&attach=1234|456
HTTP状态：200
返回：ok

【2019-02-10 13:32:14】
订单号：20190210133141100529
通知地址：http://xycz555.com/notify_url/42
通知报文：memberid=10035&orderid=2019021013314030897&transaction_id=20190210133141100529&amount=2000.0000&datetime=20190210133214&returncode=00&sign=4117CA2716DD384AA8BDB47D01EBC899&attach=1234|456
HTTP状态：200
返回：ok

【2019-02-10 13:32:39】
订单号：20190210133203519810
通知地址：http://xycz555.com/notify_url/42
通知报文：memberid=10035&orderid=2019021013320296970&transaction_id=20190210133203519810&amount=1000.0000&datetime=20190210133233&returncode=00&sign=966FE89BAB42CC1340249701D5598E70&attach=1234|456
HTTP状态：200
返回：ok

【2019-02-10 13:33:45】
订单号：20190210133202509998
通知地址：http://xycz555.com/notify_url/42
通知报文：memberid=10035&orderid=2019021013320280517&transaction_id=20190210133202509998&amount=200.0000&datetime=20190210133344&returncode=00&sign=3AAED7D50B32A825C876C729A3DE0F5A&attach=1234|456
HTTP状态：200
返回：ok

【2019-02-10 15:06:51】
订单号：20190210150613539810
通知地址：http://xycz555.com/notify_url/42
通知报文：memberid=10035&orderid=2019021015061314877&transaction_id=20190210150613539810&amount=200.0000&datetime=20190210150649&returncode=00&sign=533077943D3930BAAABCE915A7C963EC&attach=1234|456
HTTP状态：200
返回：ok

【2019-02-10 15:07:22】
订单号：20190210150626505710
通知地址：http://xycz555.com/notify_url/42
通知报文：memberid=10035&orderid=2019021015062542023&transaction_id=20190210150626505710&amount=199.9900&datetime=20190210150722&returncode=00&sign=F1EA008F85A838AEF62BFA1BEDF283C7&attach=1234|456
HTTP状态：200
返回：ok

【2019-02-10 15:09:54】
订单号：20190210150927554899
通知地址：http://xycz555.com/notify_url/42
通知报文：memberid=10035&orderid=2019021015092638027&transaction_id=20190210150927554899&amount=1999.9900&datetime=20190210150953&returncode=00&sign=16ABECCA176DE3ECFE50F58B6AFF2A06&attach=1234|456
HTTP状态：200
返回：ok

【2019-02-10 15:15:22】
订单号：20190210151350101545
通知地址：http://xycz555.com/notify_url/42
通知报文：memberid=10035&orderid=2019021015134918607&transaction_id=20190210151350101545&amount=500.0000&datetime=20190210151520&returncode=00&sign=3EE6F3E5534480478265415DF33BFC1E&attach=1234|456
HTTP状态：200
返回：ok

