【2019-01-27 12:54:49】
订单号：20190127125352489948
通知地址：http://574063.com/notify_url/35
通知报文：memberid=10075&orderid=2019012712535194717&transaction_id=20190127125352489948&amount=1000.0000&datetime=20190127125449&returncode=00&sign=BF8137FE0B26EF6AF3490FF7FDD92282&attach=1234|456
HTTP状态：200
返回：ok

【2019-01-27 12:55:50】
订单号：20190127125352489948
通知地址：http://574063.com/notify_url/35
通知报文：memberid=10075&orderid=2019012712535194717&transaction_id=20190127125352489948&amount=1000.0000&datetime=20190127125549&returncode=00&sign=FFBDA81CDEAB0FA2D4AD5D567A474268&attach=1234|456
HTTP状态：200
返回：ok

【2019-01-27 12:56:51】
订单号：20190127125352489948
通知地址：http://574063.com/notify_url/35
通知报文：memberid=10075&orderid=2019012712535194717&transaction_id=20190127125352489948&amount=1000.0000&datetime=20190127125650&returncode=00&sign=B6F913FA0EEB2697B4C8E6C603C65B5D&attach=1234|456
HTTP状态：200
返回：ok

【2019-01-27 12:57:52】
订单号：20190127125352489948
通知地址：http://574063.com/notify_url/35
通知报文：memberid=10075&orderid=2019012712535194717&transaction_id=20190127125352489948&amount=1000.0000&datetime=20190127125751&returncode=00&sign=FF00E6942910518014D6A0A38932A884&attach=1234|456
HTTP状态：200
返回：ok

【2019-01-27 12:58:53】
订单号：20190127125352489948
通知地址：http://574063.com/notify_url/35
通知报文：memberid=10075&orderid=2019012712535194717&transaction_id=20190127125352489948&amount=1000.0000&datetime=20190127125852&returncode=00&sign=A48C9F403A574313E59C061FC09824E6&attach=1234|456
HTTP状态：200
返回：ok

【2019-01-27 13:10:33】
订单号：20190127131005100995
通知地址：http://574063.com/notify_url/35
通知报文：memberid=10075&orderid=2019012713100537158&transaction_id=20190127131005100995&amount=1000.0000&datetime=20190127131031&returncode=00&sign=016E3704E248632F03361B5674351E71&attach=1234|456
HTTP状态：200
返回：ok

【2019-01-27 13:11:33】
订单号：20190127131005100995
通知地址：http://574063.com/notify_url/35
通知报文：memberid=10075&orderid=2019012713100537158&transaction_id=20190127131005100995&amount=1000.0000&datetime=20190127131133&returncode=00&sign=996FD38AE1ADD4DFBA1CB294F4B16243&attach=1234|456
HTTP状态：200
返回：ok

【2019-01-27 13:12:34】
订单号：20190127131005100995
通知地址：http://574063.com/notify_url/35
通知报文：memberid=10075&orderid=2019012713100537158&transaction_id=20190127131005100995&amount=1000.0000&datetime=20190127131233&returncode=00&sign=8B370E647D77B277114AF74764748A15&attach=1234|456
HTTP状态：200
返回：ok

【2019-01-27 13:13:42】
订单号：20190127131005100995
通知地址：http://574063.com/notify_url/35
通知报文：memberid=10075&orderid=2019012713100537158&transaction_id=20190127131005100995&amount=1000.0000&datetime=20190127131335&returncode=00&sign=43DEB0A00B3971895FDEB7205CD74BBA&attach=1234|456
HTTP状态：200
返回：ok

【2019-01-27 13:14:42】
订单号：20190127131005100995
通知地址：http://574063.com/notify_url/35
通知报文：memberid=10075&orderid=2019012713100537158&transaction_id=20190127131005100995&amount=1000.0000&datetime=20190127131442&returncode=00&sign=897E552500779F8F3B110B6D62682740&attach=1234|456
HTTP状态：200
返回：ok

【2019-01-27 13:14:50】
订单号：20190127131349100515
通知地址：http://574063.com/notify_url/35
通知报文：memberid=10075&orderid=2019012713134874767&transaction_id=20190127131349100515&amount=999.9800&datetime=20190127131449&returncode=00&sign=6DDD12C5B4576E96771B9159A6D56686&attach=1234|456
HTTP状态：200
返回：ok

【2019-01-27 13:15:50】
订单号：20190127131349100515
通知地址：http://574063.com/notify_url/35
通知报文：memberid=10075&orderid=2019012713134874767&transaction_id=20190127131349100515&amount=999.9800&datetime=20190127131550&returncode=00&sign=561A7E25157FCE408C515C6A7B804C80&attach=1234|456
HTTP状态：200
返回：ok

【2019-01-27 13:16:52】
订单号：20190127131349100515
通知地址：http://574063.com/notify_url/35
通知报文：memberid=10075&orderid=2019012713134874767&transaction_id=20190127131349100515&amount=999.9800&datetime=20190127131650&returncode=00&sign=89DFF0DDF1194036EA50DC26DB35EB96&attach=1234|456
HTTP状态：200
返回：ok

【2019-01-27 13:17:27】
订单号：20190127131709539850
通知地址：http://574063.com/notify_url/35
通知报文：memberid=10075&orderid=2019012713170960578&transaction_id=20190127131709539850&amount=200.0000&datetime=20190127131727&returncode=00&sign=5E069BBD5E0EE0010D9CA8E2E877DED4&attach=1234|456
HTTP状态：200
返回：ok

【2019-01-27 13:17:52】
订单号：20190127131349100515
通知地址：http://574063.com/notify_url/35
通知报文：memberid=10075&orderid=2019012713134874767&transaction_id=20190127131349100515&amount=999.9800&datetime=20190127131752&returncode=00&sign=BBAB7212948E0036EAA43DD621D4014B&attach=1234|456
HTTP状态：200
返回：ok

【2019-01-27 13:18:29】
订单号：20190127131709539850
通知地址：http://574063.com/notify_url/35
通知报文：memberid=10075&orderid=2019012713170960578&transaction_id=20190127131709539850&amount=200.0000&datetime=20190127131827&returncode=00&sign=22E8B53EA9EE2212DE91ECE9690208A9&attach=1234|456
HTTP状态：200
返回：ok

【2019-01-27 13:18:53】
订单号：20190127131349100515
通知地址：http://574063.com/notify_url/35
通知报文：memberid=10075&orderid=2019012713134874767&transaction_id=20190127131349100515&amount=999.9800&datetime=20190127131853&returncode=00&sign=1A78929C0659ED02352A136E31E47B79&attach=1234|456
HTTP状态：200
返回：ok

【2019-01-27 13:19:29】
订单号：20190127131709539850
通知地址：http://574063.com/notify_url/35
通知报文：memberid=10075&orderid=2019012713170960578&transaction_id=20190127131709539850&amount=200.0000&datetime=20190127131929&returncode=00&sign=73171888CCFCAC3ECFA592DA4B49C3EE&attach=1234|456
HTTP状态：200
返回：ok

【2019-01-27 13:20:30】
订单号：20190127131709539850
通知地址：http://574063.com/notify_url/35
通知报文：memberid=10075&orderid=2019012713170960578&transaction_id=20190127131709539850&amount=200.0000&datetime=20190127132029&returncode=00&sign=D078A8DC6D69BC10C21D4D97A999DF62&attach=1234|456
HTTP状态：200
返回：ok

【2019-01-27 13:21:31】
订单号：20190127131709539850
通知地址：http://574063.com/notify_url/35
通知报文：memberid=10075&orderid=2019012713170960578&transaction_id=20190127131709539850&amount=200.0000&datetime=20190127132130&returncode=00&sign=6038239AF4B40793C50E13F136CA19A6&attach=1234|456
HTTP状态：200
返回：ok

【2019-01-27 13:40:50】
订单号：20190127134033495010
通知地址：http://574063.com/notify_url/35
通知报文：memberid=10075&orderid=2019012713403283203&transaction_id=20190127134033495010&amount=199.9900&datetime=20190127134049&returncode=00&sign=3417427FCC34E92680D93BF8D1A96B88&attach=1234|456
HTTP状态：200
返回：ok

【2019-01-27 13:41:51】
订单号：20190127134033495010
通知地址：http://574063.com/notify_url/35
通知报文：memberid=10075&orderid=2019012713403283203&transaction_id=20190127134033495010&amount=199.9900&datetime=20190127134150&returncode=00&sign=4E316CFD3E4F1E3BF495E9CD940CBDA1&attach=1234|456
HTTP状态：200
返回：ok

【2019-01-27 13:42:33】
订单号：20190127134209499855
通知地址：http://574063.com/notify_url/35
通知报文：memberid=10075&orderid=2019012713420943445&transaction_id=20190127134209499855&amount=199.9900&datetime=20190127134232&returncode=00&sign=4A09EA37207B13D4624F3DAFA202BD13&attach=1234|456
HTTP状态：200
返回：ok

【2019-01-27 13:42:52】
订单号：20190127134033495010
通知地址：http://574063.com/notify_url/35
通知报文：memberid=10075&orderid=2019012713403283203&transaction_id=20190127134033495010&amount=199.9900&datetime=20190127134251&returncode=00&sign=B9E1493B533242AB3ACFB8C23FCC0A73&attach=1234|456
HTTP状态：200
返回：ok

【2019-01-27 13:43:33】
订单号：20190127134209499855
通知地址：http://574063.com/notify_url/35
通知报文：memberid=10075&orderid=2019012713420943445&transaction_id=20190127134209499855&amount=199.9900&datetime=20190127134333&returncode=00&sign=E670298D1D93ADEB70FF9DB198E21A41&attach=1234|456
HTTP状态：200
返回：ok

【2019-01-27 13:43:53】
订单号：20190127134033495010
通知地址：http://574063.com/notify_url/35
通知报文：memberid=10075&orderid=2019012713403283203&transaction_id=20190127134033495010&amount=199.9900&datetime=20190127134352&returncode=00&sign=E1DABEB226343077795A8A7F37B80C33&attach=1234|456
HTTP状态：200
返回：ok

【2019-01-27 13:44:34】
订单号：20190127134209499855
通知地址：http://574063.com/notify_url/35
通知报文：memberid=10075&orderid=2019012713420943445&transaction_id=20190127134209499855&amount=199.9900&datetime=20190127134433&returncode=00&sign=3069683B5F6D1ADCD1BD0AF1E4DEE854&attach=1234|456
HTTP状态：200
返回：ok

【2019-01-27 13:44:56】
订单号：20190127134033495010
通知地址：http://574063.com/notify_url/35
通知报文：memberid=10075&orderid=2019012713403283203&transaction_id=20190127134033495010&amount=199.9900&datetime=20190127134453&returncode=00&sign=CFB5BABEA6E411D01A9BF4802FA1801B&attach=1234|456
HTTP状态：200
返回：ok

【2019-01-27 13:45:35】
订单号：20190127134209499855
通知地址：http://574063.com/notify_url/35
通知报文：memberid=10075&orderid=2019012713420943445&transaction_id=20190127134209499855&amount=199.9900&datetime=20190127134534&returncode=00&sign=6851DE1C2D1E1B4CC1F54B68D7F4B13F&attach=1234|456
HTTP状态：200
返回：ok

【2019-01-27 13:45:54】
订单号：20190127134453535450
通知地址：http://574063.com/notify_url/35
通知报文：memberid=10075&orderid=2019012713445235153&transaction_id=20190127134453535450&amount=300.0000&datetime=20190127134553&returncode=00&sign=894CE0CDEC26F12F3AB63BE97F500BA0&attach=1234|456
HTTP状态：200
返回：ok

【2019-01-27 13:46:36】
订单号：20190127134209499855
通知地址：http://574063.com/notify_url/35
通知报文：memberid=10075&orderid=2019012713420943445&transaction_id=20190127134209499855&amount=199.9900&datetime=20190127134635&returncode=00&sign=D23F7B6B9A7A7783D3CA4865B902B44D&attach=1234|456
HTTP状态：200
返回：ok

【2019-01-27 13:46:55】
订单号：20190127134453535450
通知地址：http://574063.com/notify_url/35
通知报文：memberid=10075&orderid=2019012713445235153&transaction_id=20190127134453535450&amount=300.0000&datetime=20190127134654&returncode=00&sign=A0B87EC268317085D6E140839A8DC6B2&attach=1234|456
HTTP状态：200
返回：ok

【2019-01-27 13:47:55】
订单号：20190127134453535450
通知地址：http://574063.com/notify_url/35
通知报文：memberid=10075&orderid=2019012713445235153&transaction_id=20190127134453535450&amount=300.0000&datetime=20190127134755&returncode=00&sign=CC7EC7361B0C5D21BB0909D5EBD9FA00&attach=1234|456
HTTP状态：200
返回：ok

【2019-01-27 13:48:56】
订单号：20190127134453535450
通知地址：http://574063.com/notify_url/35
通知报文：memberid=10075&orderid=2019012713445235153&transaction_id=20190127134453535450&amount=300.0000&datetime=20190127134855&returncode=00&sign=8CE437855F4A9F31AB938331285EFC00&attach=1234|456
HTTP状态：200
返回：ok

【2019-01-27 13:49:57】
订单号：20190127134453535450
通知地址：http://574063.com/notify_url/35
通知报文：memberid=10075&orderid=2019012713445235153&transaction_id=20190127134453535450&amount=300.0000&datetime=20190127134956&returncode=00&sign=18D16197E558CFA5B4A985E15825DB22&attach=1234|456
HTTP状态：200
返回：ok

【2019-01-27 13:55:45】
订单号：20190127135523985256
通知地址：http://574063.com/notify_url/35
通知报文：memberid=10075&orderid=2019012713552213873&transaction_id=20190127135523985256&amount=500.0000&datetime=20190127135544&returncode=00&sign=64C9E3F8983B2EDC958BE9F957DB3440&attach=1234|456
HTTP状态：200
返回：ok

【2019-01-27 13:56:27】
订单号：20190127135436995754
通知地址：http://574063.com/notify_url/35
通知报文：memberid=10075&orderid=2019012713542331390&transaction_id=20190127135436995754&amount=200.0000&datetime=20190127135626&returncode=00&sign=0A19E85A0CBFE01C628A5843ED4C92AB&attach=1234|456
HTTP状态：200
返回：ok

【2019-01-27 13:56:45】
订单号：20190127135523985256
通知地址：http://574063.com/notify_url/35
通知报文：memberid=10075&orderid=2019012713552213873&transaction_id=20190127135523985256&amount=500.0000&datetime=20190127135645&returncode=00&sign=0327F3D5DDF1A87DAADA989F2DD89488&attach=1234|456
HTTP状态：200
返回：ok

【2019-01-27 13:57:28】
订单号：20190127135436995754
通知地址：http://574063.com/notify_url/35
通知报文：memberid=10075&orderid=2019012713542331390&transaction_id=20190127135436995754&amount=200.0000&datetime=20190127135727&returncode=00&sign=679193893D63490BACCE1F714D06CD97&attach=1234|456
HTTP状态：200
返回：ok

【2019-01-27 13:57:46】
订单号：20190127135523985256
通知地址：http://574063.com/notify_url/35
通知报文：memberid=10075&orderid=2019012713552213873&transaction_id=20190127135523985256&amount=500.0000&datetime=20190127135745&returncode=00&sign=85682F39D5A1C50DCDEC8A5338FE14BD&attach=1234|456
HTTP状态：200
返回：ok

【2019-01-27 13:58:29】
订单号：20190127135436995754
通知地址：http://574063.com/notify_url/35
通知报文：memberid=10075&orderid=2019012713542331390&transaction_id=20190127135436995754&amount=200.0000&datetime=20190127135828&returncode=00&sign=F6510DE7687BA13F2C8B8BF901F9CB44&attach=1234|456
HTTP状态：200
返回：ok

【2019-01-27 13:58:47】
订单号：20190127135523985256
通知地址：http://574063.com/notify_url/35
通知报文：memberid=10075&orderid=2019012713552213873&transaction_id=20190127135523985256&amount=500.0000&datetime=20190127135846&returncode=00&sign=BE4884057ACB86E5DF10DDC764260102&attach=1234|456
HTTP状态：200
返回：ok

【2019-01-27 13:59:31】
订单号：20190127135436995754
通知地址：http://574063.com/notify_url/35
通知报文：memberid=10075&orderid=2019012713542331390&transaction_id=20190127135436995754&amount=200.0000&datetime=20190127135929&returncode=00&sign=2A8A19246E83E3576EA01CC9A0D7AA36&attach=1234|456
HTTP状态：200
返回：ok

【2019-01-27 13:59:48】
订单号：20190127135523985256
通知地址：http://574063.com/notify_url/35
通知报文：memberid=10075&orderid=2019012713552213873&transaction_id=20190127135523985256&amount=500.0000&datetime=20190127135947&returncode=00&sign=C14B17C3A7BAA8680B859AC32BDB9B55&attach=1234|456
HTTP状态：200
返回：ok

【2019-01-27 14:00:31】
订单号：20190127135436995754
通知地址：http://574063.com/notify_url/35
通知报文：memberid=10075&orderid=2019012713542331390&transaction_id=20190127135436995754&amount=200.0000&datetime=20190127140031&returncode=00&sign=5CBB72312695428847F61E7D54297E02&attach=1234|456
HTTP状态：200
返回：ok

【2019-01-27 14:05:20】
订单号：20190127140506505256
通知地址：http://574063.com/notify_url/35
通知报文：memberid=10075&orderid=2019012714050413809&transaction_id=20190127140506505256&amount=2000.0000&datetime=20190127140517&returncode=00&sign=A86F673AB3EEF2DA66383877E8EE77CD&attach=1234|456
HTTP状态：200
返回：ok

【2019-01-27 14:06:21】
订单号：20190127140506505256
通知地址：http://574063.com/notify_url/35
通知报文：memberid=10075&orderid=2019012714050413809&transaction_id=20190127140506505256&amount=2000.0000&datetime=20190127140620&returncode=00&sign=36DA3264467AE3F08A540F44AA6A0CB9&attach=1234|456
HTTP状态：200
返回：ok

【2019-01-27 14:07:21】
订单号：20190127140506505256
通知地址：http://574063.com/notify_url/35
通知报文：memberid=10075&orderid=2019012714050413809&transaction_id=20190127140506505256&amount=2000.0000&datetime=20190127140721&returncode=00&sign=4CE50E18CE96DF6BD50480B5BFE669D6&attach=1234|456
HTTP状态：200
返回：ok

【2019-01-27 14:08:23】
订单号：20190127140506505256
通知地址：http://574063.com/notify_url/35
通知报文：memberid=10075&orderid=2019012714050413809&transaction_id=20190127140506505256&amount=2000.0000&datetime=20190127140821&returncode=00&sign=D94C9F09780D94DEE209C353D829C47D&attach=1234|456
HTTP状态：200
返回：ok

【2019-01-27 14:09:23】
订单号：20190127140506505256
通知地址：http://574063.com/notify_url/35
通知报文：memberid=10075&orderid=2019012714050413809&transaction_id=20190127140506505256&amount=2000.0000&datetime=20190127140923&returncode=00&sign=61A02C6751F7058D4CE1DDFEC1844833&attach=1234|456
HTTP状态：200
返回：ok

【2019-01-27 14:16:15】
订单号：20190127141510101481
通知地址：http://574063.com/notify_url/35
通知报文：memberid=10075&orderid=2019012714150926454&transaction_id=20190127141510101481&amount=200.0000&datetime=20190127141614&returncode=00&sign=3936002BF223E04EA471BA457249DADC&attach=1234|456
HTTP状态：200
返回：ok

【2019-01-27 14:17:15】
订单号：20190127141510101481
通知地址：http://574063.com/notify_url/35
通知报文：memberid=10075&orderid=2019012714150926454&transaction_id=20190127141510101481&amount=200.0000&datetime=20190127141715&returncode=00&sign=8FBD2B3BD11EEC9514C66C4836CDAA0F&attach=1234|456
HTTP状态：200
返回：ok

【2019-01-27 14:18:16】
订单号：20190127141510101481
通知地址：http://574063.com/notify_url/35
通知报文：memberid=10075&orderid=2019012714150926454&transaction_id=20190127141510101481&amount=200.0000&datetime=20190127141815&returncode=00&sign=E186E2C9F6BE66524BD0627F572800FB&attach=1234|456
HTTP状态：200
返回：ok

【2019-01-27 14:19:17】
订单号：20190127141510101481
通知地址：http://574063.com/notify_url/35
通知报文：memberid=10075&orderid=2019012714150926454&transaction_id=20190127141510101481&amount=200.0000&datetime=20190127141916&returncode=00&sign=7E57A9E7611C216B7A0504988605A834&attach=1234|456
HTTP状态：200
返回：ok

【2019-01-27 14:20:19】
订单号：20190127141510101481
通知地址：http://574063.com/notify_url/35
通知报文：memberid=10075&orderid=2019012714150926454&transaction_id=20190127141510101481&amount=200.0000&datetime=20190127142017&returncode=00&sign=0F3F8565556C88145EF3F182F8E72D4F&attach=1234|456
HTTP状态：200
返回：ok

【2019-01-27 14:21:44】
订单号：20190127142129571004
通知地址：http://574063.com/notify_url/35
通知报文：memberid=10075&orderid=2019012714212900158&transaction_id=20190127142129571004&amount=1000.0000&datetime=20190127142143&returncode=00&sign=F183ED770C3C85763174D13F383B0FA2&attach=1234|456
HTTP状态：200
返回：ok

【2019-01-27 14:22:43】
订单号：20190127142225494854
通知地址：http://574063.com/notify_url/35
通知报文：memberid=10075&orderid=2019012714222480703&transaction_id=20190127142225494854&amount=200.0000&datetime=20190127142243&returncode=00&sign=46F7910C153433F11A62BED9A9205923&attach=1234|456
HTTP状态：200
返回：ok

【2019-01-27 14:22:47】
订单号：20190127142129571004
通知地址：http://574063.com/notify_url/35
通知报文：memberid=10075&orderid=2019012714212900158&transaction_id=20190127142129571004&amount=1000.0000&datetime=20190127142244&returncode=00&sign=76386A6B1F09070CBFB6EF7D741F214C&attach=1234|456
HTTP状态：200
返回：ok

【2019-01-27 14:23:44】
订单号：20190127142225494854
通知地址：http://574063.com/notify_url/35
通知报文：memberid=10075&orderid=2019012714222480703&transaction_id=20190127142225494854&amount=200.0000&datetime=20190127142343&returncode=00&sign=D3726C2578D71DDDA2933E05A0D815E8&attach=1234|456
HTTP状态：200
返回：ok

【2019-01-27 14:23:48】
订单号：20190127142129571004
通知地址：http://574063.com/notify_url/35
通知报文：memberid=10075&orderid=2019012714212900158&transaction_id=20190127142129571004&amount=1000.0000&datetime=20190127142347&returncode=00&sign=470EFBF1107D607AF9041ABF70BC0D23&attach=1234|456
HTTP状态：200
返回：ok

【2019-01-27 14:24:45】
订单号：20190127142225494854
通知地址：http://574063.com/notify_url/35
通知报文：memberid=10075&orderid=2019012714222480703&transaction_id=20190127142225494854&amount=200.0000&datetime=20190127142444&returncode=00&sign=607B41F9B4F27899F8211AC9C749689E&attach=1234|456
HTTP状态：200
返回：ok

【2019-01-27 14:24:49】
订单号：20190127142129571004
通知地址：http://574063.com/notify_url/35
通知报文：memberid=10075&orderid=2019012714212900158&transaction_id=20190127142129571004&amount=1000.0000&datetime=20190127142448&returncode=00&sign=11272352C84007B53270D1F52AE16E43&attach=1234|456
HTTP状态：200
返回：ok

【2019-01-27 14:25:45】
订单号：20190127142225494854
通知地址：http://574063.com/notify_url/35
通知报文：memberid=10075&orderid=2019012714222480703&transaction_id=20190127142225494854&amount=200.0000&datetime=20190127142545&returncode=00&sign=18E3B400C4EA04D752DFDF46DEDF3D20&attach=1234|456
HTTP状态：200
返回：ok

【2019-01-27 14:25:51】
订单号：20190127142129571004
通知地址：http://574063.com/notify_url/35
通知报文：memberid=10075&orderid=2019012714212900158&transaction_id=20190127142129571004&amount=1000.0000&datetime=20190127142549&returncode=00&sign=48DBBBEF2E4505E20C4414084C0A04BE&attach=1234|456
HTTP状态：200
返回：ok

【2019-01-27 14:26:47】
订单号：20190127142225494854
通知地址：http://574063.com/notify_url/35
通知报文：memberid=10075&orderid=2019012714222480703&transaction_id=20190127142225494854&amount=200.0000&datetime=20190127142645&returncode=00&sign=2EE42E1A67E66D0071392D7423AE47E7&attach=1234|456
HTTP状态：200
返回：ok

【2019-01-27 14:30:35】
订单号：20190127143012525049
通知地址：http://574063.com/notify_url/35
通知报文：memberid=10075&orderid=2019012714301110010&transaction_id=20190127143012525049&amount=238.0000&datetime=20190127143035&returncode=00&sign=581FF4268AAE4E27FDA2D95520371CBD&attach=1234|456
HTTP状态：200
返回：ok

【2019-01-27 14:31:36】
订单号：20190127143012525049
通知地址：http://574063.com/notify_url/35
通知报文：memberid=10075&orderid=2019012714301110010&transaction_id=20190127143012525049&amount=238.0000&datetime=20190127143135&returncode=00&sign=9B0B5D901ADF37E3B9474346FD849250&attach=1234|456
HTTP状态：200
返回：ok

【2019-01-27 14:32:37】
订单号：20190127143012525049
通知地址：http://574063.com/notify_url/35
通知报文：memberid=10075&orderid=2019012714301110010&transaction_id=20190127143012525049&amount=238.0000&datetime=20190127143236&returncode=00&sign=D52F56813582740B7D9708CEC5BD81A1&attach=1234|456
HTTP状态：200
返回：ok

【2019-01-27 14:33:38】
订单号：20190127143012525049
通知地址：http://574063.com/notify_url/35
通知报文：memberid=10075&orderid=2019012714301110010&transaction_id=20190127143012525049&amount=238.0000&datetime=20190127143337&returncode=00&sign=661A0E2114E8548F074C1A7586813A96&attach=1234|456
HTTP状态：200
返回：ok

【2019-01-27 14:34:39】
订单号：20190127143012525049
通知地址：http://574063.com/notify_url/35
通知报文：memberid=10075&orderid=2019012714301110010&transaction_id=20190127143012525049&amount=238.0000&datetime=20190127143438&returncode=00&sign=73C907EEE9BE88F5D32016C2FC7B9A66&attach=1234|456
HTTP状态：200
返回：ok

【2019-01-27 14:58:37】
订单号：20190127145813535248
通知地址：http://574063.com/notify_url/35
通知报文：memberid=10075&orderid=2019012714581296607&transaction_id=20190127145813535248&amount=2000.0000&datetime=20190127145835&returncode=00&sign=E009D43E4C12B7312B282F7184B818BE&attach=1234|456
HTTP状态：200
返回：ok

【2019-01-27 14:59:38】
订单号：20190127145813535248
通知地址：http://574063.com/notify_url/35
通知报文：memberid=10075&orderid=2019012714581296607&transaction_id=20190127145813535248&amount=2000.0000&datetime=20190127145937&returncode=00&sign=C9FF00315525566BE2B77FC2D12A564F&attach=1234|456
HTTP状态：200
返回：ok

【2019-01-27 15:00:39】
订单号：20190127145813535248
通知地址：http://574063.com/notify_url/35
通知报文：memberid=10075&orderid=2019012714581296607&transaction_id=20190127145813535248&amount=2000.0000&datetime=20190127150038&returncode=00&sign=1EEBB217837C1A3FFCE410490BBA6F09&attach=1234|456
HTTP状态：200
返回：ok

【2019-01-27 15:01:39】
订单号：20190127145813535248
通知地址：http://574063.com/notify_url/35
通知报文：memberid=10075&orderid=2019012714581296607&transaction_id=20190127145813535248&amount=2000.0000&datetime=20190127150139&returncode=00&sign=727E42F85841ED7FC39A86E0C91685C1&attach=1234|456
HTTP状态：200
返回：ok

【2019-01-27 15:02:40】
订单号：20190127145813535248
通知地址：http://574063.com/notify_url/35
通知报文：memberid=10075&orderid=2019012714581296607&transaction_id=20190127145813535248&amount=2000.0000&datetime=20190127150239&returncode=00&sign=65778DD294B7904AD4C827358B6E4769&attach=1234|456
HTTP状态：200
返回：ok

【2019-01-27 15:04:09】
订单号：20190127150338979810
通知地址：http://574063.com/notify_url/35
通知报文：memberid=10075&orderid=2019012715033745050&transaction_id=20190127150338979810&amount=1000.0000&datetime=20190127150408&returncode=00&sign=C58079B44DB2A8E1DF56ABA8D5BA7F86&attach=1234|456
HTTP状态：200
返回：ok

【2019-01-27 15:05:09】
订单号：20190127150338979810
通知地址：http://574063.com/notify_url/35
通知报文：memberid=10075&orderid=2019012715033745050&transaction_id=20190127150338979810&amount=1000.0000&datetime=20190127150509&returncode=00&sign=F76718E8EB02ED6905CCE423CBF4F1D6&attach=1234|456
HTTP状态：200
返回：ok

【2019-01-27 15:06:11】
订单号：20190127150338979810
通知地址：http://574063.com/notify_url/35
通知报文：memberid=10075&orderid=2019012715033745050&transaction_id=20190127150338979810&amount=1000.0000&datetime=20190127150609&returncode=00&sign=59D7F32076CBCE01413E0CB424A4A02C&attach=1234|456
HTTP状态：200
返回：ok

【2019-01-27 15:07:11】
订单号：20190127150338979810
通知地址：http://574063.com/notify_url/35
通知报文：memberid=10075&orderid=2019012715033745050&transaction_id=20190127150338979810&amount=1000.0000&datetime=20190127150711&returncode=00&sign=2678501CF96F517FF2FE3356DCDABA0B&attach=1234|456
HTTP状态：200
返回：ok

【2019-01-27 15:08:12】
订单号：20190127150338979810
通知地址：http://574063.com/notify_url/35
通知报文：memberid=10075&orderid=2019012715033745050&transaction_id=20190127150338979810&amount=1000.0000&datetime=20190127150811&returncode=00&sign=F30FA934675ACBAE7916F0227728DBBC&attach=1234|456
HTTP状态：200
返回：ok

【2019-01-27 15:16:32】
订单号：20190127151604529755
通知地址：http://574063.com/notify_url/35
通知报文：memberid=10075&orderid=2019012715160369165&transaction_id=20190127151604529755&amount=500.0000&datetime=20190127151630&returncode=00&sign=FC54ECF3C9C9BD12A268B47D7BF92455&attach=1234|456
HTTP状态：200
返回：ok

【2019-01-27 15:17:33】
订单号：20190127151604529755
通知地址：http://574063.com/notify_url/35
通知报文：memberid=10075&orderid=2019012715160369165&transaction_id=20190127151604529755&amount=500.0000&datetime=20190127151732&returncode=00&sign=BE0050906D050B04C987C66579819D99&attach=1234|456
HTTP状态：200
返回：ok

【2019-01-27 15:18:34】
订单号：20190127151604529755
通知地址：http://574063.com/notify_url/35
通知报文：memberid=10075&orderid=2019012715160369165&transaction_id=20190127151604529755&amount=500.0000&datetime=20190127151833&returncode=00&sign=73C27EC0325BEFBA8EA4D28FDC53AC7B&attach=1234|456
HTTP状态：200
返回：ok

【2019-01-27 15:19:36】
订单号：20190127151604529755
通知地址：http://574063.com/notify_url/35
通知报文：memberid=10075&orderid=2019012715160369165&transaction_id=20190127151604529755&amount=500.0000&datetime=20190127151934&returncode=00&sign=CD47840DE3AEE48836A0C1A90EF1441B&attach=1234|456
HTTP状态：200
返回：ok

【2019-01-27 15:20:36】
订单号：20190127151604529755
通知地址：http://574063.com/notify_url/35
通知报文：memberid=10075&orderid=2019012715160369165&transaction_id=20190127151604529755&amount=500.0000&datetime=20190127152036&returncode=00&sign=02D56C4535FF4F9D84BEF83C5EACCFFE&attach=1234|456
HTTP状态：200
返回：ok

【2019-01-27 15:21:04】
订单号：20190127152021534810
通知地址：http://574063.com/notify_url/35
通知报文：memberid=10075&orderid=2019012715201484353&transaction_id=20190127152021534810&amount=3000.0000&datetime=20190127152104&returncode=00&sign=00B6FF788B82D0455031662C7A174FA3&attach=1234|456
HTTP状态：200
返回：ok

【2019-01-27 15:21:22】
订单号：20190127152045100515
通知地址：http://574063.com/notify_url/35
通知报文：memberid=10075&orderid=2019012715204403498&transaction_id=20190127152045100515&amount=2000.0000&datetime=20190127152120&returncode=00&sign=363E8E737E189C1466BAA7937909C399&attach=1234|456
HTTP状态：200
返回：ok

【2019-01-27 15:22:05】
订单号：20190127152021534810
通知地址：http://574063.com/notify_url/35
通知报文：memberid=10075&orderid=2019012715201484353&transaction_id=20190127152021534810&amount=3000.0000&datetime=20190127152204&returncode=00&sign=32F021E39D0836500732995B17E02F9A&attach=1234|456
HTTP状态：200
返回：ok

【2019-01-27 15:22:23】
订单号：20190127152045100515
通知地址：http://574063.com/notify_url/35
通知报文：memberid=10075&orderid=2019012715204403498&transaction_id=20190127152045100515&amount=2000.0000&datetime=20190127152222&returncode=00&sign=A52B0BC9049F8C7DA0A5AC8F9458155C&attach=1234|456
HTTP状态：200
返回：ok

【2019-01-27 15:23:07】
订单号：20190127152021534810
通知地址：http://574063.com/notify_url/35
通知报文：memberid=10075&orderid=2019012715201484353&transaction_id=20190127152021534810&amount=3000.0000&datetime=20190127152305&returncode=00&sign=ACBA3E8301D54A247AF8AB06F2458191&attach=1234|456
HTTP状态：200
返回：ok

【2019-01-27 15:23:25】
订单号：20190127152045100515
通知地址：http://574063.com/notify_url/35
通知报文：memberid=10075&orderid=2019012715204403498&transaction_id=20190127152045100515&amount=2000.0000&datetime=20190127152323&returncode=00&sign=138C4676A46E2B51762336F6244B3EDD&attach=1234|456
HTTP状态：200
返回：ok

【2019-01-27 15:24:08】
订单号：20190127152021534810
通知地址：http://574063.com/notify_url/35
通知报文：memberid=10075&orderid=2019012715201484353&transaction_id=20190127152021534810&amount=3000.0000&datetime=20190127152407&returncode=00&sign=7A04406E89DEE0A8710BF25E0851BF78&attach=1234|456
HTTP状态：200
返回：ok

【2019-01-27 15:24:26】
订单号：20190127152045100515
通知地址：http://574063.com/notify_url/35
通知报文：memberid=10075&orderid=2019012715204403498&transaction_id=20190127152045100515&amount=2000.0000&datetime=20190127152425&returncode=00&sign=990A947D8ABA4AFEDEA043685AB922CD&attach=1234|456
HTTP状态：200
返回：ok

【2019-01-27 15:25:09】
订单号：20190127152021534810
通知地址：http://574063.com/notify_url/35
通知报文：memberid=10075&orderid=2019012715201484353&transaction_id=20190127152021534810&amount=3000.0000&datetime=20190127152508&returncode=00&sign=817119DC7017E0E0DABA9D38E4B3FF9E&attach=1234|456
HTTP状态：200
返回：ok

【2019-01-27 15:25:27】
订单号：20190127152045100515
通知地址：http://574063.com/notify_url/35
通知报文：memberid=10075&orderid=2019012715204403498&transaction_id=20190127152045100515&amount=2000.0000&datetime=20190127152527&returncode=00&sign=3BE6E7B182817C89284F8DD34478E9F0&attach=1234|456
HTTP状态：200
返回：ok

【2019-01-27 15:47:26】
订单号：20190127154704565698
通知地址：http://574063.com/notify_url/35
通知报文：memberid=10075&orderid=2019012715470443840&transaction_id=20190127154704565698&amount=1000.0000&datetime=20190127154725&returncode=00&sign=39125955DB62F48D67383952B509C955&attach=1234|456
HTTP状态：200
返回：ok

【2019-01-27 15:48:03】
订单号：20190127154444994898
通知地址：http://574063.com/notify_url/35
通知报文：memberid=10075&orderid=2019012715443720781&transaction_id=20190127154444994898&amount=5000.0000&datetime=20190127154802&returncode=00&sign=E4D5EE200BC460E6822A38DAA80814BB&attach=1234|456
HTTP状态：200
返回：ok

【2019-01-27 15:48:27】
订单号：20190127154704565698
通知地址：http://574063.com/notify_url/35
通知报文：memberid=10075&orderid=2019012715470443840&transaction_id=20190127154704565698&amount=1000.0000&datetime=20190127154827&returncode=00&sign=CEF6606836D869FF29862A88C28363F1&attach=1234|456
HTTP状态：200
返回：ok

【2019-01-27 15:49:03】
订单号：20190127154444994898
通知地址：http://574063.com/notify_url/35
通知报文：memberid=10075&orderid=2019012715443720781&transaction_id=20190127154444994898&amount=5000.0000&datetime=20190127154903&returncode=00&sign=9D1B010A54DBF3D4AD97EDA594C518B0&attach=1234|456
HTTP状态：200
返回：ok

【2019-01-27 15:49:29】
订单号：20190127154704565698
通知地址：http://574063.com/notify_url/35
通知报文：memberid=10075&orderid=2019012715470443840&transaction_id=20190127154704565698&amount=1000.0000&datetime=20190127154927&returncode=00&sign=ABFE4D60B9C522903BB379358893BDD7&attach=1234|456
HTTP状态：200
返回：ok

【2019-01-27 15:50:04】
订单号：20190127154444994898
通知地址：http://574063.com/notify_url/35
通知报文：memberid=10075&orderid=2019012715443720781&transaction_id=20190127154444994898&amount=5000.0000&datetime=20190127155003&returncode=00&sign=C14ACCB52BC48EEC847A8D9B3430B898&attach=1234|456
HTTP状态：200
返回：ok

【2019-01-27 15:50:29】
订单号：20190127154704565698
通知地址：http://574063.com/notify_url/35
通知报文：memberid=10075&orderid=2019012715470443840&transaction_id=20190127154704565698&amount=1000.0000&datetime=20190127155029&returncode=00&sign=28D38CF6DF9CD0FF7A9E4F33CFFB5D80&attach=1234|456
HTTP状态：200
返回：ok

【2019-01-27 15:51:04】
订单号：20190127154444994898
通知地址：http://574063.com/notify_url/35
通知报文：memberid=10075&orderid=2019012715443720781&transaction_id=20190127154444994898&amount=5000.0000&datetime=20190127155104&returncode=00&sign=959DB8A6194B1E7B406023C876C6FDC8&attach=1234|456
HTTP状态：200
返回：ok

【2019-01-27 15:51:30】
订单号：20190127154704565698
通知地址：http://574063.com/notify_url/35
通知报文：memberid=10075&orderid=2019012715470443840&transaction_id=20190127154704565698&amount=1000.0000&datetime=20190127155129&returncode=00&sign=65127D26C9F4F677931D14B5DA4FB33A&attach=1234|456
HTTP状态：200
返回：ok

【2019-01-27 15:52:05】
订单号：20190127154444994898
通知地址：http://574063.com/notify_url/35
通知报文：memberid=10075&orderid=2019012715443720781&transaction_id=20190127154444994898&amount=5000.0000&datetime=20190127155204&returncode=00&sign=B033A765237FC1B232F72338073084C9&attach=1234|456
HTTP状态：200
返回：ok

【2019-01-27 15:52:14】
订单号：20190127155158101529
通知地址：http://xycz333.com/notify_url/42
通知报文：memberid=10035&orderid=2019012715515700866&transaction_id=20190127155158101529&amount=99.9900&datetime=20190127155213&returncode=00&sign=0A0394239AF8BDABCAE3E71A32614EEE&attach=1234|456
HTTP状态：200
返回：ok

【2019-01-27 15:52:53】
订单号：20190127155226974810
通知地址：http://xycz333.com/notify_url/42
通知报文：memberid=10035&orderid=2019012715522590080&transaction_id=20190127155226974810&amount=200.0000&datetime=20190127155252&returncode=00&sign=5815F352479ADA72F901DDC20AEC3745&attach=1234|456
HTTP状态：200
返回：ok

【2019-01-27 15:53:15】
订单号：20190127155158101529
通知地址：http://xycz333.com/notify_url/42
通知报文：memberid=10035&orderid=2019012715515700866&transaction_id=20190127155158101529&amount=99.9900&datetime=20190127155314&returncode=00&sign=B60EA269ECC16BDF8A0432B6B3D294AE&attach=1234|456
HTTP状态：200
返回：ok

【2019-01-27 15:53:54】
订单号：20190127155226974810
通知地址：http://xycz333.com/notify_url/42
通知报文：memberid=10035&orderid=2019012715522590080&transaction_id=20190127155226974810&amount=200.0000&datetime=20190127155353&returncode=00&sign=451698590313D4A8C858D30A750C5F6E&attach=1234|456
HTTP状态：200
返回：ok

【2019-01-27 15:54:07】
订单号：20190127155337491005
通知地址：http://xycz333.com/notify_url/42
通知报文：memberid=10035&orderid=2019012715533658054&transaction_id=20190127155337491005&amount=199.9900&datetime=20190127155407&returncode=00&sign=D67CAAC60A762E2BF0782662D0148BE6&attach=1234|456
HTTP状态：200
返回：ok

【2019-01-27 15:54:16】
订单号：20190127155158101529
通知地址：http://xycz333.com/notify_url/42
通知报文：memberid=10035&orderid=2019012715515700866&transaction_id=20190127155158101529&amount=99.9900&datetime=20190127155415&returncode=00&sign=575FEB7649A11A2A9A8476E1EA691C3C&attach=1234|456
HTTP状态：200
返回：ok

【2019-01-27 15:54:55】
订单号：20190127155226974810
通知地址：http://xycz333.com/notify_url/42
通知报文：memberid=10035&orderid=2019012715522590080&transaction_id=20190127155226974810&amount=200.0000&datetime=20190127155454&returncode=00&sign=7D64D144C1660BB47AE9DD6764CC43CB&attach=1234|456
HTTP状态：200
返回：ok

【2019-01-27 15:55:08】
订单号：20190127155337491005
通知地址：http://xycz333.com/notify_url/42
通知报文：memberid=10035&orderid=2019012715533658054&transaction_id=20190127155337491005&amount=199.9900&datetime=20190127155507&returncode=00&sign=4BF27FBC108C02C0A07C3DFD23E19E02&attach=1234|456
HTTP状态：200
返回：ok

【2019-01-27 15:55:17】
订单号：20190127155158101529
通知地址：http://xycz333.com/notify_url/42
通知报文：memberid=10035&orderid=2019012715515700866&transaction_id=20190127155158101529&amount=99.9900&datetime=20190127155516&returncode=00&sign=274DEC2A31A92B5C124219883CCC389B&attach=1234|456
HTTP状态：200
返回：ok

【2019-01-27 15:55:56】
订单号：20190127155226974810
通知地址：http://xycz333.com/notify_url/42
通知报文：memberid=10035&orderid=2019012715522590080&transaction_id=20190127155226974810&amount=200.0000&datetime=20190127155555&returncode=00&sign=68ECD74D29FEF01486BE780BFC2E459C&attach=1234|456
HTTP状态：200
返回：ok

【2019-01-27 15:56:08】
订单号：20190127155337491005
通知地址：http://xycz333.com/notify_url/42
通知报文：memberid=10035&orderid=2019012715533658054&transaction_id=20190127155337491005&amount=199.9900&datetime=20190127155608&returncode=00&sign=BC753D6CA28D3A2532B36CD12C6DB52C&attach=1234|456
HTTP状态：200
返回：ok

【2019-01-27 15:56:15】
订单号：20190127155549535497
通知地址：http://xycz333.com/notify_url/42
通知报文：memberid=10035&orderid=2019012715554860590&transaction_id=20190127155549535497&amount=300.0000&datetime=20190127155614&returncode=00&sign=FBFABE74ED220AE7AEDB0FBE3AF42754&attach=1234|456
HTTP状态：200
返回：ok

【2019-01-27 15:56:17】
订单号：20190127155158101529
通知地址：http://xycz333.com/notify_url/42
通知报文：memberid=10035&orderid=2019012715515700866&transaction_id=20190127155158101529&amount=99.9900&datetime=20190127155617&returncode=00&sign=7F3CB022C72E1B2B1334508CC7A4A128&attach=1234|456
HTTP状态：200
返回：ok

【2019-01-27 15:56:56】
订单号：20190127155226974810
通知地址：http://xycz333.com/notify_url/42
通知报文：memberid=10035&orderid=2019012715522590080&transaction_id=20190127155226974810&amount=200.0000&datetime=20190127155656&returncode=00&sign=D27F73219AAF953A116F509560E2D45C&attach=1234|456
HTTP状态：200
返回：ok

【2019-01-27 15:57:09】
订单号：20190127155337491005
通知地址：http://xycz333.com/notify_url/42
通知报文：memberid=10035&orderid=2019012715533658054&transaction_id=20190127155337491005&amount=199.9900&datetime=20190127155708&returncode=00&sign=8CE9F67C2E925C777B745764EFF62159&attach=1234|456
HTTP状态：200
返回：ok

【2019-01-27 15:57:16】
订单号：20190127155549535497
通知地址：http://xycz333.com/notify_url/42
通知报文：memberid=10035&orderid=2019012715554860590&transaction_id=20190127155549535497&amount=300.0000&datetime=20190127155715&returncode=00&sign=831F843A43604CA6B51312FBB5AFF406&attach=1234|456
HTTP状态：200
返回：ok

【2019-01-27 15:57:19】
订单号：20190127155701100100
通知地址：http://574063.com/notify_url/35
通知报文：memberid=10075&orderid=2019012715570157797&transaction_id=20190127155701100100&amount=999.9900&datetime=20190127155719&returncode=00&sign=525BE602784A6DEE20A478E737D3CC75&attach=1234|456
HTTP状态：200
返回：ok

【2019-01-27 15:58:09】
订单号：20190127155337491005
通知地址：http://xycz333.com/notify_url/42
通知报文：memberid=10035&orderid=2019012715533658054&transaction_id=20190127155337491005&amount=199.9900&datetime=20190127155809&returncode=00&sign=52C503A4F826F6FB03907544D8470230&attach=1234|456
HTTP状态：200
返回：ok

【2019-01-27 15:58:16】
订单号：20190127155549535497
通知地址：http://xycz333.com/notify_url/42
通知报文：memberid=10035&orderid=2019012715554860590&transaction_id=20190127155549535497&amount=300.0000&datetime=20190127155816&returncode=00&sign=5AD03638C8B32C298BEBC0E6740DD8AE&attach=1234|456
HTTP状态：200
返回：ok

【2019-01-27 15:58:20】
订单号：20190127155701100100
通知地址：http://574063.com/notify_url/35
通知报文：memberid=10075&orderid=2019012715570157797&transaction_id=20190127155701100100&amount=999.9900&datetime=20190127155819&returncode=00&sign=84D783C3691FECB5383CECF9BC8BFF68&attach=1234|456
HTTP状态：200
返回：ok

【2019-01-27 15:59:17】
订单号：20190127155549535497
通知地址：http://xycz333.com/notify_url/42
通知报文：memberid=10035&orderid=2019012715554860590&transaction_id=20190127155549535497&amount=300.0000&datetime=20190127155916&returncode=00&sign=AF6BF4CD60718999369C02B2020957AD&attach=1234|456
HTTP状态：200
返回：ok

【2019-01-27 15:59:20】
订单号：20190127155701100100
通知地址：http://574063.com/notify_url/35
通知报文：memberid=10075&orderid=2019012715570157797&transaction_id=20190127155701100100&amount=999.9900&datetime=20190127155920&returncode=00&sign=676C53B3AA6A8E462ABF81A05DBA536B&attach=1234|456
HTTP状态：200
返回：ok

【2019-01-27 16:00:18】
订单号：20190127155549535497
通知地址：http://xycz333.com/notify_url/42
通知报文：memberid=10035&orderid=2019012715554860590&transaction_id=20190127155549535497&amount=300.0000&datetime=20190127160017&returncode=00&sign=F6FF279ECB09DF3E449D883B38D35FBC&attach=1234|456
HTTP状态：200
返回：ok

【2019-01-27 16:00:22】
订单号：20190127155701100100
通知地址：http://574063.com/notify_url/35
通知报文：memberid=10075&orderid=2019012715570157797&transaction_id=20190127155701100100&amount=999.9900&datetime=20190127160020&returncode=00&sign=54A1131B1D09F78D78D9AE086D694B06&attach=1234|456
HTTP状态：200
返回：ok

【2019-01-27 16:01:23】
订单号：20190127155701100100
通知地址：http://574063.com/notify_url/35
通知报文：memberid=10075&orderid=2019012715570157797&transaction_id=20190127155701100100&amount=999.9900&datetime=20190127160122&returncode=00&sign=14D7F4D591777DDC7147FC189BD292E6&attach=1234|456
HTTP状态：200
返回：ok

【2019-01-27 16:02:52】
订单号：20190127160232569848
通知地址：http://xycz333.com/notify_url/42
通知报文：memberid=10035&orderid=2019012716023279958&transaction_id=20190127160232569848&amount=200.0000&datetime=20190127160251&returncode=00&sign=42CC4BFE777B8484BBEFE932EA1B0481&attach=1234|456
HTTP状态：200
返回：ok

【2019-01-27 16:03:52】
订单号：20190127160232569848
通知地址：http://xycz333.com/notify_url/42
通知报文：memberid=10035&orderid=2019012716023279958&transaction_id=20190127160232569848&amount=200.0000&datetime=20190127160352&returncode=00&sign=0CEAC9B6B22C9DE42816CAB30EAC6ACA&attach=1234|456
HTTP状态：200
返回：ok

【2019-01-27 16:04:53】
订单号：20190127160232569848
通知地址：http://xycz333.com/notify_url/42
通知报文：memberid=10035&orderid=2019012716023279958&transaction_id=20190127160232569848&amount=200.0000&datetime=20190127160452&returncode=00&sign=28C6A8C001252093DB5214C2D615FAF3&attach=1234|456
HTTP状态：200
返回：ok

【2019-01-27 16:05:53】
订单号：20190127160232569848
通知地址：http://xycz333.com/notify_url/42
通知报文：memberid=10035&orderid=2019012716023279958&transaction_id=20190127160232569848&amount=200.0000&datetime=20190127160553&returncode=00&sign=CA5C04F1296A3FCCC664F0C91CE1F882&attach=1234|456
HTTP状态：200
返回：ok

【2019-01-27 16:06:54】
订单号：20190127160232569848
通知地址：http://xycz333.com/notify_url/42
通知报文：memberid=10035&orderid=2019012716023279958&transaction_id=20190127160232569848&amount=200.0000&datetime=20190127160653&returncode=00&sign=B04B7BCE5769B6E94DF9634234D238A2&attach=1234|456
HTTP状态：200
返回：ok

【2019-01-27 16:07:43】
订单号：20190127160703554898
通知地址：http://574063.com/notify_url/35
通知报文：memberid=10075&orderid=2019012716070249956&transaction_id=20190127160703554898&amount=3000.0000&datetime=20190127160742&returncode=00&sign=5A7209F57D5D65EB1BF396CB85523589&attach=1234|456
HTTP状态：200
返回：ok

【2019-01-27 16:08:44】
订单号：20190127160703554898
通知地址：http://574063.com/notify_url/35
通知报文：memberid=10075&orderid=2019012716070249956&transaction_id=20190127160703554898&amount=3000.0000&datetime=20190127160843&returncode=00&sign=0AE4C6A9F3FE7062728F826A6FD02D8F&attach=1234|456
HTTP状态：200
返回：ok

【2019-01-27 16:09:44】
订单号：20190127160703554898
通知地址：http://574063.com/notify_url/35
通知报文：memberid=10075&orderid=2019012716070249956&transaction_id=20190127160703554898&amount=3000.0000&datetime=20190127160944&returncode=00&sign=83CB867FEB09413AEADAB4A4A70AE96C&attach=1234|456
HTTP状态：200
返回：ok

【2019-01-27 16:10:45】
订单号：20190127160703554898
通知地址：http://574063.com/notify_url/35
通知报文：memberid=10075&orderid=2019012716070249956&transaction_id=20190127160703554898&amount=3000.0000&datetime=20190127161044&returncode=00&sign=1DAB751D994F57395BF08D79A80F5944&attach=1234|456
HTTP状态：200
返回：ok

【2019-01-27 16:11:46】
订单号：20190127160703554898
通知地址：http://574063.com/notify_url/35
通知报文：memberid=10075&orderid=2019012716070249956&transaction_id=20190127160703554898&amount=3000.0000&datetime=20190127161145&returncode=00&sign=DD0AAD25E0AB082DFB6583E12E6B17BF&attach=1234|456
HTTP状态：200
返回：ok

【2019-01-27 16:27:29】
订单号：20190127162714505799
通知地址：http://574063.com/notify_url/35
通知报文：memberid=10075&orderid=2019012716271380350&transaction_id=20190127162714505799&amount=500.0000&datetime=20190127162728&returncode=00&sign=90FEBC457C28681DD2C390853667164C&attach=1234|456
HTTP状态：200
返回：ok

【2019-01-27 16:28:29】
订单号：20190127162714505799
通知地址：http://574063.com/notify_url/35
通知报文：memberid=10075&orderid=2019012716271380350&transaction_id=20190127162714505799&amount=500.0000&datetime=20190127162829&returncode=00&sign=1EC439C814F11AEB4EC1829274B8575E&attach=1234|456
HTTP状态：200
返回：ok

【2019-01-27 16:29:30】
订单号：20190127162714505799
通知地址：http://574063.com/notify_url/35
通知报文：memberid=10075&orderid=2019012716271380350&transaction_id=20190127162714505799&amount=500.0000&datetime=20190127162930&returncode=00&sign=35D752259CAEE9E7ED15DFDEF6E7CFCB&attach=1234|456
HTTP状态：200
返回：ok

【2019-01-27 16:30:31】
订单号：20190127162714505799
通知地址：http://574063.com/notify_url/35
通知报文：memberid=10075&orderid=2019012716271380350&transaction_id=20190127162714505799&amount=500.0000&datetime=20190127163030&returncode=00&sign=7B69C2AF0BCE74E6AF05E1BB2D669C37&attach=1234|456
HTTP状态：200
返回：ok

【2019-01-27 16:31:33】
订单号：20190127162714505799
通知地址：http://574063.com/notify_url/35
通知报文：memberid=10075&orderid=2019012716271380350&transaction_id=20190127162714505799&amount=500.0000&datetime=20190127163131&returncode=00&sign=E1E2718A815B0BF7A38D815462FB097F&attach=1234|456
HTTP状态：200
返回：ok

【2019-01-27 17:42:31】
订单号：20190127174207102525
通知地址：http://55qiwn.natappfree.cc/zagame/wuguiPayNotifyurl
通知报文：memberid=10004&orderid=20190127174208428354&transaction_id=20190127174207102525&amount=99.9600&datetime=20190127174231&returncode=00&sign=74C2933B90EBAA45A141DCB82FCBEF83&attach=AUTO
HTTP状态：0
返回：

【2019-01-27 17:43:31】
订单号：20190127174207102525
通知地址：http://55qiwn.natappfree.cc/zagame/wuguiPayNotifyurl
通知报文：memberid=10004&orderid=20190127174208428354&transaction_id=20190127174207102525&amount=99.9600&datetime=20190127174331&returncode=00&sign=5796339018338CE1377267D52D14A1D9&attach=AUTO
HTTP状态：0
返回：

【2019-01-27 17:44:31】
订单号：20190127174207102525
通知地址：http://55qiwn.natappfree.cc/zagame/wuguiPayNotifyurl
通知报文：memberid=10004&orderid=20190127174208428354&transaction_id=20190127174207102525&amount=99.9600&datetime=20190127174431&returncode=00&sign=67EEF55E937F27D9019B72F71852E760&attach=AUTO
HTTP状态：0
返回：

【2019-01-27 17:45:32】
订单号：20190127174207102525
通知地址：http://55qiwn.natappfree.cc/zagame/wuguiPayNotifyurl
通知报文：memberid=10004&orderid=20190127174208428354&transaction_id=20190127174207102525&amount=99.9600&datetime=20190127174531&returncode=00&sign=5D28FE84143A1B9BC462593E2C0B69B9&attach=AUTO
HTTP状态：0
返回：

【2019-01-27 17:46:32】
订单号：20190127174207102525
通知地址：http://55qiwn.natappfree.cc/zagame/wuguiPayNotifyurl
通知报文：memberid=10004&orderid=20190127174208428354&transaction_id=20190127174207102525&amount=99.9600&datetime=20190127174632&returncode=00&sign=8281EE41AF2BDAC19B0C18833DCE5D86&attach=AUTO
HTTP状态：0
返回：

【2019-01-27 17:47:20】
订单号：20190127174649579952
通知地址：http://55qiwn.natappfree.cc/zagame/wuguiPayNotifyurl
通知报文：memberid=10004&orderid=20190127174651411258&transaction_id=20190127174649579952&amount=99.9900&datetime=20190127174720&returncode=00&sign=60901A3D321610FEB23A833BB7772BF1&attach=AUTO
HTTP状态：0
返回：

【2019-01-27 17:48:20】
订单号：20190127174649579952
通知地址：http://55qiwn.natappfree.cc/zagame/wuguiPayNotifyurl
通知报文：memberid=10004&orderid=20190127174651411258&transaction_id=20190127174649579952&amount=99.9900&datetime=20190127174820&returncode=00&sign=CBF84A7D1A352A92B36BBBFC579A98FB&attach=AUTO
HTTP状态：0
返回：

【2019-01-27 17:49:20】
订单号：20190127174649579952
通知地址：http://55qiwn.natappfree.cc/zagame/wuguiPayNotifyurl
通知报文：memberid=10004&orderid=20190127174651411258&transaction_id=20190127174649579952&amount=99.9900&datetime=20190127174920&returncode=00&sign=AF3FC084F385544A4703F75509E5F091&attach=AUTO
HTTP状态：0
返回：

【2019-01-27 17:50:20】
订单号：20190127174649579952
通知地址：http://55qiwn.natappfree.cc/zagame/wuguiPayNotifyurl
通知报文：memberid=10004&orderid=20190127174651411258&transaction_id=20190127174649579952&amount=99.9900&datetime=20190127175020&returncode=00&sign=46D1A4ACC51B0A020C1BA9D717587F46&attach=AUTO
HTTP状态：0
返回：

【2019-01-27 17:51:21】
订单号：20190127174649579952
通知地址：http://55qiwn.natappfree.cc/zagame/wuguiPayNotifyurl
通知报文：memberid=10004&orderid=20190127174651411258&transaction_id=20190127174649579952&amount=99.9900&datetime=20190127175121&returncode=00&sign=A011A90ED6E36F121156A55093E1760D&attach=AUTO
HTTP状态：0
返回：

【2019-01-27 18:33:47】
订单号：20190127183326544854
通知地址：http://574063.com/notify_url/35
通知报文：memberid=10075&orderid=2019012718332497051&transaction_id=20190127183326544854&amount=1998.0000&datetime=20190127183346&returncode=00&sign=02FA9B4A4CC8E2C987DC8F46F353C903&attach=1234|456
HTTP状态：200
返回：ok

【2019-01-27 18:34:47】
订单号：20190127183326544854
通知地址：http://574063.com/notify_url/35
通知报文：memberid=10075&orderid=2019012718332497051&transaction_id=20190127183326544854&amount=1998.0000&datetime=20190127183447&returncode=00&sign=F1A69D4F94601FAADB7C4AD14B357DCD&attach=1234|456
HTTP状态：200
返回：ok

【2019-01-27 18:35:48】
订单号：20190127183326544854
通知地址：http://574063.com/notify_url/35
通知报文：memberid=10075&orderid=2019012718332497051&transaction_id=20190127183326544854&amount=1998.0000&datetime=20190127183547&returncode=00&sign=16FC4C208ECCE7ADDE0136C1C9BC2DA6&attach=1234|456
HTTP状态：200
返回：ok

【2019-01-27 18:36:49】
订单号：20190127183326544854
通知地址：http://574063.com/notify_url/35
通知报文：memberid=10075&orderid=2019012718332497051&transaction_id=20190127183326544854&amount=1998.0000&datetime=20190127183648&returncode=00&sign=2F9F3162A7A090E58E50333F64E59B9D&attach=1234|456
HTTP状态：200
返回：ok

【2019-01-27 18:37:49】
订单号：20190127183326544854
通知地址：http://574063.com/notify_url/35
通知报文：memberid=10075&orderid=2019012718332497051&transaction_id=20190127183326544854&amount=1998.0000&datetime=20190127183749&returncode=00&sign=ED8BA63F70C5E35B93DEC983587FBA4C&attach=1234|456
HTTP状态：200
返回：ok

【2019-01-27 19:23:54】
订单号：20190127192320565510
通知地址：http://55qiwn.natappfree.cc/zagame/wuguiPayNotifyurl
通知报文：memberid=10004&orderid=20190127192322899042&transaction_id=20190127192320565510&amount=100.0000&datetime=20190127192354&returncode=00&sign=268CF4AB0DFECE4A25E4E3DA7D64B323&attach=AUTO
HTTP状态：0
返回：

【2019-01-27 19:24:54】
订单号：20190127192320565510
通知地址：http://55qiwn.natappfree.cc/zagame/wuguiPayNotifyurl
通知报文：memberid=10004&orderid=20190127192322899042&transaction_id=20190127192320565510&amount=100.0000&datetime=20190127192454&returncode=00&sign=67040D18EA98F0AA144AE119B67DD60F&attach=AUTO
HTTP状态：0
返回：

【2019-01-27 19:25:54】
订单号：20190127192320565510
通知地址：http://55qiwn.natappfree.cc/zagame/wuguiPayNotifyurl
通知报文：memberid=10004&orderid=20190127192322899042&transaction_id=20190127192320565510&amount=100.0000&datetime=20190127192554&returncode=00&sign=7A30052C45270885EE29B0948A979EC7&attach=AUTO
HTTP状态：0
返回：

【2019-01-27 19:26:54】
订单号：20190127192320565510
通知地址：http://55qiwn.natappfree.cc/zagame/wuguiPayNotifyurl
通知报文：memberid=10004&orderid=20190127192322899042&transaction_id=20190127192320565510&amount=100.0000&datetime=20190127192654&returncode=00&sign=C8115066CC9FC4E5BAE775A5DA963FD5&attach=AUTO
HTTP状态：0
返回：

【2019-01-27 19:27:54】
订单号：20190127192320565510
通知地址：http://55qiwn.natappfree.cc/zagame/wuguiPayNotifyurl
通知报文：memberid=10004&orderid=20190127192322899042&transaction_id=20190127192320565510&amount=100.0000&datetime=20190127192754&returncode=00&sign=00E514CB9D0E8027733CA90BC73AFA8D&attach=AUTO
HTTP状态：0
返回：

【2019-01-27 19:49:17】
订单号：20190127194811985598
通知地址：http://574063.com/notify_url/35
通知报文：memberid=10075&orderid=2019012719481094049&transaction_id=20190127194811985598&amount=988.0000&datetime=20190127194916&returncode=00&sign=F705846E970457F36678100D197C03C8&attach=1234|456
HTTP状态：200
返回：ok

【2019-01-27 19:50:17】
订单号：20190127194811985598
通知地址：http://574063.com/notify_url/35
通知报文：memberid=10075&orderid=2019012719481094049&transaction_id=20190127194811985598&amount=988.0000&datetime=20190127195017&returncode=00&sign=4585AEDE26BA626D5E0427325DB29AF3&attach=1234|456
HTTP状态：200
返回：ok

【2019-01-27 19:51:18】
订单号：20190127194811985598
通知地址：http://574063.com/notify_url/35
通知报文：memberid=10075&orderid=2019012719481094049&transaction_id=20190127194811985598&amount=988.0000&datetime=20190127195118&returncode=00&sign=8A930B074268D08E0FDA9583AABC88CA&attach=1234|456
HTTP状态：200
返回：ok

【2019-01-27 19:52:20】
订单号：20190127194811985598
通知地址：http://574063.com/notify_url/35
通知报文：memberid=10075&orderid=2019012719481094049&transaction_id=20190127194811985598&amount=988.0000&datetime=20190127195219&returncode=00&sign=7DDC3388B329805E23E20686B78DE94A&attach=1234|456
HTTP状态：200
返回：ok

【2019-01-27 19:53:22】
订单号：20190127194811985598
通知地址：http://574063.com/notify_url/35
通知报文：memberid=10075&orderid=2019012719481094049&transaction_id=20190127194811985598&amount=988.0000&datetime=20190127195320&returncode=00&sign=68D0A6CD164650D723A48B94549B1496&attach=1234|456
HTTP状态：200
返回：ok

【2019-01-27 19:54:21】
订单号：20190127195354505350
通知地址：https://www.qmpay66.com/notify_url/24
通知报文：memberid=10073&orderid=2019012719535387150&transaction_id=20190127195354505350&amount=200.0000&datetime=20190127195420&returncode=00&sign=35367A03DF7A53BC23C06DAA9376493F&attach=1234|456
HTTP状态：200
返回：ok

【2019-01-27 19:55:22】
订单号：20190127195354505350
通知地址：https://www.qmpay66.com/notify_url/24
通知报文：memberid=10073&orderid=2019012719535387150&transaction_id=20190127195354505350&amount=200.0000&datetime=20190127195521&returncode=00&sign=DC664E1F1BAD0DDFBADDE1F890581941&attach=1234|456
HTTP状态：200
返回：ok

【2019-01-27 19:56:24】
订单号：20190127195354505350
通知地址：https://www.qmpay66.com/notify_url/24
通知报文：memberid=10073&orderid=2019012719535387150&transaction_id=20190127195354505350&amount=200.0000&datetime=20190127195622&returncode=00&sign=3EB92C9539C1F6DCF49D3E01DAC7B064&attach=1234|456
HTTP状态：200
返回：ok

【2019-01-27 19:57:25】
订单号：20190127195354505350
通知地址：https://www.qmpay66.com/notify_url/24
通知报文：memberid=10073&orderid=2019012719535387150&transaction_id=20190127195354505350&amount=200.0000&datetime=20190127195724&returncode=00&sign=F2B5CE523B71A0FD20FAEE9969BD7ACC&attach=1234|456
HTTP状态：200
返回：ok

【2019-01-27 19:58:26】
订单号：20190127195354505350
通知地址：https://www.qmpay66.com/notify_url/24
通知报文：memberid=10073&orderid=2019012719535387150&transaction_id=20190127195354505350&amount=200.0000&datetime=20190127195825&returncode=00&sign=2B3EB3D4CB03AE8BF2C90E37FF29BA18&attach=1234|456
HTTP状态：200
返回：ok

【2019-01-27 19:59:14】
订单号：20190127195820995398
通知地址：https://www.qmpay66.com/notify_url/24
通知报文：memberid=10073&orderid=2019012719564523924&transaction_id=20190127195820995398&amount=200.0000&datetime=20190127195913&returncode=00&sign=CF73A1417EF55334B6336E3E92F632BF&attach=1234|456
HTTP状态：200
返回：ok

【2019-01-27 20:00:14】
订单号：20190127195820995398
通知地址：https://www.qmpay66.com/notify_url/24
通知报文：memberid=10073&orderid=2019012719564523924&transaction_id=20190127195820995398&amount=200.0000&datetime=20190127200014&returncode=00&sign=54A5E3B4602EEB96BA4A2D5BD5989A3F&attach=1234|456
HTTP状态：200
返回：ok

【2019-01-27 20:01:15】
订单号：20190127195820995398
通知地址：https://www.qmpay66.com/notify_url/24
通知报文：memberid=10073&orderid=2019012719564523924&transaction_id=20190127195820995398&amount=200.0000&datetime=20190127200115&returncode=00&sign=1C593EAA3D499733C2A8D11385E639F5&attach=1234|456
HTTP状态：200
返回：ok

【2019-01-27 20:02:16】
订单号：20190127195820995398
通知地址：https://www.qmpay66.com/notify_url/24
通知报文：memberid=10073&orderid=2019012719564523924&transaction_id=20190127195820995398&amount=200.0000&datetime=20190127200215&returncode=00&sign=FB8BFF839FADA7C4F565E24E94046B43&attach=1234|456
HTTP状态：200
返回：ok

【2019-01-27 20:03:18】
订单号：20190127195820995398
通知地址：https://www.qmpay66.com/notify_url/24
通知报文：memberid=10073&orderid=2019012719564523924&transaction_id=20190127195820995398&amount=200.0000&datetime=20190127200316&returncode=00&sign=C4316F9FFB9D65B05142EE1C1E4E87E2&attach=1234|456
HTTP状态：200
返回：ok

【2019-01-27 20:09:15】
订单号：20190127200807555650
通知地址：https://www.qmpay66.com/notify_url/24
通知报文：memberid=10073&orderid=2019012720080660624&transaction_id=20190127200807555650&amount=500.0000&datetime=20190127200914&returncode=00&sign=3C76B056F31F11A1C21F434272BD9388&attach=1234|456
HTTP状态：200
返回：ok

【2019-01-27 20:10:16】
订单号：20190127200807555650
通知地址：https://www.qmpay66.com/notify_url/24
通知报文：memberid=10073&orderid=2019012720080660624&transaction_id=20190127200807555650&amount=500.0000&datetime=20190127201015&returncode=00&sign=4CA30EE041B8767BF2882F4633080AF2&attach=1234|456
HTTP状态：200
返回：ok

【2019-01-27 20:11:17】
订单号：20190127200807555650
通知地址：https://www.qmpay66.com/notify_url/24
通知报文：memberid=10073&orderid=2019012720080660624&transaction_id=20190127200807555650&amount=500.0000&datetime=20190127201116&returncode=00&sign=5E6894F46A3D1F612FD3981ACBD9B8C1&attach=1234|456
HTTP状态：200
返回：ok

【2019-01-27 20:12:18】
订单号：20190127200807555650
通知地址：https://www.qmpay66.com/notify_url/24
通知报文：memberid=10073&orderid=2019012720080660624&transaction_id=20190127200807555650&amount=500.0000&datetime=20190127201217&returncode=00&sign=D4AC70A441B185C675D5960ADB91A5F5&attach=1234|456
HTTP状态：200
返回：ok

【2019-01-27 20:13:20】
订单号：20190127200807555650
通知地址：https://www.qmpay66.com/notify_url/24
通知报文：memberid=10073&orderid=2019012720080660624&transaction_id=20190127200807555650&amount=500.0000&datetime=20190127201318&returncode=00&sign=7B584FB911373976BC3B658AC20884AB&attach=1234|456
HTTP状态：200
返回：ok

【2019-01-27 20:23:42】
订单号：20190127202258505754
通知地址：https://www.qmpay66.com/notify_url/24
通知报文：memberid=10073&orderid=2019012720225894258&transaction_id=20190127202258505754&amount=300.0000&datetime=20190127202341&returncode=00&sign=36321DB31DA7A90C0634D0EC25157803&attach=1234|456
HTTP状态：200
返回：ok

【2019-01-27 20:24:44】
订单号：20190127202258505754
通知地址：https://www.qmpay66.com/notify_url/24
通知报文：memberid=10073&orderid=2019012720225894258&transaction_id=20190127202258505754&amount=300.0000&datetime=20190127202442&returncode=00&sign=793C920F57BECFC8E3FF50D5B36D5C50&attach=1234|456
HTTP状态：200
返回：ok

【2019-01-27 20:25:30】
订单号：20190127202441575350
通知地址：https://www.qmpay66.com/notify_url/24
通知报文：memberid=10073&orderid=2019012720243700124&transaction_id=20190127202441575350&amount=500.0000&datetime=20190127202529&returncode=00&sign=FF44248C414F0C92FF99EF1FD7BAC784&attach=1234|456
HTTP状态：200
返回：ok

【2019-01-27 20:25:46】
订单号：20190127202258505754
通知地址：https://www.qmpay66.com/notify_url/24
通知报文：memberid=10073&orderid=2019012720225894258&transaction_id=20190127202258505754&amount=300.0000&datetime=20190127202544&returncode=00&sign=0AD3E68E8D216A0F4EBC5231844F5226&attach=1234|456
HTTP状态：200
返回：ok

【2019-01-27 20:26:33】
订单号：20190127202441575350
通知地址：https://www.qmpay66.com/notify_url/24
通知报文：memberid=10073&orderid=2019012720243700124&transaction_id=20190127202441575350&amount=500.0000&datetime=20190127202630&returncode=00&sign=328EEAF73B39FCB7D501D86114359A5A&attach=1234|456
HTTP状态：200
返回：ok

【2019-01-27 20:26:47】
订单号：20190127202258505754
通知地址：https://www.qmpay66.com/notify_url/24
通知报文：memberid=10073&orderid=2019012720225894258&transaction_id=20190127202258505754&amount=300.0000&datetime=20190127202646&returncode=00&sign=10A83D621802434835706EC125825CD1&attach=1234|456
HTTP状态：200
返回：ok

【2019-01-27 20:27:34】
订单号：20190127202441575350
通知地址：https://www.qmpay66.com/notify_url/24
通知报文：memberid=10073&orderid=2019012720243700124&transaction_id=20190127202441575350&amount=500.0000&datetime=20190127202733&returncode=00&sign=2ED1BE465E0E2A23A8DC6070E325106F&attach=1234|456
HTTP状态：200
返回：ok

【2019-01-27 20:27:50】
订单号：20190127202258505754
通知地址：https://www.qmpay66.com/notify_url/24
通知报文：memberid=10073&orderid=2019012720225894258&transaction_id=20190127202258505754&amount=300.0000&datetime=20190127202747&returncode=00&sign=F6D23B28148423687CD3A22572581CDA&attach=1234|456
HTTP状态：200
返回：ok

【2019-01-27 20:28:36】
订单号：20190127202441575350
通知地址：https://www.qmpay66.com/notify_url/24
通知报文：memberid=10073&orderid=2019012720243700124&transaction_id=20190127202441575350&amount=500.0000&datetime=20190127202834&returncode=00&sign=32EA5929623D52A8027629BCF6BEE89D&attach=1234|456
HTTP状态：200
返回：ok

【2019-01-27 20:29:38】
订单号：20190127202441575350
通知地址：https://www.qmpay66.com/notify_url/24
通知报文：memberid=10073&orderid=2019012720243700124&transaction_id=20190127202441575350&amount=500.0000&datetime=20190127202936&returncode=00&sign=EE39D3BE0241CA8698444382E270B06F&attach=1234|456
HTTP状态：200
返回：ok

【2019-01-27 20:31:50】
订单号：20190127202955515097
通知地址：https://www.qmpay66.com/notify_url/24
通知报文：memberid=10073&orderid=2019012720295488812&transaction_id=20190127202955515097&amount=300.0000&datetime=20190127203149&returncode=00&sign=BBC24797E8E3D8C348F796403EC3F115&attach=1234|456
HTTP状态：200
返回：ok

【2019-01-27 20:32:51】
订单号：20190127202955515097
通知地址：https://www.qmpay66.com/notify_url/24
通知报文：memberid=10073&orderid=2019012720295488812&transaction_id=20190127202955515097&amount=300.0000&datetime=20190127203250&returncode=00&sign=A0B06F4A878EBA858D1992FAF1176AEF&attach=1234|456
HTTP状态：200
返回：ok

【2019-01-27 20:33:52】
订单号：20190127202955515097
通知地址：https://www.qmpay66.com/notify_url/24
通知报文：memberid=10073&orderid=2019012720295488812&transaction_id=20190127202955515097&amount=300.0000&datetime=20190127203351&returncode=00&sign=B6044C963A76A5FDFCE41C3AE012FEC7&attach=1234|456
HTTP状态：200
返回：ok

【2019-01-27 20:34:53】
订单号：20190127202955515097
通知地址：https://www.qmpay66.com/notify_url/24
通知报文：memberid=10073&orderid=2019012720295488812&transaction_id=20190127202955515097&amount=300.0000&datetime=20190127203452&returncode=00&sign=AFFEBE37CC8E680DED965E449431323D&attach=1234|456
HTTP状态：200
返回：ok

【2019-01-27 20:35:54】
订单号：20190127202955515097
通知地址：https://www.qmpay66.com/notify_url/24
通知报文：memberid=10073&orderid=2019012720295488812&transaction_id=20190127202955515097&amount=300.0000&datetime=20190127203553&returncode=00&sign=6C7B109D05B2E244BC5A8DF3E04DC5A1&attach=1234|456
HTTP状态：200
返回：ok

【2019-01-27 20:38:02】
订单号：20190127203457499852
通知地址：https://www.qmpay66.com/notify_url/24
通知报文：memberid=10073&orderid=2019012720345674436&transaction_id=20190127203457499852&amount=200.0000&datetime=20190127203801&returncode=00&sign=FE3E0390A2A7E3FFBF5FDF52A4D314FF&attach=1234|456
HTTP状态：200
返回：ok

【2019-01-27 20:38:27】
订单号：20190127203705495155
通知地址：https://www.qmpay66.com/notify_url/24
通知报文：memberid=10073&orderid=2019012720370407271&transaction_id=20190127203705495155&amount=2000.0000&datetime=20190127203826&returncode=00&sign=A31359BF93E8EDA1D839B344E6C4FF84&attach=1234|456
HTTP状态：200
返回：ok

【2019-01-27 20:39:04】
订单号：20190127203457499852
通知地址：https://www.qmpay66.com/notify_url/24
通知报文：memberid=10073&orderid=2019012720345674436&transaction_id=20190127203457499852&amount=200.0000&datetime=20190127203902&returncode=00&sign=C5781A79288BA56939358DCCFF77F071&attach=1234|456
HTTP状态：200
返回：ok

【2019-01-27 20:39:35】
订单号：20190127203705495155
通知地址：https://www.qmpay66.com/notify_url/24
通知报文：memberid=10073&orderid=2019012720370407271&transaction_id=20190127203705495155&amount=2000.0000&datetime=20190127203927&returncode=00&sign=71A1DB208B403B39653CFD9FF8288164&attach=1234|456
HTTP状态：200
返回：ok

【2019-01-27 20:39:38】
订单号：20190127203839102575
通知地址：https://www.qmpay66.com/notify_url/24
通知报文：memberid=10073&orderid=2019012720383821848&transaction_id=20190127203839102575&amount=1000.0000&datetime=20190127203937&returncode=00&sign=A1CED332E45B83714642A7F7F5583AAC&attach=1234|456
HTTP状态：200
返回：ok

【2019-01-27 20:40:05】
订单号：20190127203457499852
通知地址：https://www.qmpay66.com/notify_url/24
通知报文：memberid=10073&orderid=2019012720345674436&transaction_id=20190127203457499852&amount=200.0000&datetime=20190127204004&returncode=00&sign=EB6598257E746076A2942865F428C1EE&attach=1234|456
HTTP状态：200
返回：ok

【2019-01-27 20:40:37】
订单号：20190127203705495155
通知地址：https://www.qmpay66.com/notify_url/24
通知报文：memberid=10073&orderid=2019012720370407271&transaction_id=20190127203705495155&amount=2000.0000&datetime=20190127204036&returncode=00&sign=D8B4E194F4A36AC7F403B5A8CCD84187&attach=1234|456
HTTP状态：200
返回：ok

【2019-01-27 20:40:39】
订单号：20190127203839102575
通知地址：https://www.qmpay66.com/notify_url/24
通知报文：memberid=10073&orderid=2019012720383821848&transaction_id=20190127203839102575&amount=1000.0000&datetime=20190127204038&returncode=00&sign=A4B02BBD921DD3BF448BDEF8F5C4448C&attach=1234|456
HTTP状态：200
返回：ok

【2019-01-27 20:41:06】
订单号：20190127203457499852
通知地址：https://www.qmpay66.com/notify_url/24
通知报文：memberid=10073&orderid=2019012720345674436&transaction_id=20190127203457499852&amount=200.0000&datetime=20190127204105&returncode=00&sign=727714BA5759FFC386A27B3BDA578B79&attach=1234|456
HTTP状态：200
返回：ok

【2019-01-27 20:41:38】
订单号：20190127203705495155
通知地址：https://www.qmpay66.com/notify_url/24
通知报文：memberid=10073&orderid=2019012720370407271&transaction_id=20190127203705495155&amount=2000.0000&datetime=20190127204137&returncode=00&sign=84616DEAC4E8F5429A870FDB9B74863C&attach=1234|456
HTTP状态：200
返回：ok

【2019-01-27 20:41:41】
订单号：20190127203839102575
通知地址：https://www.qmpay66.com/notify_url/24
通知报文：memberid=10073&orderid=2019012720383821848&transaction_id=20190127203839102575&amount=1000.0000&datetime=20190127204139&returncode=00&sign=BDE12051B02CFA444D957E2E67B2135F&attach=1234|456
HTTP状态：200
返回：ok

【2019-01-27 20:42:07】
订单号：20190127203457499852
通知地址：https://www.qmpay66.com/notify_url/24
通知报文：memberid=10073&orderid=2019012720345674436&transaction_id=20190127203457499852&amount=200.0000&datetime=20190127204206&returncode=00&sign=21B357F254D03B31577052E8E469F574&attach=1234|456
HTTP状态：200
返回：ok

【2019-01-27 20:42:39】
订单号：20190127203705495155
通知地址：https://www.qmpay66.com/notify_url/24
通知报文：memberid=10073&orderid=2019012720370407271&transaction_id=20190127203705495155&amount=2000.0000&datetime=20190127204238&returncode=00&sign=76CCAAB39403A04CF92C6A696DADFF55&attach=1234|456
HTTP状态：200
返回：ok

【2019-01-27 20:42:43】
订单号：20190127203839102575
通知地址：https://www.qmpay66.com/notify_url/24
通知报文：memberid=10073&orderid=2019012720383821848&transaction_id=20190127203839102575&amount=1000.0000&datetime=20190127204241&returncode=00&sign=642586B1063460F2393B5AD3238065A1&attach=1234|456
HTTP状态：200
返回：ok

【2019-01-27 20:43:18】
订单号：20190127204237100525
通知地址：https://www.qmpay66.com/notify_url/24
通知报文：memberid=10073&orderid=2019012720423689122&transaction_id=20190127204237100525&amount=500.0000&datetime=20190127204317&returncode=00&sign=F8A37C1422310E32B7A5A6E8737CC811&attach=1234|456
HTTP状态：200
返回：ok

【2019-01-27 20:43:44】
订单号：20190127203839102575
通知地址：https://www.qmpay66.com/notify_url/24
通知报文：memberid=10073&orderid=2019012720383821848&transaction_id=20190127203839102575&amount=1000.0000&datetime=20190127204343&returncode=00&sign=32358A814B666D72D4156827F900E582&attach=1234|456
HTTP状态：200
返回：ok

【2019-01-27 20:44:19】
订单号：20190127204237100525
通知地址：https://www.qmpay66.com/notify_url/24
通知报文：memberid=10073&orderid=2019012720423689122&transaction_id=20190127204237100525&amount=500.0000&datetime=20190127204418&returncode=00&sign=769EAC2131886FA2C79924A502A6FC3F&attach=1234|456
HTTP状态：200
返回：ok

【2019-01-27 20:45:20】
订单号：20190127204237100525
通知地址：https://www.qmpay66.com/notify_url/24
通知报文：memberid=10073&orderid=2019012720423689122&transaction_id=20190127204237100525&amount=500.0000&datetime=20190127204519&returncode=00&sign=49558B73ADAE5F8B90897D2FCA15DD8F&attach=1234|456
HTTP状态：200
返回：ok

【2019-01-27 20:46:23】
订单号：20190127204237100525
通知地址：https://www.qmpay66.com/notify_url/24
通知报文：memberid=10073&orderid=2019012720423689122&transaction_id=20190127204237100525&amount=500.0000&datetime=20190127204620&returncode=00&sign=D7FCD1ACBF66D41EF540AF7C64F38C50&attach=1234|456
HTTP状态：200
返回：ok

【2019-01-27 20:47:25】
订单号：20190127204237100525
通知地址：https://www.qmpay66.com/notify_url/24
通知报文：memberid=10073&orderid=2019012720423689122&transaction_id=20190127204237100525&amount=500.0000&datetime=20190127204723&returncode=00&sign=C71BE6D8117100E09ACD785B3356589E&attach=1234|456
HTTP状态：200
返回：ok

【2019-01-27 20:49:40】
订单号：20190127204621100101
通知地址：https://www.qmpay66.com/notify_url/24
通知报文：memberid=10073&orderid=2019012720462035496&transaction_id=20190127204621100101&amount=200.0000&datetime=20190127204939&returncode=00&sign=93906B8F21E98CF6A098D1A6A13590CD&attach=1234|456
HTTP状态：200
返回：ok

【2019-01-27 20:50:41】
订单号：20190127204621100101
通知地址：https://www.qmpay66.com/notify_url/24
通知报文：memberid=10073&orderid=2019012720462035496&transaction_id=20190127204621100101&amount=200.0000&datetime=20190127205040&returncode=00&sign=1EA17A6160BF7DFF0DE482873A7CBD7E&attach=1234|456
HTTP状态：200
返回：ok

【2019-01-27 20:51:42】
订单号：20190127204621100101
通知地址：https://www.qmpay66.com/notify_url/24
通知报文：memberid=10073&orderid=2019012720462035496&transaction_id=20190127204621100101&amount=200.0000&datetime=20190127205141&returncode=00&sign=C3AB51761E597EEF046927E60F88AE91&attach=1234|456
HTTP状态：200
返回：ok

【2019-01-27 20:52:43】
订单号：20190127204621100101
通知地址：https://www.qmpay66.com/notify_url/24
通知报文：memberid=10073&orderid=2019012720462035496&transaction_id=20190127204621100101&amount=200.0000&datetime=20190127205242&returncode=00&sign=35329AFB5C4A1DF2BD27F28D66215E40&attach=1234|456
HTTP状态：200
返回：ok

【2019-01-27 20:53:44】
订单号：20190127204621100101
通知地址：https://www.qmpay66.com/notify_url/24
通知报文：memberid=10073&orderid=2019012720462035496&transaction_id=20190127204621100101&amount=200.0000&datetime=20190127205343&returncode=00&sign=E21F1E1534397942E502EE55960D8705&attach=1234|456
HTTP状态：200
返回：ok

【2019-01-27 20:59:02】
订单号：20190127205825495510
通知地址：https://www.qmpay66.com/notify_url/24
通知报文：memberid=10073&orderid=2019012720582480793&transaction_id=20190127205825495510&amount=1000.0000&datetime=20190127205901&returncode=00&sign=D56CEA124A9739E3985953236118C393&attach=1234|456
HTTP状态：200
返回：ok

【2019-01-27 20:59:19】
订单号：20190127205840481005
通知地址：https://www.qmpay66.com/notify_url/24
通知报文：memberid=10073&orderid=2019012720584025087&transaction_id=20190127205840481005&amount=2000.0000&datetime=20190127205918&returncode=00&sign=302054BE8089F0F04066574B2996EDCA&attach=1234|456
HTTP状态：200
返回：ok

【2019-01-27 21:00:03】
订单号：20190127205825495510
通知地址：https://www.qmpay66.com/notify_url/24
通知报文：memberid=10073&orderid=2019012720582480793&transaction_id=20190127205825495510&amount=1000.0000&datetime=20190127210002&returncode=00&sign=E6E03174DB65A122024AB0A464B99FA1&attach=1234|456
HTTP状态：200
返回：ok

【2019-01-27 21:00:21】
订单号：20190127205840481005
通知地址：https://www.qmpay66.com/notify_url/24
通知报文：memberid=10073&orderid=2019012720584025087&transaction_id=20190127205840481005&amount=2000.0000&datetime=20190127210019&returncode=00&sign=11114BA8F4822787E88BB0849F3EEE4A&attach=1234|456
HTTP状态：200
返回：ok

【2019-01-27 21:01:04】
订单号：20190127205825495510
通知地址：https://www.qmpay66.com/notify_url/24
通知报文：memberid=10073&orderid=2019012720582480793&transaction_id=20190127205825495510&amount=1000.0000&datetime=20190127210103&returncode=00&sign=02234CEDF0657BECFAD60DCC7A8AF6B1&attach=1234|456
HTTP状态：200
返回：ok

【2019-01-27 21:01:26】
订单号：20190127205840481005
通知地址：https://www.qmpay66.com/notify_url/24
通知报文：memberid=10073&orderid=2019012720584025087&transaction_id=20190127205840481005&amount=2000.0000&datetime=20190127210121&returncode=00&sign=A8569D5841E9CC5BB9DDE0794F22DEF2&attach=1234|456
HTTP状态：200
返回：ok

【2019-01-27 21:02:05】
订单号：20190127205825495510
通知地址：https://www.qmpay66.com/notify_url/24
通知报文：memberid=10073&orderid=2019012720582480793&transaction_id=20190127205825495510&amount=1000.0000&datetime=20190127210204&returncode=00&sign=6161C5A00419DC08D776DCD95391DFAE&attach=1234|456
HTTP状态：200
返回：ok

【2019-01-27 21:02:27】
订单号：20190127205840481005
通知地址：https://www.qmpay66.com/notify_url/24
通知报文：memberid=10073&orderid=2019012720584025087&transaction_id=20190127205840481005&amount=2000.0000&datetime=20190127210226&returncode=00&sign=8F1939EB3F7D60C6F1F19E167C2AD241&attach=1234|456
HTTP状态：200
返回：ok

【2019-01-27 21:03:07】
订单号：20190127205825495510
通知地址：https://www.qmpay66.com/notify_url/24
通知报文：memberid=10073&orderid=2019012720582480793&transaction_id=20190127205825495510&amount=1000.0000&datetime=20190127210305&returncode=00&sign=47AE80DC1D85714E2B491B83A1220745&attach=1234|456
HTTP状态：200
返回：ok

【2019-01-27 21:03:29】
订单号：20190127205840481005
通知地址：https://www.qmpay66.com/notify_url/24
通知报文：memberid=10073&orderid=2019012720584025087&transaction_id=20190127205840481005&amount=2000.0000&datetime=20190127210327&returncode=00&sign=92828A0CAF5012C71D64BA66EC4C7005&attach=1234|456
HTTP状态：200
返回：ok

【2019-01-27 21:09:44】
订单号：20190127210623102541
通知地址：https://www.qmpay66.com/notify_url/24
通知报文：memberid=10073&orderid=2019012721060928089&transaction_id=20190127210623102541&amount=200.0000&datetime=20190127210943&returncode=00&sign=AD49000D3AFF51E734BEA31DD9D5BFBD&attach=1234|456
HTTP状态：200
返回：ok

【2019-01-27 21:10:45】
订单号：20190127210623102541
通知地址：https://www.qmpay66.com/notify_url/24
通知报文：memberid=10073&orderid=2019012721060928089&transaction_id=20190127210623102541&amount=200.0000&datetime=20190127211044&returncode=00&sign=48A4B8ED59239CADD762C73DC72911D2&attach=1234|456
HTTP状态：200
返回：ok

【2019-01-27 21:11:47】
订单号：20190127210623102541
通知地址：https://www.qmpay66.com/notify_url/24
通知报文：memberid=10073&orderid=2019012721060928089&transaction_id=20190127210623102541&amount=200.0000&datetime=20190127211145&returncode=00&sign=D9C4A7F626F677BDDAF5E13683CB7960&attach=1234|456
HTTP状态：200
返回：ok

【2019-01-27 21:12:49】
订单号：20190127210623102541
通知地址：https://www.qmpay66.com/notify_url/24
通知报文：memberid=10073&orderid=2019012721060928089&transaction_id=20190127210623102541&amount=200.0000&datetime=20190127211247&returncode=00&sign=13A0CE0AFA8002E5097F60C4ACC8243D&attach=1234|456
HTTP状态：200
返回：ok

【2019-01-27 21:13:49】
订单号：20190127210623102541
通知地址：https://www.qmpay66.com/notify_url/24
通知报文：memberid=10073&orderid=2019012721060928089&transaction_id=20190127210623102541&amount=200.0000&datetime=20190127211349&returncode=00&sign=DEB70DFC3D235DB21EDC414A4093F46F&attach=1234|456
HTTP状态：200
返回：ok

【2019-01-27 21:15:17】
订单号：20190127211355514810
通知地址：https://www.qmpay66.com/notify_url/24
通知报文：memberid=10073&orderid=2019012721135435679&transaction_id=20190127211355514810&amount=300.0000&datetime=20190127211507&returncode=00&sign=066D75E0788A24239CE1C559729A561C&attach=1234|456
HTTP状态：0
返回：

【2019-01-27 21:16:18】
订单号：20190127211355514810
通知地址：https://www.qmpay66.com/notify_url/24
通知报文：memberid=10073&orderid=2019012721135435679&transaction_id=20190127211355514810&amount=300.0000&datetime=20190127211617&returncode=00&sign=A7EC225714F2113E59BE0FE3BFD733D4&attach=1234|456
HTTP状态：200
返回：ok

【2019-01-27 21:17:19】
订单号：20190127211355514810
通知地址：https://www.qmpay66.com/notify_url/24
通知报文：memberid=10073&orderid=2019012721135435679&transaction_id=20190127211355514810&amount=300.0000&datetime=20190127211718&returncode=00&sign=1E259B9F75AC2796E8841B91D2612AF3&attach=1234|456
HTTP状态：200
返回：ok

【2019-01-27 21:18:22】
订单号：20190127211355514810
通知地址：https://www.qmpay66.com/notify_url/24
通知报文：memberid=10073&orderid=2019012721135435679&transaction_id=20190127211355514810&amount=300.0000&datetime=20190127211819&returncode=00&sign=1D3CE26C9F48E0E51A9375B3F124BDFF&attach=1234|456
HTTP状态：200
返回：ok

【2019-01-27 21:19:23】
订单号：20190127211355514810
通知地址：https://www.qmpay66.com/notify_url/24
通知报文：memberid=10073&orderid=2019012721135435679&transaction_id=20190127211355514810&amount=300.0000&datetime=20190127211922&returncode=00&sign=7F956B6D951E37DDAE8D3DE26E472CAF&attach=1234|456
HTTP状态：200
返回：ok

【2019-01-27 22:01:04】
订单号：20190127220042975251
通知地址：http://574063.com/notify_url/35
通知报文：memberid=10075&orderid=2019012722004185042&transaction_id=20190127220042975251&amount=200.0000&datetime=20190127220103&returncode=00&sign=15190EFBDF3911099F63D8B1D9EF3622&attach=1234|456
HTTP状态：200
返回：ok

【2019-01-27 22:02:05】
订单号：20190127220042975251
通知地址：http://574063.com/notify_url/35
通知报文：memberid=10075&orderid=2019012722004185042&transaction_id=20190127220042975251&amount=200.0000&datetime=20190127220204&returncode=00&sign=701535F3C5517EB8291A9D793A922974&attach=1234|456
HTTP状态：200
返回：ok

【2019-01-27 22:03:06】
订单号：20190127220042975251
通知地址：http://574063.com/notify_url/35
通知报文：memberid=10075&orderid=2019012722004185042&transaction_id=20190127220042975251&amount=200.0000&datetime=20190127220305&returncode=00&sign=894FD9B4FF5D65C175EC72A45D99A53B&attach=1234|456
HTTP状态：200
返回：ok

【2019-01-27 22:04:07】
订单号：20190127220042975251
通知地址：http://574063.com/notify_url/35
通知报文：memberid=10075&orderid=2019012722004185042&transaction_id=20190127220042975251&amount=200.0000&datetime=20190127220406&returncode=00&sign=920FB432DA0B9B5E64228C26DD94E544&attach=1234|456
HTTP状态：200
返回：ok

【2019-01-27 22:05:09】
订单号：20190127220042975251
通知地址：http://574063.com/notify_url/35
通知报文：memberid=10075&orderid=2019012722004185042&transaction_id=20190127220042975251&amount=200.0000&datetime=20190127220507&returncode=00&sign=726DBCFB367B0850FD788CEC093530BD&attach=1234|456
HTTP状态：200
返回：ok

