【2019-01-26 09:20:09】
订单号：20190126091732995548
通知地址：http://wfcz222.com/notify_url/34
通知报文：memberid=10033&orderid=2019012609173115901&transaction_id=20190126091732995548&amount=1000.0000&datetime=20190126092008&returncode=00&sign=9728ABE6392B4515DF89BCA6A12C99F9&attach=1234|456
HTTP状态：200
返回：ok

【2019-01-26 09:21:11】
订单号：20190126091732995548
通知地址：http://wfcz222.com/notify_url/34
通知报文：memberid=10033&orderid=2019012609173115901&transaction_id=20190126091732995548&amount=1000.0000&datetime=20190126092109&returncode=00&sign=ACDD0DB7F16E49ED4C7D75756C1D104F&attach=1234|456
HTTP状态：200
返回：ok

【2019-01-26 09:22:12】
订单号：20190126091732995548
通知地址：http://wfcz222.com/notify_url/34
通知报文：memberid=10033&orderid=2019012609173115901&transaction_id=20190126091732995548&amount=1000.0000&datetime=20190126092212&returncode=00&sign=7F0578E693E80D62B7449EBFCC34830E&attach=1234|456
HTTP状态：200
返回：ok

【2019-01-26 09:23:13】
订单号：20190126091732995548
通知地址：http://wfcz222.com/notify_url/34
通知报文：memberid=10033&orderid=2019012609173115901&transaction_id=20190126091732995548&amount=1000.0000&datetime=20190126092312&returncode=00&sign=966E5A4277A036E23C0F8AC019C3D783&attach=1234|456
HTTP状态：200
返回：ok

【2019-01-26 09:24:13】
订单号：20190126091732995548
通知地址：http://wfcz222.com/notify_url/34
通知报文：memberid=10033&orderid=2019012609173115901&transaction_id=20190126091732995548&amount=1000.0000&datetime=20190126092413&returncode=00&sign=896DF9750589717EC418FF7A0D19EE7C&attach=1234|456
HTTP状态：200
返回：ok

【2019-01-26 09:31:08】
订单号：20190126092831102102
通知地址：https://www.qmpay66.com/notify_url/24
通知报文：memberid=10073&orderid=2019012609283191107&transaction_id=20190126092831102102&amount=2000.0000&datetime=20190126093107&returncode=00&sign=4291471F547476CFD6163316668A891D&attach=1234|456
HTTP状态：200
返回：ok

【2019-01-26 09:31:11】
订单号：20190126092903102555
通知地址：http://xycz333.com/notify_url/42
通知报文：memberid=10035&orderid=2019012609290202443&transaction_id=20190126092903102555&amount=200.0000&datetime=20190126093110&returncode=00&sign=935CE1524BB686675A6087503C00E05E&attach=1234|456
HTTP状态：200
返回：ok

【2019-01-26 09:32:08】
订单号：20190126092925531005
通知地址：http://xycz333.com/notify_url/42
通知报文：memberid=10035&orderid=2019012609292573507&transaction_id=20190126092925531005&amount=3000.0000&datetime=20190126093208&returncode=00&sign=15EA9B429422D0157A8F7A843534D7F3&attach=1234|456
HTTP状态：200
返回：ok

【2019-01-26 09:32:08】
订单号：20190126092929575554
通知地址：https://www.qmpay66.com/notify_url/24
通知报文：memberid=10073&orderid=2019012609292876829&transaction_id=20190126092929575554&amount=202.0000&datetime=20190126093206&returncode=00&sign=B2C9C2344CDCCBE20FDFB99F331C3E76&attach=1234|456
HTTP状态：200
返回：ok

【2019-01-26 09:32:09】
订单号：20190126092831102102
通知地址：https://www.qmpay66.com/notify_url/24
通知报文：memberid=10073&orderid=2019012609283191107&transaction_id=20190126092831102102&amount=2000.0000&datetime=20190126093208&returncode=00&sign=28B8B94C897C81AEC6351647AC5A7365&attach=1234|456
HTTP状态：200
返回：ok

【2019-01-26 09:32:11】
订单号：20190126092903102555
通知地址：http://xycz333.com/notify_url/42
通知报文：memberid=10035&orderid=2019012609290202443&transaction_id=20190126092903102555&amount=200.0000&datetime=20190126093211&returncode=00&sign=1C533D3CA228EB2A29F9EBDC38847311&attach=1234|456
HTTP状态：200
返回：ok

【2019-01-26 09:33:09】
订单号：20190126092925531005
通知地址：http://xycz333.com/notify_url/42
通知报文：memberid=10035&orderid=2019012609292573507&transaction_id=20190126092925531005&amount=3000.0000&datetime=20190126093308&returncode=00&sign=97C79F0ABD01064E3BB52B395332877F&attach=1234|456
HTTP状态：200
返回：ok

【2019-01-26 09:33:09】
订单号：20190126092929575554
通知地址：https://www.qmpay66.com/notify_url/24
通知报文：memberid=10073&orderid=2019012609292876829&transaction_id=20190126092929575554&amount=202.0000&datetime=20190126093308&returncode=00&sign=98A48DC451CEB30203E27201A807F0FE&attach=1234|456
HTTP状态：200
返回：ok

【2019-01-26 09:33:10】
订单号：20190126092831102102
通知地址：https://www.qmpay66.com/notify_url/24
通知报文：memberid=10073&orderid=2019012609283191107&transaction_id=20190126092831102102&amount=2000.0000&datetime=20190126093309&returncode=00&sign=9801F9E1289066099AB6E29620CF0FD2&attach=1234|456
HTTP状态：200
返回：ok

【2019-01-26 09:33:12】
订单号：20190126092903102555
通知地址：http://xycz333.com/notify_url/42
通知报文：memberid=10035&orderid=2019012609290202443&transaction_id=20190126092903102555&amount=200.0000&datetime=20190126093311&returncode=00&sign=12F377D9CA4063B35260BE6C2E940208&attach=1234|456
HTTP状态：200
返回：ok

【2019-01-26 09:34:07】
订单号：20190126093148529851
通知地址：http://xycz333.com/notify_url/42
通知报文：memberid=10035&orderid=2019012609314703554&transaction_id=20190126093148529851&amount=3000.0000&datetime=20190126093406&returncode=00&sign=27A3F3BE18F92A3A7963841BEC857A0F&attach=1234|456
HTTP状态：200
返回：ok

【2019-01-26 09:34:09】
订单号：20190126092407555153
通知地址：http://xycz333.com/notify_url/42
通知报文：memberid=10035&orderid=2019012609240602035&transaction_id=20190126092407555153&amount=200.0000&datetime=20190126093407&returncode=00&sign=9383696DDB755F69A386DC98E48F0119&attach=1234|456
HTTP状态：200
返回：ok

【2019-01-26 09:34:10】
订单号：20190126092925531005
通知地址：http://xycz333.com/notify_url/42
通知报文：memberid=10035&orderid=2019012609292573507&transaction_id=20190126092925531005&amount=3000.0000&datetime=20190126093409&returncode=00&sign=80C39D6D29C0BAD69870F869DA645C46&attach=1234|456
HTTP状态：200
返回：ok

【2019-01-26 09:34:11】
订单号：20190126092831102102
通知地址：https://www.qmpay66.com/notify_url/24
通知报文：memberid=10073&orderid=2019012609283191107&transaction_id=20190126092831102102&amount=2000.0000&datetime=20190126093410&returncode=00&sign=282792A8E9A92412235813677589CDBD&attach=1234|456
HTTP状态：200
返回：ok

【2019-01-26 09:34:11】
订单号：20190126092929575554
通知地址：https://www.qmpay66.com/notify_url/24
通知报文：memberid=10073&orderid=2019012609292876829&transaction_id=20190126092929575554&amount=202.0000&datetime=20190126093409&returncode=00&sign=EB5314B5AE029BA43923DD17C758547B&attach=1234|456
HTTP状态：200
返回：ok

【2019-01-26 09:34:12】
订单号：20190126092903102555
通知地址：http://xycz333.com/notify_url/42
通知报文：memberid=10035&orderid=2019012609290202443&transaction_id=20190126092903102555&amount=200.0000&datetime=20190126093412&returncode=00&sign=0F67656E239DA0B26B5354DE0BEDDF77&attach=1234|456
HTTP状态：200
返回：ok

【2019-01-26 09:34:47】
订单号：20190126092057574857
通知地址：https://www.qmpay66.com/notify_url/24
通知报文：memberid=10073&orderid=2019012609205675421&transaction_id=20190126092057574857&amount=4000.0000&datetime=20190126093444&returncode=00&sign=C97BAC30E02E7B9F4195950646A8E858&attach=1234|456
HTTP状态：200
返回：ok

【2019-01-26 09:34:47】
订单号：20190126092057574857
通知地址：https://www.qmpay66.com/notify_url/24
通知报文：memberid=10073&orderid=2019012609205675421&transaction_id=20190126092057574857&amount=4000.0000&datetime=20190126093447&returncode=00&sign=97E239F723D19C7FE9C9CD72FEFE52B4&attach=1234|456
HTTP状态：200
返回：ok

【2019-01-26 09:34:48】
订单号：20190126092057574857
通知地址：https://www.qmpay66.com/notify_url/24
通知报文：memberid=10073&orderid=2019012609205675421&transaction_id=20190126092057574857&amount=4000.0000&datetime=20190126093447&returncode=00&sign=97E239F723D19C7FE9C9CD72FEFE52B4&attach=1234|456
HTTP状态：200
返回：ok

【2019-01-26 09:34:49】
订单号：20190126092057574857
通知地址：https://www.qmpay66.com/notify_url/24
通知报文：memberid=10073&orderid=2019012609205675421&transaction_id=20190126092057574857&amount=4000.0000&datetime=20190126093448&returncode=00&sign=A2B83A139924AFB1300C9E0BC998E0B4&attach=1234|456
HTTP状态：200
返回：ok

【2019-01-26 09:35:08】
订单号：20190126093148529851
通知地址：http://xycz333.com/notify_url/42
通知报文：memberid=10035&orderid=2019012609314703554&transaction_id=20190126093148529851&amount=3000.0000&datetime=20190126093507&returncode=00&sign=E62E0ABC476EF19DCF0DBB5AA1325CF1&attach=1234|456
HTTP状态：200
返回：ok

【2019-01-26 09:35:11】
订单号：20190126093210971014
通知地址：http://xycz333.com/notify_url/42
通知报文：memberid=10035&orderid=2019012609320915116&transaction_id=20190126093210971014&amount=200.0000&datetime=20190126093510&returncode=00&sign=36DB6C528D60D32E5AB4F258190F3637&attach=1234|456
HTTP状态：200
返回：ok

【2019-01-26 09:35:11】
订单号：20190126092925531005
通知地址：http://xycz333.com/notify_url/42
通知报文：memberid=10035&orderid=2019012609292573507&transaction_id=20190126092925531005&amount=3000.0000&datetime=20190126093510&returncode=00&sign=9DD959FFAD595CF183DDB176E9A63223&attach=1234|456
HTTP状态：200
返回：ok

【2019-01-26 09:35:11】
订单号：20190126092831102102
通知地址：https://www.qmpay66.com/notify_url/24
通知报文：memberid=10073&orderid=2019012609283191107&transaction_id=20190126092831102102&amount=2000.0000&datetime=20190126093511&returncode=00&sign=EB454A8CD57E21D8DC9C6CF0088FFE83&attach=1234|456
HTTP状态：200
返回：ok

【2019-01-26 09:35:12】
订单号：20190126092929575554
通知地址：https://www.qmpay66.com/notify_url/24
通知报文：memberid=10073&orderid=2019012609292876829&transaction_id=20190126092929575554&amount=202.0000&datetime=20190126093511&returncode=00&sign=FFCD11D6D605372AF92E3E98A2C0DE38&attach=1234|456
HTTP状态：200
返回：ok

【2019-01-26 09:35:13】
订单号：20190126092903102555
通知地址：http://xycz333.com/notify_url/42
通知报文：memberid=10035&orderid=2019012609290202443&transaction_id=20190126092903102555&amount=200.0000&datetime=20190126093512&returncode=00&sign=83B43F23EB816307610A84949521CEE5&attach=1234|456
HTTP状态：200
返回：ok

【2019-01-26 09:36:08】
订单号：20190126093148529851
通知地址：http://xycz333.com/notify_url/42
通知报文：memberid=10035&orderid=2019012609314703554&transaction_id=20190126093148529851&amount=3000.0000&datetime=20190126093608&returncode=00&sign=308B67B48231566C78F6EE0D568167F0&attach=1234|456
HTTP状态：200
返回：ok

【2019-01-26 09:36:11】
订单号：20190126093210971014
通知地址：http://xycz333.com/notify_url/42
通知报文：memberid=10035&orderid=2019012609320915116&transaction_id=20190126093210971014&amount=200.0000&datetime=20190126093611&returncode=00&sign=F7E33D4517CA3FDE91A8672D8CCAEE73&attach=1234|456
HTTP状态：200
返回：ok

【2019-01-26 09:36:11】
订单号：20190126092925531005
通知地址：http://xycz333.com/notify_url/42
通知报文：memberid=10035&orderid=2019012609292573507&transaction_id=20190126092925531005&amount=3000.0000&datetime=20190126093611&returncode=00&sign=1CAA99994C2FC67A312013080FAC536C&attach=1234|456
HTTP状态：200
返回：ok

【2019-01-26 09:36:13】
订单号：20190126092929575554
通知地址：https://www.qmpay66.com/notify_url/24
通知报文：memberid=10073&orderid=2019012609292876829&transaction_id=20190126092929575554&amount=202.0000&datetime=20190126093612&returncode=00&sign=13E092C45802485C1CC8FA2A20766C26&attach=1234|456
HTTP状态：200
返回：ok

【2019-01-26 09:37:06】
订单号：20190126093425499910
通知地址：http://hchcz111.com/notify_url/30
通知报文：memberid=10032&orderid=2019012609342595346&transaction_id=20190126093425499910&amount=200.0000&datetime=20190126093705&returncode=00&sign=61E06C3E98CD413B16E82905E6D2DA9D&attach=1234|456
HTTP状态：200
返回：ok

【2019-01-26 09:37:09】
订单号：20190126093148529851
通知地址：http://xycz333.com/notify_url/42
通知报文：memberid=10035&orderid=2019012609314703554&transaction_id=20190126093148529851&amount=3000.0000&datetime=20190126093709&returncode=00&sign=90EB0079751E5176FA5400CEF033CDC9&attach=1234|456
HTTP状态：200
返回：ok

【2019-01-26 09:37:12】
订单号：20190126093210971014
通知地址：http://xycz333.com/notify_url/42
通知报文：memberid=10035&orderid=2019012609320915116&transaction_id=20190126093210971014&amount=200.0000&datetime=20190126093711&returncode=00&sign=B77630A9EFBED3D2ECFBE9F2EA456A3B&attach=1234|456
HTTP状态：200
返回：ok

【2019-01-26 09:37:18】
订单号：20190126093412524948
通知地址：http://xycz333.com/notify_url/42
通知报文：memberid=10035&orderid=2019012609340931056&transaction_id=20190126093412524948&amount=5000.0000&datetime=20190126093718&returncode=00&sign=D1CE5CA36DAF9F2745E1F783BB46F973&attach=1234|456
HTTP状态：200
返回：ok

【2019-01-26 09:37:58】
订单号：20190126091650501015
通知地址：http://wfcz222.com/notify_url/34
通知报文：memberid=10033&orderid=2019012609165021955&transaction_id=20190126091650501015&amount=1000.0000&datetime=20190126093758&returncode=00&sign=671D85D704D23E451C5B40EACF9E4B66&attach=1234|456
HTTP状态：200
返回：ok

【2019-01-26 09:37:59】
订单号：20190126091650501015
通知地址：http://wfcz222.com/notify_url/34
通知报文：memberid=10033&orderid=2019012609165021955&transaction_id=20190126091650501015&amount=1000.0000&datetime=20190126093758&returncode=00&sign=671D85D704D23E451C5B40EACF9E4B66&attach=1234|456
HTTP状态：200
返回：ok

【2019-01-26 09:38:06】
订单号：20190126093425499910
通知地址：http://hchcz111.com/notify_url/30
通知报文：memberid=10032&orderid=2019012609342595346&transaction_id=20190126093425499910&amount=200.0000&datetime=20190126093806&returncode=00&sign=5E82A58B9CA32C89B546C2E7FAA19886&attach=1234|456
HTTP状态：200
返回：ok

【2019-01-26 09:38:10】
订单号：20190126093148529851
通知地址：http://xycz333.com/notify_url/42
通知报文：memberid=10035&orderid=2019012609314703554&transaction_id=20190126093148529851&amount=3000.0000&datetime=20190126093809&returncode=00&sign=001B0D786347AEE4566C80B3DC0BE06B&attach=1234|456
HTTP状态：200
返回：ok

【2019-01-26 09:38:12】
订单号：20190126093210971014
通知地址：http://xycz333.com/notify_url/42
通知报文：memberid=10035&orderid=2019012609320915116&transaction_id=20190126093210971014&amount=200.0000&datetime=20190126093812&returncode=00&sign=7FC0F597801F3415CEA562FADC36274F&attach=1234|456
HTTP状态：200
返回：ok

【2019-01-26 09:38:19】
订单号：20190126093412524948
通知地址：http://xycz333.com/notify_url/42
通知报文：memberid=10035&orderid=2019012609340931056&transaction_id=20190126093412524948&amount=5000.0000&datetime=20190126093818&returncode=00&sign=71C85B19F60D8604F356433014645485&attach=1234|456
HTTP状态：200
返回：ok

【2019-01-26 09:38:26】
订单号：20190126092228525756
通知地址：https://www.qmpay66.com/notify_url/24
通知报文：memberid=10073&orderid=2019012609222760379&transaction_id=20190126092228525756&amount=258.0000&datetime=20190126093825&returncode=00&sign=6736230003BE0B6A4680385D4B9BEAF3&attach=1234|456
HTTP状态：200
返回：ok

【2019-01-26 09:38:27】
订单号：20190126092228525756
通知地址：https://www.qmpay66.com/notify_url/24
通知报文：memberid=10073&orderid=2019012609222760379&transaction_id=20190126092228525756&amount=258.0000&datetime=20190126093826&returncode=00&sign=BD51FD7DF6BDE912F54219D3A4651EC9&attach=1234|456
HTTP状态：200
返回：ok

【2019-01-26 09:39:07】
订单号：20190126093425499910
通知地址：http://hchcz111.com/notify_url/30
通知报文：memberid=10032&orderid=2019012609342595346&transaction_id=20190126093425499910&amount=200.0000&datetime=20190126093906&returncode=00&sign=FD747B9882124D3D8A556A8D936C0495&attach=1234|456
HTTP状态：200
返回：ok

【2019-01-26 09:39:08】
订单号：20190126093701100521
通知地址：http://xycz333.com/notify_url/42
通知报文：memberid=10035&orderid=2019012609370076943&transaction_id=20190126093701100521&amount=2000.0000&datetime=20190126093908&returncode=00&sign=007425791AB9539A76171EDAE5C511DC&attach=1234|456
HTTP状态：200
返回：ok

【2019-01-26 09:39:11】
订单号：20190126093648489957
通知地址：http://hchcz111.com/notify_url/30
通知报文：memberid=10032&orderid=2019012609364808864&transaction_id=20190126093648489957&amount=300.0000&datetime=20190126093909&returncode=00&sign=61A05EBBB5E7403F98A7C85CCEA9F5CA&attach=1234|456
HTTP状态：200
返回：ok

【2019-01-26 09:39:14】
订单号：20190126093210971014
通知地址：http://xycz333.com/notify_url/42
通知报文：memberid=10035&orderid=2019012609320915116&transaction_id=20190126093210971014&amount=200.0000&datetime=20190126093912&returncode=00&sign=E518E60BAB6D18E0C50AD52A888F4FE4&attach=1234|456
HTTP状态：200
返回：ok

【2019-01-26 09:39:15】
订单号：20190126093401574910
通知地址：http://xycz333.com/notify_url/42
通知报文：memberid=10035&orderid=2019012609340089915&transaction_id=20190126093401574910&amount=200.0000&datetime=20190126093914&returncode=00&sign=46A436CEC3CD6D4DF1058A1A7C4917A2&attach=1234|456
HTTP状态：200
返回：ok

【2019-01-26 09:39:19】
订单号：20190126093412524948
通知地址：http://xycz333.com/notify_url/42
通知报文：memberid=10035&orderid=2019012609340931056&transaction_id=20190126093412524948&amount=5000.0000&datetime=20190126093919&returncode=00&sign=69A073F04E026546D6D5C1599B3CC12E&attach=1234|456
HTTP状态：200
返回：ok

【2019-01-26 09:40:08】
订单号：20190126093425499910
通知地址：http://hchcz111.com/notify_url/30
通知报文：memberid=10032&orderid=2019012609342595346&transaction_id=20190126093425499910&amount=200.0000&datetime=20190126094007&returncode=00&sign=805A6ADCDB9C68DD95A90188E7CE153F&attach=1234|456
HTTP状态：200
返回：ok

【2019-01-26 09:40:09】
订单号：20190126093701100521
通知地址：http://xycz333.com/notify_url/42
通知报文：memberid=10035&orderid=2019012609370076943&transaction_id=20190126093701100521&amount=2000.0000&datetime=20190126094008&returncode=00&sign=E77F0F35BE37112C7B592F197E5AF498&attach=1234|456
HTTP状态：200
返回：ok

【2019-01-26 09:40:12】
订单号：20190126093648489957
通知地址：http://hchcz111.com/notify_url/30
通知报文：memberid=10032&orderid=2019012609364808864&transaction_id=20190126093648489957&amount=300.0000&datetime=20190126094011&returncode=00&sign=E41E8CEE1556A67B610E862ECBD67B1E&attach=1234|456
HTTP状态：200
返回：ok

【2019-01-26 09:40:12】
订单号：20190126093733100485
通知地址：https://www.htcp19.com/notify_url/29
通知报文：memberid=10043&orderid=2019012609373205798&transaction_id=20190126093733100485&amount=2000.0000&datetime=20190126094011&returncode=00&sign=1223A6A3C69BFF8DB1359374D77D2009&attach=1234|456
HTTP状态：200
返回：ok

【2019-01-26 09:40:15】
订单号：20190126093401574910
通知地址：http://xycz333.com/notify_url/42
通知报文：memberid=10035&orderid=2019012609340089915&transaction_id=20190126093401574910&amount=200.0000&datetime=20190126094015&returncode=00&sign=36A3810CBBCB2AAD7B0FDCD00FE0DE0C&attach=1234|456
HTTP状态：200
返回：ok

【2019-01-26 09:40:20】
订单号：20190126093412524948
通知地址：http://xycz333.com/notify_url/42
通知报文：memberid=10035&orderid=2019012609340931056&transaction_id=20190126093412524948&amount=5000.0000&datetime=20190126094019&returncode=00&sign=EA652ADDEF67299789D373323D496D62&attach=1234|456
HTTP状态：200
返回：ok

【2019-01-26 09:41:09】
订单号：20190126093425499910
通知地址：http://hchcz111.com/notify_url/30
通知报文：memberid=10032&orderid=2019012609342595346&transaction_id=20190126093425499910&amount=200.0000&datetime=20190126094108&returncode=00&sign=922566F3829BAB6A2C1116983FC5CBFC&attach=1234|456
HTTP状态：200
返回：ok

【2019-01-26 09:41:09】
订单号：20190126093701100521
通知地址：http://xycz333.com/notify_url/42
通知报文：memberid=10035&orderid=2019012609370076943&transaction_id=20190126093701100521&amount=2000.0000&datetime=20190126094109&returncode=00&sign=87923D710B1096685A0F60BD3E9364F1&attach=1234|456
HTTP状态：200
返回：ok

【2019-01-26 09:41:12】
订单号：20190126093648489957
通知地址：http://hchcz111.com/notify_url/30
通知报文：memberid=10032&orderid=2019012609364808864&transaction_id=20190126093648489957&amount=300.0000&datetime=20190126094112&returncode=00&sign=5DB091BC77A13FE64CBDD0677128DCDC&attach=1234|456
HTTP状态：200
返回：ok

【2019-01-26 09:41:16】
订单号：20190126093401574910
通知地址：http://xycz333.com/notify_url/42
通知报文：memberid=10035&orderid=2019012609340089915&transaction_id=20190126093401574910&amount=200.0000&datetime=20190126094115&returncode=00&sign=6A511739213081E5E02C707BF572B26C&attach=1234|456
HTTP状态：200
返回：ok

【2019-01-26 09:41:19】
订单号：20190126093733100485
通知地址：https://www.htcp19.com/notify_url/29
通知报文：memberid=10043&orderid=2019012609373205798&transaction_id=20190126093733100485&amount=2000.0000&datetime=20190126094112&returncode=00&sign=D86125532B1E7B3588527E9B84D1C8DF&attach=1234|456
HTTP状态：200
返回：ok

【2019-01-26 09:41:20】
订单号：20190126093412524948
通知地址：http://xycz333.com/notify_url/42
通知报文：memberid=10035&orderid=2019012609340931056&transaction_id=20190126093412524948&amount=5000.0000&datetime=20190126094120&returncode=00&sign=12668705F54EBF6347D59C5D294653E0&attach=1234|456
HTTP状态：200
返回：ok

【2019-01-26 09:42:07】
订单号：20190126093952569751
通知地址：http://xycz333.com/notify_url/42
通知报文：memberid=10035&orderid=2019012609395151425&transaction_id=20190126093952569751&amount=300.0000&datetime=20190126094206&returncode=00&sign=3AE7B4D09DF438440BD96206A57D40E1&attach=1234|456
HTTP状态：200
返回：ok

【2019-01-26 09:42:10】
订单号：20190126093701100521
通知地址：http://xycz333.com/notify_url/42
通知报文：memberid=10035&orderid=2019012609370076943&transaction_id=20190126093701100521&amount=2000.0000&datetime=20190126094209&returncode=00&sign=3FCA649DF793DC47660CF3B965BBC80C&attach=1234|456
HTTP状态：200
返回：ok

【2019-01-26 09:42:13】
订单号：20190126093648489957
通知地址：http://hchcz111.com/notify_url/30
通知报文：memberid=10032&orderid=2019012609364808864&transaction_id=20190126093648489957&amount=300.0000&datetime=20190126094212&returncode=00&sign=272240D6E6BB869CDADB2D55E9039079&attach=1234|456
HTTP状态：200
返回：ok

【2019-01-26 09:42:17】
订单号：20190126093401574910
通知地址：http://xycz333.com/notify_url/42
通知报文：memberid=10035&orderid=2019012609340089915&transaction_id=20190126093401574910&amount=200.0000&datetime=20190126094216&returncode=00&sign=15B1E85C5E7057F5284459C450424D58&attach=1234|456
HTTP状态：200
返回：ok

【2019-01-26 09:42:20】
订单号：20190126093733100485
通知地址：https://www.htcp19.com/notify_url/29
通知报文：memberid=10043&orderid=2019012609373205798&transaction_id=20190126093733100485&amount=2000.0000&datetime=20190126094219&returncode=00&sign=E79D49F418F719B803FEACF3A0030C61&attach=1234|456
HTTP状态：200
返回：ok

【2019-01-26 09:42:38】
订单号：20190126094223102975
通知地址：http://55qiwn.natappfree.cc/zagame/wuguiPayNotifyurl
通知报文：memberid=10004&orderid=20190126094224177839&transaction_id=20190126094223102975&amount=1.0000&datetime=20190126094238&returncode=00&sign=672B640291967B232B47870423D9530D&attach=AUTO
HTTP状态：0
返回：

【2019-01-26 09:43:07】
订单号：20190126093952569751
通知地址：http://xycz333.com/notify_url/42
通知报文：memberid=10035&orderid=2019012609395151425&transaction_id=20190126093952569751&amount=300.0000&datetime=20190126094307&returncode=00&sign=A3B80AA25D3388991CFA1AB84FBA57DA&attach=1234|456
HTTP状态：200
返回：ok

【2019-01-26 09:43:10】
订单号：20190126093701100521
通知地址：http://xycz333.com/notify_url/42
通知报文：memberid=10035&orderid=2019012609370076943&transaction_id=20190126093701100521&amount=2000.0000&datetime=20190126094310&returncode=00&sign=EE32DCD0C6398CCF783981F336239F4B&attach=1234|456
HTTP状态：200
返回：ok

【2019-01-26 09:43:14】
订单号：20190126093648489957
通知地址：http://hchcz111.com/notify_url/30
通知报文：memberid=10032&orderid=2019012609364808864&transaction_id=20190126093648489957&amount=300.0000&datetime=20190126094313&returncode=00&sign=F9E63CE015A43FD5DAE24656FED004E6&attach=1234|456
HTTP状态：200
返回：ok

【2019-01-26 09:43:17】
订单号：20190126093401574910
通知地址：http://xycz333.com/notify_url/42
通知报文：memberid=10035&orderid=2019012609340089915&transaction_id=20190126093401574910&amount=200.0000&datetime=20190126094317&returncode=00&sign=975C348556749545A43A7869DBF0C42F&attach=1234|456
HTTP状态：200
返回：ok

【2019-01-26 09:43:21】
订单号：20190126093733100485
通知地址：https://www.htcp19.com/notify_url/29
通知报文：memberid=10043&orderid=2019012609373205798&transaction_id=20190126093733100485&amount=2000.0000&datetime=20190126094320&returncode=00&sign=146AC497E43575B662B3D2CD86122CCD&attach=1234|456
HTTP状态：200
返回：ok

【2019-01-26 09:43:38】
订单号：20190126094223102975
通知地址：http://55qiwn.natappfree.cc/zagame/wuguiPayNotifyurl
通知报文：memberid=10004&orderid=20190126094224177839&transaction_id=20190126094223102975&amount=1.0000&datetime=20190126094338&returncode=00&sign=D717A0013DEE387BB74F702BACBE600A&attach=AUTO
HTTP状态：0
返回：

【2019-01-26 09:44:07】
订单号：20190126094053539751
通知地址：http://hchcz111.com/notify_url/30
通知报文：memberid=10032&orderid=2019012609405237437&transaction_id=20190126094053539751&amount=2000.0000&datetime=20190126094406&returncode=00&sign=13D7B9BC0FC99B7E49142A0A4E848CF3&attach=1234|456
HTTP状态：200
返回：ok

【2019-01-26 09:44:09】
订单号：20190126093952569751
通知地址：http://xycz333.com/notify_url/42
通知报文：memberid=10035&orderid=2019012609395151425&transaction_id=20190126093952569751&amount=300.0000&datetime=20190126094408&returncode=00&sign=5484959AF584D7C5425D78B61ED71436&attach=1234|456
HTTP状态：200
返回：ok

【2019-01-26 09:44:11】
订单号：20190126094056561001
通知地址：https://www.htcp19.com/notify_url/29
通知报文：memberid=10043&orderid=2019012609405662512&transaction_id=20190126094056561001&amount=3000.0000&datetime=20190126094409&returncode=00&sign=38CB9B826151C36C8FCC6CE94BA93E98&attach=1234|456
HTTP状态：200
返回：ok

【2019-01-26 09:44:23】
订单号：20190126093733100485
通知地址：https://www.htcp19.com/notify_url/29
通知报文：memberid=10043&orderid=2019012609373205798&transaction_id=20190126093733100485&amount=2000.0000&datetime=20190126094421&returncode=00&sign=44E86E6D7AC683B6C66CD80E5BC1AAED&attach=1234|456
HTTP状态：200
返回：ok

【2019-01-26 09:44:38】
订单号：20190126094223102975
通知地址：http://55qiwn.natappfree.cc/zagame/wuguiPayNotifyurl
通知报文：memberid=10004&orderid=20190126094224177839&transaction_id=20190126094223102975&amount=1.0000&datetime=20190126094438&returncode=00&sign=9390423F22F149F6A9FF0FB084C092A0&attach=AUTO
HTTP状态：0
返回：

【2019-01-26 09:45:07】
订单号：20190126094053539751
通知地址：http://hchcz111.com/notify_url/30
通知报文：memberid=10032&orderid=2019012609405237437&transaction_id=20190126094053539751&amount=2000.0000&datetime=20190126094507&returncode=00&sign=15FD6E03E239A7C8A4BAEE7B32A089F7&attach=1234|456
HTTP状态：200
返回：ok

【2019-01-26 09:45:09】
订单号：20190126093952569751
通知地址：http://xycz333.com/notify_url/42
通知报文：memberid=10035&orderid=2019012609395151425&transaction_id=20190126093952569751&amount=300.0000&datetime=20190126094509&returncode=00&sign=C614C45E3B6DC4B4EF2BB3229F2CA975&attach=1234|456
HTTP状态：200
返回：ok

【2019-01-26 09:45:10】
订单号：20190126094151102571
通知地址：http://xycz333.com/notify_url/42
通知报文：memberid=10035&orderid=2019012609414919767&transaction_id=20190126094151102571&amount=500.0000&datetime=20190126094510&returncode=00&sign=368F3DB912278B418D88FA9EB8B331B2&attach=1234|456
HTTP状态：200
返回：ok

【2019-01-26 09:45:12】
订单号：20190126094056561001
通知地址：https://www.htcp19.com/notify_url/29
通知报文：memberid=10043&orderid=2019012609405662512&transaction_id=20190126094056561001&amount=3000.0000&datetime=20190126094511&returncode=00&sign=EC582DCD10FB31D10066A0DF3D5519EA&attach=1234|456
HTTP状态：200
返回：ok

【2019-01-26 09:45:39】
订单号：20190126094223102975
通知地址：http://55qiwn.natappfree.cc/zagame/wuguiPayNotifyurl
通知报文：memberid=10004&orderid=20190126094224177839&transaction_id=20190126094223102975&amount=1.0000&datetime=20190126094538&returncode=00&sign=399736309DA8C8F51CD432F3A8832358&attach=AUTO
HTTP状态：0
返回：

【2019-01-26 09:46:08】
订单号：20190126094053539751
通知地址：http://hchcz111.com/notify_url/30
通知报文：memberid=10032&orderid=2019012609405237437&transaction_id=20190126094053539751&amount=2000.0000&datetime=20190126094608&returncode=00&sign=C6C35509FC57FAE522ECA7E918289033&attach=1234|456
HTTP状态：200
返回：ok

【2019-01-26 09:46:10】
订单号：20190126093952569751
通知地址：http://xycz333.com/notify_url/42
通知报文：memberid=10035&orderid=2019012609395151425&transaction_id=20190126093952569751&amount=300.0000&datetime=20190126094610&returncode=00&sign=E83625301EFC9DDF2DB2F1FF39E65F90&attach=1234|456
HTTP状态：200
返回：ok

【2019-01-26 09:46:11】
订单号：20190126094151102571
通知地址：http://xycz333.com/notify_url/42
通知报文：memberid=10035&orderid=2019012609414919767&transaction_id=20190126094151102571&amount=500.0000&datetime=20190126094610&returncode=00&sign=2D05B33D516ADAE1BF4949C6260F76A2&attach=1234|456
HTTP状态：200
返回：ok

【2019-01-26 09:46:13】
订单号：20190126094056561001
通知地址：https://www.htcp19.com/notify_url/29
通知报文：memberid=10043&orderid=2019012609405662512&transaction_id=20190126094056561001&amount=3000.0000&datetime=20190126094612&returncode=00&sign=158AE3938F58B1FC6DE63171C7E0DCE8&attach=1234|456
HTTP状态：200
返回：ok

【2019-01-26 09:46:39】
订单号：20190126094223102975
通知地址：http://55qiwn.natappfree.cc/zagame/wuguiPayNotifyurl
通知报文：memberid=10004&orderid=20190126094224177839&transaction_id=20190126094223102975&amount=1.0000&datetime=20190126094639&returncode=00&sign=65CFF9823C64649D71B606E9BF7E4447&attach=AUTO
HTTP状态：0
返回：

【2019-01-26 09:47:11】
订单号：20190126094053539751
通知地址：http://hchcz111.com/notify_url/30
通知报文：memberid=10032&orderid=2019012609405237437&transaction_id=20190126094053539751&amount=2000.0000&datetime=20190126094708&returncode=00&sign=9E9A142451F01EDAD5EDF9C1388602AE&attach=1234|456
HTTP状态：200
返回：ok

【2019-01-26 09:47:11】
订单号：20190126094151102571
通知地址：http://xycz333.com/notify_url/42
通知报文：memberid=10035&orderid=2019012609414919767&transaction_id=20190126094151102571&amount=500.0000&datetime=20190126094711&returncode=00&sign=506028303F1031C5D15098D548891AD6&attach=1234|456
HTTP状态：200
返回：ok

【2019-01-26 09:47:13】
订单号：20190126094056561001
通知地址：https://www.htcp19.com/notify_url/29
通知报文：memberid=10043&orderid=2019012609405662512&transaction_id=20190126094056561001&amount=3000.0000&datetime=20190126094713&returncode=00&sign=9BBD800C12D914120C930C51B8B58A2D&attach=1234|456
HTTP状态：200
返回：ok

【2019-01-26 09:48:06】
订单号：20190126094501100505
通知地址：http://xycz333.com/notify_url/42
通知报文：memberid=10035&orderid=2019012609450010998&transaction_id=20190126094501100505&amount=200.0000&datetime=20190126094805&returncode=00&sign=CA8BB3DC2941B2945FE643583D8319EC&attach=1234|456
HTTP状态：200
返回：ok

【2019-01-26 09:48:09】
订单号：20190126094604995154
通知地址：http://xycz333.com/notify_url/42
通知报文：memberid=10035&orderid=2019012609460368450&transaction_id=20190126094604995154&amount=300.0000&datetime=20190126094807&returncode=00&sign=9AC6EEA14A1EEC2F13793E75523BFC25&attach=1234|456
HTTP状态：200
返回：ok

【2019-01-26 09:48:12】
订单号：20190126094151102571
通知地址：http://xycz333.com/notify_url/42
通知报文：memberid=10035&orderid=2019012609414919767&transaction_id=20190126094151102571&amount=500.0000&datetime=20190126094812&returncode=00&sign=C8697C4807C80FDDBEA88E1D5C9209DA&attach=1234|456
HTTP状态：200
返回：ok

【2019-01-26 09:48:13】
订单号：20190126094053539751
通知地址：http://hchcz111.com/notify_url/30
通知报文：memberid=10032&orderid=2019012609405237437&transaction_id=20190126094053539751&amount=2000.0000&datetime=20190126094811&returncode=00&sign=D444ACEEE1AE240ED2E9DCE4FA6A719D&attach=1234|456
HTTP状态：200
返回：ok

【2019-01-26 09:48:15】
订单号：20190126094056561001
通知地址：https://www.htcp19.com/notify_url/29
通知报文：memberid=10043&orderid=2019012609405662512&transaction_id=20190126094056561001&amount=3000.0000&datetime=20190126094814&returncode=00&sign=31AD786459E650F67632DEC94341772C&attach=1234|456
HTTP状态：200
返回：ok

【2019-01-26 09:49:06】
订单号：20190126094620995510
通知地址：http://xycz333.com/notify_url/42
通知报文：memberid=10035&orderid=2019012609461942197&transaction_id=20190126094620995510&amount=300.0000&datetime=20190126094906&returncode=00&sign=BB03077327129BA1C05DF82905A4142B&attach=1234|456
HTTP状态：200
返回：ok

【2019-01-26 09:49:06】
订单号：20190126094501100505
通知地址：http://xycz333.com/notify_url/42
通知报文：memberid=10035&orderid=2019012609450010998&transaction_id=20190126094501100505&amount=200.0000&datetime=20190126094906&returncode=00&sign=6CF41928E0484249A055E5542CA9B0F3&attach=1234|456
HTTP状态：200
返回：ok

【2019-01-26 09:49:09】
订单号：20190126094604995154
通知地址：http://xycz333.com/notify_url/42
通知报文：memberid=10035&orderid=2019012609460368450&transaction_id=20190126094604995154&amount=300.0000&datetime=20190126094909&returncode=00&sign=892A5E6F1197A5100BA8120799CA9795&attach=1234|456
HTTP状态：200
返回：ok

【2019-01-26 09:49:13】
订单号：20190126094151102571
通知地址：http://xycz333.com/notify_url/42
通知报文：memberid=10035&orderid=2019012609414919767&transaction_id=20190126094151102571&amount=500.0000&datetime=20190126094912&returncode=00&sign=99E83813D7C5FAA3C99F097F09957749&attach=1234|456
HTTP状态：200
返回：ok

【2019-01-26 09:50:07】
订单号：20190126094620995510
通知地址：http://xycz333.com/notify_url/42
通知报文：memberid=10035&orderid=2019012609461942197&transaction_id=20190126094620995510&amount=300.0000&datetime=20190126095006&returncode=00&sign=13BEE3F7F2E618D6CF4A2AA7304B78B3&attach=1234|456
HTTP状态：200
返回：ok

【2019-01-26 09:50:09】
订单号：20190126094501100505
通知地址：http://xycz333.com/notify_url/42
通知报文：memberid=10035&orderid=2019012609450010998&transaction_id=20190126094501100505&amount=200.0000&datetime=20190126095006&returncode=00&sign=0A803BD3933FDFAB24745B236C587574&attach=1234|456
HTTP状态：200
返回：ok

【2019-01-26 09:50:10】
订单号：20190126094604995154
通知地址：http://xycz333.com/notify_url/42
通知报文：memberid=10035&orderid=2019012609460368450&transaction_id=20190126094604995154&amount=300.0000&datetime=20190126095010&returncode=00&sign=A8EC015378091842B17B30586403A1E8&attach=1234|456
HTTP状态：200
返回：ok

【2019-01-26 09:51:07】
订单号：20190126094620995510
通知地址：http://xycz333.com/notify_url/42
通知报文：memberid=10035&orderid=2019012609461942197&transaction_id=20190126094620995510&amount=300.0000&datetime=20190126095107&returncode=00&sign=FB006BD63FF3695720BCADA15814BB46&attach=1234|456
HTTP状态：200
返回：ok

【2019-01-26 09:51:10】
订单号：20190126094501100505
通知地址：http://xycz333.com/notify_url/42
通知报文：memberid=10035&orderid=2019012609450010998&transaction_id=20190126094501100505&amount=200.0000&datetime=20190126095109&returncode=00&sign=9752D2A1175FA049A17D491486FCA8D8&attach=1234|456
HTTP状态：200
返回：ok

【2019-01-26 09:51:10】
订单号：20190126094604995154
通知地址：http://xycz333.com/notify_url/42
通知报文：memberid=10035&orderid=2019012609460368450&transaction_id=20190126094604995154&amount=300.0000&datetime=20190126095110&returncode=00&sign=74DF6543DBF8C3DC9162FD9E37182790&attach=1234|456
HTTP状态：200
返回：ok

【2019-01-26 09:52:08】
订单号：20190126094620995510
通知地址：http://xycz333.com/notify_url/42
通知报文：memberid=10035&orderid=2019012609461942197&transaction_id=20190126094620995510&amount=300.0000&datetime=20190126095207&returncode=00&sign=81D0691EC9CB54C74177043B43A30AE3&attach=1234|456
HTTP状态：200
返回：ok

【2019-01-26 09:52:09】
订单号：20190126094929571005
通知地址：http://xycz333.com/notify_url/42
通知报文：memberid=10035&orderid=2019012609492894953&transaction_id=20190126094929571005&amount=200.0000&datetime=20190126095208&returncode=00&sign=74B0D8B34E193E801FB11AC35B26A1FA&attach=1234|456
HTTP状态：200
返回：ok

【2019-01-26 09:52:10】
订单号：20190126094501100505
通知地址：http://xycz333.com/notify_url/42
通知报文：memberid=10035&orderid=2019012609450010998&transaction_id=20190126094501100505&amount=200.0000&datetime=20190126095210&returncode=00&sign=8554077CD8FE3367516246AE6CDB8BB4&attach=1234|456
HTTP状态：200
返回：ok

【2019-01-26 09:52:11】
订单号：20190126094604995154
通知地址：http://xycz333.com/notify_url/42
通知报文：memberid=10035&orderid=2019012609460368450&transaction_id=20190126094604995154&amount=300.0000&datetime=20190126095211&returncode=00&sign=D7EC7D5537B15C83F277AC973C7087C1&attach=1234|456
HTTP状态：200
返回：ok

【2019-01-26 09:53:08】
订单号：20190126095025499853
通知地址：https://www.htcp19.com/notify_url/29
通知报文：memberid=10043&orderid=2019012609502586119&transaction_id=20190126095025499853&amount=500.0000&datetime=20190126095306&returncode=00&sign=8598CBA5FE9647E5A8D51B4367C590BB&attach=1234|456
HTTP状态：200
返回：ok

【2019-01-26 09:53:08】
订单号：20190126094620995510
通知地址：http://xycz333.com/notify_url/42
通知报文：memberid=10035&orderid=2019012609461942197&transaction_id=20190126094620995510&amount=300.0000&datetime=20190126095308&returncode=00&sign=F360E9E8603E5BB93548CD12FC2966B4&attach=1234|456
HTTP状态：200
返回：ok

【2019-01-26 09:53:16】
订单号：20190126095041495348
通知地址：http://xycz333.com/notify_url/42
通知报文：memberid=10035&orderid=2019012609504074656&transaction_id=20190126095041495348&amount=200.0000&datetime=20190126095315&returncode=00&sign=E9494D762C84EBC2A8F0D823C0757E6D&attach=1234|456
HTTP状态：200
返回：ok

【2019-01-26 09:53:19】
订单号：20190126094929571005
通知地址：http://xycz333.com/notify_url/42
通知报文：memberid=10035&orderid=2019012609492894953&transaction_id=20190126094929571005&amount=200.0000&datetime=20190126095309&returncode=00&sign=EA66487370490D9EEF2A4670BC7F13AB&attach=1234|456
HTTP状态：0
返回：

【2019-01-26 09:54:08】
订单号：20190126095131515351
通知地址：https://www.htcp19.com/notify_url/29
通知报文：memberid=10043&orderid=2019012609513031677&transaction_id=20190126095131515351&amount=300.0000&datetime=20190126095406&returncode=00&sign=9B7DC0B658DB20834F9B78CF4EF32E27&attach=1234|456
HTTP状态：200
返回：ok

【2019-01-26 09:54:09】
订单号：20190126095025499853
通知地址：https://www.htcp19.com/notify_url/29
通知报文：memberid=10043&orderid=2019012609502586119&transaction_id=20190126095025499853&amount=500.0000&datetime=20190126095408&returncode=00&sign=F444BDEEDA69FB6E556183C94D7315DF&attach=1234|456
HTTP状态：200
返回：ok

【2019-01-26 09:54:09】
订单号：20190126095143102485
通知地址：http://wfcz222.com/notify_url/34
通知报文：memberid=10033&orderid=2019012609514240722&transaction_id=20190126095143102485&amount=3000.0000&datetime=20190126095408&returncode=00&sign=C3BDCE1769B6A2EC3507E8B94D402F80&attach=1234|456
HTTP状态：200
返回：ok

【2019-01-26 09:54:17】
订单号：20190126095041495348
通知地址：http://xycz333.com/notify_url/42
通知报文：memberid=10035&orderid=2019012609504074656&transaction_id=20190126095041495348&amount=200.0000&datetime=20190126095416&returncode=00&sign=504ED12107A18AF68338539A578F4B88&attach=1234|456
HTTP状态：200
返回：ok

【2019-01-26 09:54:20】
订单号：20190126094929571005
通知地址：http://xycz333.com/notify_url/42
通知报文：memberid=10035&orderid=2019012609492894953&transaction_id=20190126094929571005&amount=200.0000&datetime=20190126095419&returncode=00&sign=C2093F56629DC1FC6B8DBE6CF852426B&attach=1234|456
HTTP状态：200
返回：ok

【2019-01-26 09:55:10】
订单号：20190126095025499853
通知地址：https://www.htcp19.com/notify_url/29
通知报文：memberid=10043&orderid=2019012609502586119&transaction_id=20190126095025499853&amount=500.0000&datetime=20190126095509&returncode=00&sign=1670951FB707754275244DA3F47337D3&attach=1234|456
HTTP状态：200
返回：ok

【2019-01-26 09:55:10】
订单号：20190126095143102485
通知地址：http://wfcz222.com/notify_url/34
通知报文：memberid=10033&orderid=2019012609514240722&transaction_id=20190126095143102485&amount=3000.0000&datetime=20190126095510&returncode=00&sign=5DE203E5924257CF5D549E28256A139E&attach=1234|456
HTTP状态：200
返回：ok

【2019-01-26 09:55:11】
订单号：20190126095131515351
通知地址：https://www.htcp19.com/notify_url/29
通知报文：memberid=10043&orderid=2019012609513031677&transaction_id=20190126095131515351&amount=300.0000&datetime=20190126095508&returncode=00&sign=3EEB75D70140797E88D40B90E8E3A2F6&attach=1234|456
HTTP状态：200
返回：ok

【2019-01-26 09:55:17】
订单号：20190126095041495348
通知地址：http://xycz333.com/notify_url/42
通知报文：memberid=10035&orderid=2019012609504074656&transaction_id=20190126095041495348&amount=200.0000&datetime=20190126095517&returncode=00&sign=C6E6C81B841A784B0F09B5492B269473&attach=1234|456
HTTP状态：200
返回：ok

【2019-01-26 09:55:21】
订单号：20190126094929571005
通知地址：http://xycz333.com/notify_url/42
通知报文：memberid=10035&orderid=2019012609492894953&transaction_id=20190126094929571005&amount=200.0000&datetime=20190126095520&returncode=00&sign=9C17E08FD51FB037C7D8CC426DDD2792&attach=1234|456
HTTP状态：200
返回：ok

【2019-01-26 09:56:08】
订单号：20190126095243984910
通知地址：http://xycz333.com/notify_url/42
通知报文：memberid=10035&orderid=2019012609524247338&transaction_id=20190126095243984910&amount=200.0000&datetime=20190126095607&returncode=00&sign=F28D74831FBE50F38B1341ACCFF62FE9&attach=1234|456
HTTP状态：200
返回：ok

【2019-01-26 09:56:09】
订单号：20190126095018979810
通知地址：http://hchcz111.com/notify_url/30
通知报文：memberid=10032&orderid=2019012609501724281&transaction_id=20190126095018979810&amount=500.0000&datetime=20190126095608&returncode=00&sign=A4DF37D8A449A15B148C85F808059FEF&attach=1234|456
HTTP状态：200
返回：ok

【2019-01-26 09:56:11】
订单号：20190126095143102485
通知地址：http://wfcz222.com/notify_url/34
通知报文：memberid=10033&orderid=2019012609514240722&transaction_id=20190126095143102485&amount=3000.0000&datetime=20190126095610&returncode=00&sign=A02344197994EA9CB206F51F4305A197&attach=1234|456
HTTP状态：200
返回：ok

【2019-01-26 09:56:11】
订单号：20190126095025499853
通知地址：https://www.htcp19.com/notify_url/29
通知报文：memberid=10043&orderid=2019012609502586119&transaction_id=20190126095025499853&amount=500.0000&datetime=20190126095610&returncode=00&sign=0D5C6DEC0A6402D3CC21B906CB13A301&attach=1234|456
HTTP状态：200
返回：ok

【2019-01-26 09:56:12】
订单号：20190126095131515351
通知地址：https://www.htcp19.com/notify_url/29
通知报文：memberid=10043&orderid=2019012609513031677&transaction_id=20190126095131515351&amount=300.0000&datetime=20190126095612&returncode=00&sign=36858C6975C33678F60A362443C8588E&attach=1234|456
HTTP状态：200
返回：ok

【2019-01-26 09:56:18】
订单号：20190126095041495348
通知地址：http://xycz333.com/notify_url/42
通知报文：memberid=10035&orderid=2019012609504074656&transaction_id=20190126095041495348&amount=200.0000&datetime=20190126095617&returncode=00&sign=A97C0D677B80272B087C61C4701522A1&attach=1234|456
HTTP状态：200
返回：ok

【2019-01-26 09:56:22】
订单号：20190126094929571005
通知地址：http://xycz333.com/notify_url/42
通知报文：memberid=10035&orderid=2019012609492894953&transaction_id=20190126094929571005&amount=200.0000&datetime=20190126095621&returncode=00&sign=059CC918FFDB0B9252883385808875A8&attach=1234|456
HTTP状态：200
返回：ok

【2019-01-26 09:56:43】
订单号：20190126092222101515
通知地址：http://wfcz222.com/notify_url/34
通知报文：memberid=10033&orderid=2019012609222117825&transaction_id=20190126092222101515&amount=2000.0000&datetime=20190126095641&returncode=00&sign=D178BC8591198CBAE37484CB49D1FB3A&attach=1234|456
HTTP状态：200
返回：ok

【2019-01-26 09:57:09】
订单号：20190126095243984910
通知地址：http://xycz333.com/notify_url/42
通知报文：memberid=10035&orderid=2019012609524247338&transaction_id=20190126095243984910&amount=200.0000&datetime=20190126095708&returncode=00&sign=EAD894733EC3B872CFDB2E2995B72680&attach=1234|456
HTTP状态：200
返回：ok

【2019-01-26 09:57:09】
订单号：20190126095018979810
通知地址：http://hchcz111.com/notify_url/30
通知报文：memberid=10032&orderid=2019012609501724281&transaction_id=20190126095018979810&amount=500.0000&datetime=20190126095709&returncode=00&sign=FF2D1BC006D92D481A392A8A0AAA5262&attach=1234|456
HTTP状态：200
返回：ok

【2019-01-26 09:57:11】
订单号：20190126095143102485
通知地址：http://wfcz222.com/notify_url/34
通知报文：memberid=10033&orderid=2019012609514240722&transaction_id=20190126095143102485&amount=3000.0000&datetime=20190126095711&returncode=00&sign=129FFAF8FAFAA2661ABF2650FE1E7E8A&attach=1234|456
HTTP状态：200
返回：ok

【2019-01-26 09:57:12】
订单号：20190126095025499853
通知地址：https://www.htcp19.com/notify_url/29
通知报文：memberid=10043&orderid=2019012609502586119&transaction_id=20190126095025499853&amount=500.0000&datetime=20190126095712&returncode=00&sign=734933B71D9F07BA8A067959055F94A0&attach=1234|456
HTTP状态：200
返回：ok

【2019-01-26 09:57:13】
订单号：20190126095131515351
通知地址：https://www.htcp19.com/notify_url/29
通知报文：memberid=10043&orderid=2019012609513031677&transaction_id=20190126095131515351&amount=300.0000&datetime=20190126095712&returncode=00&sign=0179C2B38617ACD2EC7FF03479860667&attach=1234|456
HTTP状态：200
返回：ok

【2019-01-26 09:57:18】
订单号：20190126095041495348
通知地址：http://xycz333.com/notify_url/42
通知报文：memberid=10035&orderid=2019012609504074656&transaction_id=20190126095041495348&amount=200.0000&datetime=20190126095718&returncode=00&sign=CC8D76C6B89F8E10918969E09D2C2AEE&attach=1234|456
HTTP状态：200
返回：ok

【2019-01-26 09:57:22】
订单号：20190126092725100505
通知地址：https://www.qmpay66.com/notify_url/24
通知报文：memberid=10073&orderid=2019012609272484473&transaction_id=20190126092725100505&amount=200.0000&datetime=20190126095721&returncode=00&sign=AA9FFD18FADAC474F8D51AA25D38BFF1&attach=1234|456
HTTP状态：200
返回：ok

【2019-01-26 09:58:11】
订单号：20190126095018979810
通知地址：http://hchcz111.com/notify_url/30
通知报文：memberid=10032&orderid=2019012609501724281&transaction_id=20190126095018979810&amount=500.0000&datetime=20190126095810&returncode=00&sign=6879936414700AD179E3C811E73B7E94&attach=1234|456
HTTP状态：200
返回：ok

【2019-01-26 09:58:11】
订单号：20190126095243984910
通知地址：http://xycz333.com/notify_url/42
通知报文：memberid=10035&orderid=2019012609524247338&transaction_id=20190126095243984910&amount=200.0000&datetime=20190126095809&returncode=00&sign=7D4105EA448CC5EEBD3EF9E6964CDB8D&attach=1234|456
HTTP状态：200
返回：ok

【2019-01-26 09:58:12】
订单号：20190126095143102485
通知地址：http://wfcz222.com/notify_url/34
通知报文：memberid=10033&orderid=2019012609514240722&transaction_id=20190126095143102485&amount=3000.0000&datetime=20190126095811&returncode=00&sign=05A957B9DEB422E55703BC7E8B726140&attach=1234|456
HTTP状态：200
返回：ok

【2019-01-26 09:58:14】
订单号：20190126095131515351
通知地址：https://www.htcp19.com/notify_url/29
通知报文：memberid=10043&orderid=2019012609513031677&transaction_id=20190126095131515351&amount=300.0000&datetime=20190126095813&returncode=00&sign=1781DB6DC1292F9999CF3D9C6C2D9BF2&attach=1234|456
HTTP状态：200
返回：ok

【2019-01-26 09:59:11】
订单号：20190126095018979810
通知地址：http://hchcz111.com/notify_url/30
通知报文：memberid=10032&orderid=2019012609501724281&transaction_id=20190126095018979810&amount=500.0000&datetime=20190126095911&returncode=00&sign=A0550141B411833BCD26210A356124E0&attach=1234|456
HTTP状态：200
返回：ok

【2019-01-26 09:59:12】
订单号：20190126095243984910
通知地址：http://xycz333.com/notify_url/42
通知报文：memberid=10035&orderid=2019012609524247338&transaction_id=20190126095243984910&amount=200.0000&datetime=20190126095911&returncode=00&sign=72452BE712E0E8A4E85E63A636DC38C1&attach=1234|456
HTTP状态：200
返回：ok

【2019-01-26 10:00:09】
订单号：20190126095712565251
通知地址：https://www.qmpay66.com/notify_url/24
通知报文：memberid=10073&orderid=2019012609571133865&transaction_id=20190126095712565251&amount=1000.0000&datetime=20190126100009&returncode=00&sign=0D3F0EECBD49BFC740DAA53FEAC2477A&attach=1234|456
HTTP状态：200
返回：ok

【2019-01-26 10:00:12】
订单号：20190126095018979810
通知地址：http://hchcz111.com/notify_url/30
通知报文：memberid=10032&orderid=2019012609501724281&transaction_id=20190126095018979810&amount=500.0000&datetime=20190126100011&returncode=00&sign=2599AA9A87404C97527105D6876A4031&attach=1234|456
HTTP状态：200
返回：ok

【2019-01-26 10:00:13】
订单号：20190126095243984910
通知地址：http://xycz333.com/notify_url/42
通知报文：memberid=10035&orderid=2019012609524247338&transaction_id=20190126095243984910&amount=200.0000&datetime=20190126100012&returncode=00&sign=52A6F869924242E9B95A8FF4AFC09C89&attach=1234|456
HTTP状态：200
返回：ok

【2019-01-26 10:01:10】
订单号：20190126095712565251
通知地址：https://www.qmpay66.com/notify_url/24
通知报文：memberid=10073&orderid=2019012609571133865&transaction_id=20190126095712565251&amount=1000.0000&datetime=20190126100109&returncode=00&sign=8C523B0E6A1F60EB6D7B18CFF3E0B232&attach=1234|456
HTTP状态：200
返回：ok

【2019-01-26 10:01:14】
订单号：20190126095834974810
通知地址：http://xycz333.com/notify_url/42
通知报文：memberid=10035&orderid=2019012609583398771&transaction_id=20190126095834974810&amount=5000.0000&datetime=20190126100113&returncode=00&sign=29B1980697940905B05CF57DAE8FFA64&attach=1234|456
HTTP状态：200
返回：ok

【2019-01-26 10:02:12】
订单号：20190126095712565251
通知地址：https://www.qmpay66.com/notify_url/24
通知报文：memberid=10073&orderid=2019012609571133865&transaction_id=20190126095712565251&amount=1000.0000&datetime=20190126100210&returncode=00&sign=A71A4D8A48DF2E5727862AA4212012BD&attach=1234|456
HTTP状态：200
返回：ok

【2019-01-26 10:02:15】
订单号：20190126095834974810
通知地址：http://xycz333.com/notify_url/42
通知报文：memberid=10035&orderid=2019012609583398771&transaction_id=20190126095834974810&amount=5000.0000&datetime=20190126100214&returncode=00&sign=D825B62E48E9E15BED6ADA62E80AF76A&attach=1234|456
HTTP状态：200
返回：ok

【2019-01-26 10:03:08】
订单号：20190126100057574949
通知地址：http://xycz333.com/notify_url/42
通知报文：memberid=10035&orderid=2019012610005292651&transaction_id=20190126100057574949&amount=200.0000&datetime=20190126100307&returncode=00&sign=5CBA96AFCA3C3468EB0EDA6951AB7284&attach=1234|456
HTTP状态：200
返回：ok

【2019-01-26 10:03:15】
订单号：20190126095834974810
通知地址：http://xycz333.com/notify_url/42
通知报文：memberid=10035&orderid=2019012609583398771&transaction_id=20190126095834974810&amount=5000.0000&datetime=20190126100315&returncode=00&sign=16BE010CD439402B7A7A5D5754532DDE&attach=1234|456
HTTP状态：200
返回：ok

【2019-01-26 10:03:16】
订单号：20190126095712565251
通知地址：https://www.qmpay66.com/notify_url/24
通知报文：memberid=10073&orderid=2019012609571133865&transaction_id=20190126095712565251&amount=1000.0000&datetime=20190126100312&returncode=00&sign=708F93F760A73983617AF62B9302937E&attach=1234|456
HTTP状态：200
返回：ok

【2019-01-26 10:04:10】
订单号：20190126100057574949
通知地址：http://xycz333.com/notify_url/42
通知报文：memberid=10035&orderid=2019012610005292651&transaction_id=20190126100057574949&amount=200.0000&datetime=20190126100408&returncode=00&sign=337696B42FCEB7A84417B37105466B34&attach=1234|456
HTTP状态：200
返回：ok

【2019-01-26 10:04:16】
订单号：20190126095834974810
通知地址：http://xycz333.com/notify_url/42
通知报文：memberid=10035&orderid=2019012609583398771&transaction_id=20190126095834974810&amount=5000.0000&datetime=20190126100415&returncode=00&sign=1C5471714D63CB00E2EB380E136BB986&attach=1234|456
HTTP状态：200
返回：ok

【2019-01-26 10:04:16】
订单号：20190126095712565251
通知地址：https://www.qmpay66.com/notify_url/24
通知报文：memberid=10073&orderid=2019012609571133865&transaction_id=20190126095712565251&amount=1000.0000&datetime=20190126100416&returncode=00&sign=C6C4065F6409A534C82A8B15E50529FB&attach=1234|456
HTTP状态：200
返回：ok

【2019-01-26 10:05:10】
订单号：20190126100057574949
通知地址：http://xycz333.com/notify_url/42
通知报文：memberid=10035&orderid=2019012610005292651&transaction_id=20190126100057574949&amount=200.0000&datetime=20190126100510&returncode=00&sign=369FE512C72C29E3B7A9E11098AF93D5&attach=1234|456
HTTP状态：200
返回：ok

【2019-01-26 10:05:17】
订单号：20190126095834974810
通知地址：http://xycz333.com/notify_url/42
通知报文：memberid=10035&orderid=2019012609583398771&transaction_id=20190126095834974810&amount=5000.0000&datetime=20190126100516&returncode=00&sign=3177062B58600CDF0ACB4740D442FC64&attach=1234|456
HTTP状态：200
返回：ok

【2019-01-26 10:06:09】
订单号：20190126100315511014
通知地址：http://478953.com/notify_url/75
通知报文：memberid=10020&orderid=2019012610031511219&transaction_id=20190126100315511014&amount=2000.0000&datetime=20190126100608&returncode=00&sign=6162DCA0062B626FA80CE2E2AA2FC03A&attach=1234|456
HTTP状态：200
返回：ok

【2019-01-26 10:06:12】
订单号：20190126100057574949
通知地址：http://xycz333.com/notify_url/42
通知报文：memberid=10035&orderid=2019012610005292651&transaction_id=20190126100057574949&amount=200.0000&datetime=20190126100611&returncode=00&sign=694ABEF2CA305FAC30652FF492746FCB&attach=1234|456
HTTP状态：200
返回：ok

【2019-01-26 10:07:07】
订单号：20190126100307985155
通知地址：https://www.qmpay66.com/notify_url/24
通知报文：memberid=10073&orderid=2019012610030619185&transaction_id=20190126100307985155&amount=200.0000&datetime=20190126100706&returncode=00&sign=0B7983DC1CCA881942B406B34F9D322F&attach=1234|456
HTTP状态：200
返回：ok

【2019-01-26 10:07:09】
订单号：20190126100315511014
通知地址：http://478953.com/notify_url/75
通知报文：memberid=10020&orderid=2019012610031511219&transaction_id=20190126100315511014&amount=2000.0000&datetime=20190126100709&returncode=00&sign=4E21869514332759E31918EA6E875B09&attach=1234|456
HTTP状态：200
返回：ok

【2019-01-26 10:07:10】
订单号：20190126100417495555
通知地址：https://www.qmpay66.com/notify_url/24
通知报文：memberid=10073&orderid=2019012610041687923&transaction_id=20190126100417495555&amount=1000.0000&datetime=20190126100710&returncode=00&sign=83316970A925979AD3BC4430965D4C26&attach=1234|456
HTTP状态：200
返回：ok

【2019-01-26 10:07:13】
订单号：20190126100057574949
通知地址：http://xycz333.com/notify_url/42
通知报文：memberid=10035&orderid=2019012610005292651&transaction_id=20190126100057574949&amount=200.0000&datetime=20190126100712&returncode=00&sign=40A9D3ECE6C575C6C43406ED5423180D&attach=1234|456
HTTP状态：200
返回：ok

【2019-01-26 10:07:14】
订单号：20190126100417495555
通知地址：https://www.qmpay66.com/notify_url/24
通知报文：memberid=10073&orderid=2019012610041687923&transaction_id=20190126100417495555&amount=1000.0000&datetime=20190126100713&returncode=00&sign=0CD6E408972EBC2DFDC78C7B29C88067&attach=1234|456
HTTP状态：200
返回：ok

【2019-01-26 10:08:07】
订单号：20190126100307985155
通知地址：https://www.qmpay66.com/notify_url/24
通知报文：memberid=10073&orderid=2019012610030619185&transaction_id=20190126100307985155&amount=200.0000&datetime=20190126100807&returncode=00&sign=06FD1CBC835FF813DEA0A8368BCC7E55&attach=1234|456
HTTP状态：200
返回：ok

【2019-01-26 10:08:10】
订单号：20190126100315511014
通知地址：http://478953.com/notify_url/75
通知报文：memberid=10020&orderid=2019012610031511219&transaction_id=20190126100315511014&amount=2000.0000&datetime=20190126100809&returncode=00&sign=FF930EE7238D49D23F15F04F2E794255&attach=1234|456
HTTP状态：200
返回：ok

【2019-01-26 10:08:12】
订单号：20190126100417495555
通知地址：https://www.qmpay66.com/notify_url/24
通知报文：memberid=10073&orderid=2019012610041687923&transaction_id=20190126100417495555&amount=1000.0000&datetime=20190126100810&returncode=00&sign=E3F7C13AEAA233B37B6428C96F043FC5&attach=1234|456
HTTP状态：200
返回：ok

【2019-01-26 10:09:10】
订单号：20190126100613535110
通知地址：https://www.qmpay66.com/notify_url/24
通知报文：memberid=10073&orderid=2019012610061245128&transaction_id=20190126100613535110&amount=2000.0000&datetime=20190126100909&returncode=00&sign=6972901B51D37FA07208CF3864AC9E79&attach=1234|456
HTTP状态：200
返回：ok

【2019-01-26 10:09:10】
订单号：20190126100307985155
通知地址：https://www.qmpay66.com/notify_url/24
通知报文：memberid=10073&orderid=2019012610030619185&transaction_id=20190126100307985155&amount=200.0000&datetime=20190126100908&returncode=00&sign=DEAC562BFBFCE1A187A06CC14C16214E&attach=1234|456
HTTP状态：200
返回：ok

【2019-01-26 10:09:11】
订单号：20190126100315511014
通知地址：http://478953.com/notify_url/75
通知报文：memberid=10020&orderid=2019012610031511219&transaction_id=20190126100315511014&amount=2000.0000&datetime=20190126100910&returncode=00&sign=15816EEAAD9CD98CBC1BB2DEAF502846&attach=1234|456
HTTP状态：200
返回：ok

【2019-01-26 10:09:13】
订单号：20190126100417495555
通知地址：https://www.qmpay66.com/notify_url/24
通知报文：memberid=10073&orderid=2019012610041687923&transaction_id=20190126100417495555&amount=1000.0000&datetime=20190126100912&returncode=00&sign=C6D5FBFC13922A6DCF7E0C56569E97E0&attach=1234|456
HTTP状态：200
返回：ok

【2019-01-26 10:10:10】
订单号：20190126100613535110
通知地址：https://www.qmpay66.com/notify_url/24
通知报文：memberid=10073&orderid=2019012610061245128&transaction_id=20190126100613535110&amount=2000.0000&datetime=20190126101010&returncode=00&sign=578FF9D2ED1E8B28D86ED605503CEACE&attach=1234|456
HTTP状态：200
返回：ok

【2019-01-26 10:10:12】
订单号：20190126100315511014
通知地址：http://478953.com/notify_url/75
通知报文：memberid=10020&orderid=2019012610031511219&transaction_id=20190126100315511014&amount=2000.0000&datetime=20190126101011&returncode=00&sign=7E885A70B6DC4DF2844592DD09E62EA8&attach=1234|456
HTTP状态：200
返回：ok

【2019-01-26 10:10:13】
订单号：20190126100417495555
通知地址：https://www.qmpay66.com/notify_url/24
通知报文：memberid=10073&orderid=2019012610041687923&transaction_id=20190126100417495555&amount=1000.0000&datetime=20190126101013&returncode=00&sign=6F6CB762410872B8764C8C8B8EDBFA01&attach=1234|456
HTTP状态：200
返回：ok

【2019-01-26 10:10:14】
订单号：20190126100307985155
通知地址：https://www.qmpay66.com/notify_url/24
通知报文：memberid=10073&orderid=2019012610030619185&transaction_id=20190126100307985155&amount=200.0000&datetime=20190126101010&returncode=00&sign=E164FAA5C8E8F79165EDFD83139012CE&attach=1234|456
HTTP状态：200
返回：ok

【2019-01-26 10:11:11】
订单号：20190126100613535110
通知地址：https://www.qmpay66.com/notify_url/24
通知报文：memberid=10073&orderid=2019012610061245128&transaction_id=20190126100613535110&amount=2000.0000&datetime=20190126101110&returncode=00&sign=F02F801CE7AEEDEEA38EB24181FBC4E0&attach=1234|456
HTTP状态：200
返回：ok

【2019-01-26 10:11:15】
订单号：20190126100417495555
通知地址：https://www.qmpay66.com/notify_url/24
通知报文：memberid=10073&orderid=2019012610041687923&transaction_id=20190126100417495555&amount=1000.0000&datetime=20190126101114&returncode=00&sign=502319478F3B661E151FA4C7866DACDB&attach=1234|456
HTTP状态：200
返回：ok

【2019-01-26 10:11:15】
订单号：20190126100307985155
通知地址：https://www.qmpay66.com/notify_url/24
通知报文：memberid=10073&orderid=2019012610030619185&transaction_id=20190126100307985155&amount=200.0000&datetime=20190126101114&returncode=00&sign=B0390ABD9E6EC1683BACC3CBBC7A195E&attach=1234|456
HTTP状态：200
返回：ok

【2019-01-26 10:12:12】
订单号：20190126100613535110
通知地址：https://www.qmpay66.com/notify_url/24
通知报文：memberid=10073&orderid=2019012610061245128&transaction_id=20190126100613535110&amount=2000.0000&datetime=20190126101211&returncode=00&sign=D6F312BF68258907A2CE2ADDFEA3F3AB&attach=1234|456
HTTP状态：200
返回：ok

【2019-01-26 10:12:51】
订单号：20190126092540529757
通知地址：http://xycz333.com/notify_url/42
通知报文：memberid=10035&orderid=2019012609253730561&transaction_id=20190126092540529757&amount=500.0000&datetime=20190126101250&returncode=00&sign=352D2B97AE1C75F5BBBCE4C4D9CA6FE5&attach=1234|456
HTTP状态：200
返回：ok

【2019-01-26 10:13:13】
订单号：20190126100613535110
通知地址：https://www.qmpay66.com/notify_url/24
通知报文：memberid=10073&orderid=2019012610061245128&transaction_id=20190126100613535110&amount=2000.0000&datetime=20190126101312&returncode=00&sign=F4AE7F1B3588852721BF4E2E7B3B9C28&attach=1234|456
HTTP状态：200
返回：ok

【2019-01-26 11:45:06】
订单号：20190126114455559956
通知地址：http://55qiwn.natappfree.cc/zagame/wuguiPayNotifyurl
通知报文：memberid=10004&orderid=20190126114454315684&transaction_id=20190126114455559956&amount=0.9900&datetime=20190126114506&returncode=00&sign=158B6F8A8B698E6CF92EDAFB096D3894&attach=AUTO
HTTP状态：0
返回：

【2019-01-26 11:46:07】
订单号：20190126114455559956
通知地址：http://55qiwn.natappfree.cc/zagame/wuguiPayNotifyurl
通知报文：memberid=10004&orderid=20190126114454315684&transaction_id=20190126114455559956&amount=0.9900&datetime=20190126114607&returncode=00&sign=19E8170D225C0C64BD1DE6A5735C918A&attach=AUTO
HTTP状态：0
返回：

【2019-01-26 11:46:53】
订单号：20190126114640489754
通知地址：http://55qiwn.natappfree.cc/zagame/wuguiPayNotifyurl
通知报文：memberid=10004&orderid=20190126114639273242&transaction_id=20190126114640489754&amount=0.9800&datetime=20190126114653&returncode=00&sign=FA2FCAADD324672410B6D7E4244D9C24&attach=AUTO
HTTP状态：0
返回：

【2019-01-26 11:47:07】
订单号：20190126114455559956
通知地址：http://55qiwn.natappfree.cc/zagame/wuguiPayNotifyurl
通知报文：memberid=10004&orderid=20190126114454315684&transaction_id=20190126114455559956&amount=0.9900&datetime=20190126114707&returncode=00&sign=B326BB85DFA4CF0FFB84255B3AF354BC&attach=AUTO
HTTP状态：0
返回：

【2019-01-26 11:47:54】
订单号：20190126114640489754
通知地址：http://55qiwn.natappfree.cc/zagame/wuguiPayNotifyurl
通知报文：memberid=10004&orderid=20190126114639273242&transaction_id=20190126114640489754&amount=0.9800&datetime=20190126114753&returncode=00&sign=BCEDDA677BE555306120DD1E307892E1&attach=AUTO
HTTP状态：0
返回：

【2019-01-26 11:48:07】
订单号：20190126114455559956
通知地址：http://55qiwn.natappfree.cc/zagame/wuguiPayNotifyurl
通知报文：memberid=10004&orderid=20190126114454315684&transaction_id=20190126114455559956&amount=0.9900&datetime=20190126114807&returncode=00&sign=13FDE3278E49B195D9321BE77A92B298&attach=AUTO
HTTP状态：0
返回：

【2019-01-26 11:48:54】
订单号：20190126114640489754
通知地址：http://55qiwn.natappfree.cc/zagame/wuguiPayNotifyurl
通知报文：memberid=10004&orderid=20190126114639273242&transaction_id=20190126114640489754&amount=0.9800&datetime=20190126114854&returncode=00&sign=32DB30DCB686051D03474370A8B2188F&attach=AUTO
HTTP状态：0
返回：

【2019-01-26 11:49:07】
订单号：20190126114455559956
通知地址：http://55qiwn.natappfree.cc/zagame/wuguiPayNotifyurl
通知报文：memberid=10004&orderid=20190126114454315684&transaction_id=20190126114455559956&amount=0.9900&datetime=20190126114907&returncode=00&sign=34B89D0953A52B4F68E32467E98F9BB6&attach=AUTO
HTTP状态：0
返回：

【2019-01-26 11:49:54】
订单号：20190126114640489754
通知地址：http://55qiwn.natappfree.cc/zagame/wuguiPayNotifyurl
通知报文：memberid=10004&orderid=20190126114639273242&transaction_id=20190126114640489754&amount=0.9800&datetime=20190126114954&returncode=00&sign=EBEC79B9E8A70FB36B654D95DB61C7B6&attach=AUTO
HTTP状态：0
返回：

【2019-01-26 11:50:54】
订单号：20190126114640489754
通知地址：http://55qiwn.natappfree.cc/zagame/wuguiPayNotifyurl
通知报文：memberid=10004&orderid=20190126114639273242&transaction_id=20190126114640489754&amount=0.9800&datetime=20190126115054&returncode=00&sign=6313404A161AE9260138556B8F23B0C1&attach=AUTO
HTTP状态：0
返回：

【2019-01-26 13:10:08】
订单号：20190126130958545151
通知地址：http://55qiwn.natappfree.cc/zagame/wuguiPayNotifyurl
通知报文：memberid=10004&orderid=20190126130957640492&transaction_id=20190126130958545151&amount=0.9900&datetime=20190126131008&returncode=00&sign=80E7112A4273725CC168F76D4D632BDB&attach=AUTO
HTTP状态：0
返回：

【2019-01-26 13:11:08】
订单号：20190126130958545151
通知地址：http://55qiwn.natappfree.cc/zagame/wuguiPayNotifyurl
通知报文：memberid=10004&orderid=20190126130957640492&transaction_id=20190126130958545151&amount=0.9900&datetime=20190126131108&returncode=00&sign=95D3A71E9AC50D176257A0B8367F1BF1&attach=AUTO
HTTP状态：0
返回：

【2019-01-26 13:12:10】
订单号：20190126130958545151
通知地址：http://55qiwn.natappfree.cc/zagame/wuguiPayNotifyurl
通知报文：memberid=10004&orderid=20190126130957640492&transaction_id=20190126130958545151&amount=0.9900&datetime=20190126131210&returncode=00&sign=3185C8461F14646DCCBA73694C87B99C&attach=AUTO
HTTP状态：0
返回：

【2019-01-26 13:13:10】
订单号：20190126130958545151
通知地址：http://55qiwn.natappfree.cc/zagame/wuguiPayNotifyurl
通知报文：memberid=10004&orderid=20190126130957640492&transaction_id=20190126130958545151&amount=0.9900&datetime=20190126131310&returncode=00&sign=F82FE6A0A47A36A0CF82B00A995CC3FF&attach=AUTO
HTTP状态：0
返回：

【2019-01-26 13:14:10】
订单号：20190126130958545151
通知地址：http://55qiwn.natappfree.cc/zagame/wuguiPayNotifyurl
通知报文：memberid=10004&orderid=20190126130957640492&transaction_id=20190126130958545151&amount=0.9900&datetime=20190126131410&returncode=00&sign=7FC402AA43E27E6EBB6A3559AA10558E&attach=AUTO
HTTP状态：0
返回：

【2019-01-26 13:20:03】
订单号：20190126131928484899
通知地址：http://55qiwn.natappfree.cc/zagame/wuguiPayNotifyurl
通知报文：memberid=10004&orderid=20190126131927695383&transaction_id=20190126131928484899&amount=1.0000&datetime=20190126132003&returncode=00&sign=9487A210C1AD09A99874E8F509C7FDAA&attach=AUTO
HTTP状态：0
返回：

【2019-01-26 13:21:03】
订单号：20190126131928484899
通知地址：http://55qiwn.natappfree.cc/zagame/wuguiPayNotifyurl
通知报文：memberid=10004&orderid=20190126131927695383&transaction_id=20190126131928484899&amount=1.0000&datetime=20190126132103&returncode=00&sign=F1541AD2DB2E9D4CCC0B0C5BB01146DF&attach=AUTO
HTTP状态：0
返回：

【2019-01-26 13:22:04】
订单号：20190126131928484899
通知地址：http://55qiwn.natappfree.cc/zagame/wuguiPayNotifyurl
通知报文：memberid=10004&orderid=20190126131927695383&transaction_id=20190126131928484899&amount=1.0000&datetime=20190126132203&returncode=00&sign=9CEE08CE6BCE1B013CD26825A29E21D3&attach=AUTO
HTTP状态：0
返回：

【2019-01-26 13:23:04】
订单号：20190126131928484899
通知地址：http://55qiwn.natappfree.cc/zagame/wuguiPayNotifyurl
通知报文：memberid=10004&orderid=20190126131927695383&transaction_id=20190126131928484899&amount=1.0000&datetime=20190126132304&returncode=00&sign=72CDC775892DED84C2E23749382716F9&attach=AUTO
HTTP状态：0
返回：

【2019-01-26 13:24:04】
订单号：20190126131928484899
通知地址：http://55qiwn.natappfree.cc/zagame/wuguiPayNotifyurl
通知报文：memberid=10004&orderid=20190126131927695383&transaction_id=20190126131928484899&amount=1.0000&datetime=20190126132404&returncode=00&sign=476E90A42C6C07230B9C6ECDBC441293&attach=AUTO
HTTP状态：0
返回：

【2019-01-26 13:45:01】
订单号：20190126134451515110
通知地址：http://55qiwn.natappfree.cc/zagame/wuguiPayNotifyurl
通知报文：memberid=10004&orderid=20190126134450463552&transaction_id=20190126134451515110&amount=1.0000&datetime=20190126134501&returncode=00&sign=99B40C7B5DC6DC3C1762449CCB21F868&attach=AUTO
HTTP状态：0
返回：

【2019-01-26 13:46:01】
订单号：20190126134451515110
通知地址：http://55qiwn.natappfree.cc/zagame/wuguiPayNotifyurl
通知报文：memberid=10004&orderid=20190126134450463552&transaction_id=20190126134451515110&amount=1.0000&datetime=20190126134601&returncode=00&sign=CCCE02CF8E66E8073D6A8630E1C9DE4A&attach=AUTO
HTTP状态：0
返回：

【2019-01-26 13:47:01】
订单号：20190126134451515110
通知地址：http://55qiwn.natappfree.cc/zagame/wuguiPayNotifyurl
通知报文：memberid=10004&orderid=20190126134450463552&transaction_id=20190126134451515110&amount=1.0000&datetime=20190126134701&returncode=00&sign=F033712219A9953B0722A098D1CCFA48&attach=AUTO
HTTP状态：0
返回：

【2019-01-26 13:48:01】
订单号：20190126134451515110
通知地址：http://55qiwn.natappfree.cc/zagame/wuguiPayNotifyurl
通知报文：memberid=10004&orderid=20190126134450463552&transaction_id=20190126134451515110&amount=1.0000&datetime=20190126134801&returncode=00&sign=DB3827BADC891D8CCA601271B1010FBB&attach=AUTO
HTTP状态：0
返回：

【2019-01-26 13:49:01】
订单号：20190126134451515110
通知地址：http://55qiwn.natappfree.cc/zagame/wuguiPayNotifyurl
通知报文：memberid=10004&orderid=20190126134450463552&transaction_id=20190126134451515110&amount=1.0000&datetime=20190126134901&returncode=00&sign=CE1126BEB2FCFBFF1EB49366B5900B57&attach=AUTO
HTTP状态：0
返回：

【2019-01-26 13:54:42】
订单号：20190126135429535310
通知地址：http://55qiwn.natappfree.cc/zagame/wuguiPayNotifyurl
通知报文：memberid=10004&orderid=20190126135428923405&transaction_id=20190126135429535310&amount=1.0000&datetime=20190126135442&returncode=00&sign=010E809A690C0AF96768CD0944549B7C&attach=AUTO
HTTP状态：0
返回：

【2019-01-26 13:55:42】
订单号：20190126135429535310
通知地址：http://55qiwn.natappfree.cc/zagame/wuguiPayNotifyurl
通知报文：memberid=10004&orderid=20190126135428923405&transaction_id=20190126135429535310&amount=1.0000&datetime=20190126135542&returncode=00&sign=572F27F2683471D44606E606ED2C8951&attach=AUTO
HTTP状态：0
返回：

【2019-01-26 13:56:43】
订单号：20190126135429535310
通知地址：http://55qiwn.natappfree.cc/zagame/wuguiPayNotifyurl
通知报文：memberid=10004&orderid=20190126135428923405&transaction_id=20190126135429535310&amount=1.0000&datetime=20190126135642&returncode=00&sign=0FA26556E73591762BB5E3C9B54DA6AC&attach=AUTO
HTTP状态：0
返回：

【2019-01-26 13:57:43】
订单号：20190126135429535310
通知地址：http://55qiwn.natappfree.cc/zagame/wuguiPayNotifyurl
通知报文：memberid=10004&orderid=20190126135428923405&transaction_id=20190126135429535310&amount=1.0000&datetime=20190126135743&returncode=00&sign=D4CE662E24A3D1C727FDB282765BC0C8&attach=AUTO
HTTP状态：0
返回：

【2019-01-26 13:58:43】
订单号：20190126135429535310
通知地址：http://55qiwn.natappfree.cc/zagame/wuguiPayNotifyurl
通知报文：memberid=10004&orderid=20190126135428923405&transaction_id=20190126135429535310&amount=1.0000&datetime=20190126135843&returncode=00&sign=D1086D3BB504B3ECD25A14D0DC561D28&attach=AUTO
HTTP状态：0
返回：

【2019-01-26 14:22:59】
订单号：20190126142250975299
通知地址：http://55qiwn.natappfree.cc/zagame/wuguiPayNotifyurl
通知报文：memberid=10004&orderid=20190126142249760390&transaction_id=20190126142250975299&amount=0.9900&datetime=20190126142259&returncode=00&sign=16F39E13807C5B9C2FFC88276E2DCFD0&attach=AUTO
HTTP状态：0
返回：

【2019-01-26 14:23:59】
订单号：20190126142250975299
通知地址：http://55qiwn.natappfree.cc/zagame/wuguiPayNotifyurl
通知报文：memberid=10004&orderid=20190126142249760390&transaction_id=20190126142250975299&amount=0.9900&datetime=20190126142359&returncode=00&sign=0448021DB5EEDFB3E826F0025BA604D7&attach=AUTO
HTTP状态：0
返回：

【2019-01-26 14:24:59】
订单号：20190126142250975299
通知地址：http://55qiwn.natappfree.cc/zagame/wuguiPayNotifyurl
通知报文：memberid=10004&orderid=20190126142249760390&transaction_id=20190126142250975299&amount=0.9900&datetime=20190126142459&returncode=00&sign=38B325BFF5FE76AC28096FC0B5D349CF&attach=AUTO
HTTP状态：0
返回：

【2019-01-26 14:26:00】
订单号：20190126142250975299
通知地址：http://55qiwn.natappfree.cc/zagame/wuguiPayNotifyurl
通知报文：memberid=10004&orderid=20190126142249760390&transaction_id=20190126142250975299&amount=0.9900&datetime=20190126142600&returncode=00&sign=C28BEFC4909DF025968483E0A05979E3&attach=AUTO
HTTP状态：0
返回：

【2019-01-26 14:27:00】
订单号：20190126142250975299
通知地址：http://55qiwn.natappfree.cc/zagame/wuguiPayNotifyurl
通知报文：memberid=10004&orderid=20190126142249760390&transaction_id=20190126142250975299&amount=0.9900&datetime=20190126142700&returncode=00&sign=08E49A02FD96D2A992D312B7F44EE2CD&attach=AUTO
HTTP状态：0
返回：

【2019-01-26 14:50:27】
订单号：20190126144940529710
通知地址：https://www.qmpay66.com/notify_url/24
通知报文：memberid=10073&orderid=2019012614493931604&transaction_id=20190126144940529710&amount=258.0000&datetime=20190126145025&returncode=00&sign=C7EC615CED0226071BE4ADCC41E65284&attach=1234|456
HTTP状态：200
返回：ok

【2019-01-26 14:51:29】
订单号：20190126144940529710
通知地址：https://www.qmpay66.com/notify_url/24
通知报文：memberid=10073&orderid=2019012614493931604&transaction_id=20190126144940529710&amount=258.0000&datetime=20190126145127&returncode=00&sign=6AEC0484AA8B966A8183F70BA9573DE1&attach=1234|456
HTTP状态：200
返回：ok

【2019-01-26 14:52:30】
订单号：20190126144940529710
通知地址：https://www.qmpay66.com/notify_url/24
通知报文：memberid=10073&orderid=2019012614493931604&transaction_id=20190126144940529710&amount=258.0000&datetime=20190126145229&returncode=00&sign=FA6ECA418AAC1D69FB397C212E23AA98&attach=1234|456
HTTP状态：200
返回：ok

【2019-01-26 14:52:50】
订单号：20190126145033575597
通知地址：https://www.qmpay66.com/notify_url/24
通知报文：memberid=10073&orderid=2019012614503213950&transaction_id=20190126145033575597&amount=300.0000&datetime=20190126145250&returncode=00&sign=9D9943A2A286BB762BEC2C7C4DB09B01&attach=1234|456
HTTP状态：200
返回：ok

【2019-01-26 14:53:32】
订单号：20190126144940529710
通知地址：https://www.qmpay66.com/notify_url/24
通知报文：memberid=10073&orderid=2019012614493931604&transaction_id=20190126144940529710&amount=258.0000&datetime=20190126145331&returncode=00&sign=953F23FA0FD88B1503718473871F136E&attach=1234|456
HTTP状态：200
返回：ok

【2019-01-26 14:53:52】
订单号：20190126145033575597
通知地址：https://www.qmpay66.com/notify_url/24
通知报文：memberid=10073&orderid=2019012614503213950&transaction_id=20190126145033575597&amount=300.0000&datetime=20190126145350&returncode=00&sign=EBD2EE2609DBDBAE592D753FC8086DA3&attach=1234|456
HTTP状态：200
返回：ok

【2019-01-26 14:54:35】
订单号：20190126144940529710
通知地址：https://www.qmpay66.com/notify_url/24
通知报文：memberid=10073&orderid=2019012614493931604&transaction_id=20190126144940529710&amount=258.0000&datetime=20190126145432&returncode=00&sign=17D9A175AC9887CDE3B1EAED11B6980C&attach=1234|456
HTTP状态：200
返回：ok

【2019-01-26 14:54:52】
订单号：20190126145033575597
通知地址：https://www.qmpay66.com/notify_url/24
通知报文：memberid=10073&orderid=2019012614503213950&transaction_id=20190126145033575597&amount=300.0000&datetime=20190126145452&returncode=00&sign=2B8F141D1F1B4FF0C257961703F7D1AF&attach=1234|456
HTTP状态：200
返回：ok

【2019-01-26 14:55:54】
订单号：20190126145033575597
通知地址：https://www.qmpay66.com/notify_url/24
通知报文：memberid=10073&orderid=2019012614503213950&transaction_id=20190126145033575597&amount=300.0000&datetime=20190126145552&returncode=00&sign=6BBDEBE56AC92C1E5CED26D506FE0A8D&attach=1234|456
HTTP状态：200
返回：ok

【2019-01-26 14:56:58】
订单号：20190126145033575597
通知地址：https://www.qmpay66.com/notify_url/24
通知报文：memberid=10073&orderid=2019012614503213950&transaction_id=20190126145033575597&amount=300.0000&datetime=20190126145654&returncode=00&sign=A7330B9316B67B91898BA0041854067B&attach=1234|456
HTTP状态：200
返回：ok

【2019-01-26 15:18:03】
订单号：20190126151751102525
通知地址：http://55qiwn.natappfree.cc/zagame/wuguiPayNotifyurl
通知报文：memberid=10004&orderid=20190126151752831093&transaction_id=20190126151751102525&amount=1.0000&datetime=20190126151803&returncode=00&sign=5DB09303F4ED71251611E81772F04CE2&attach=AUTO
HTTP状态：0
返回：

【2019-01-26 15:19:03】
订单号：20190126151751102525
通知地址：http://55qiwn.natappfree.cc/zagame/wuguiPayNotifyurl
通知报文：memberid=10004&orderid=20190126151752831093&transaction_id=20190126151751102525&amount=1.0000&datetime=20190126151903&returncode=00&sign=9C5B32EBF1BA3DDBAA9CD3B56A317D07&attach=AUTO
HTTP状态：0
返回：

【2019-01-26 15:20:03】
订单号：20190126151751102525
通知地址：http://55qiwn.natappfree.cc/zagame/wuguiPayNotifyurl
通知报文：memberid=10004&orderid=20190126151752831093&transaction_id=20190126151751102525&amount=1.0000&datetime=20190126152003&returncode=00&sign=40A86B01FE66A2EB1C66C3C9B7F6783F&attach=AUTO
HTTP状态：0
返回：

【2019-01-26 15:21:03】
订单号：20190126151751102525
通知地址：http://55qiwn.natappfree.cc/zagame/wuguiPayNotifyurl
通知报文：memberid=10004&orderid=20190126151752831093&transaction_id=20190126151751102525&amount=1.0000&datetime=20190126152103&returncode=00&sign=170F4715E5D455E2B53B2007CA952C09&attach=AUTO
HTTP状态：0
返回：

【2019-01-26 15:22:04】
订单号：20190126151751102525
通知地址：http://55qiwn.natappfree.cc/zagame/wuguiPayNotifyurl
通知报文：memberid=10004&orderid=20190126151752831093&transaction_id=20190126151751102525&amount=1.0000&datetime=20190126152203&returncode=00&sign=A26FFFFAF33F8A4C41F5E26F08B0C779&attach=AUTO
HTTP状态：0
返回：

【2019-01-26 15:44:06】
订单号：20190126154333535110
通知地址：http://hchcz111.com/notify_url/30
通知报文：memberid=10032&orderid=2019012615433222362&transaction_id=20190126154333535110&amount=200.0000&datetime=20190126154405&returncode=00&sign=7A74DF0A907E4A0F7C925BEF2452ECC5&attach=1234|456
HTTP状态：200
返回：ok

【2019-01-26 15:44:29】
订单号：20190126154325100495
通知地址：http://hchcz111.com/notify_url/30
通知报文：memberid=10032&orderid=2019012615432403032&transaction_id=20190126154325100495&amount=2000.0000&datetime=20190126154428&returncode=00&sign=09ED1AA0E596DAA7F68A784A0CE1847B&attach=1234|456
HTTP状态：200
返回：ok

【2019-01-26 15:44:31】
订单号：20190126154408565597
通知地址：http://55qiwn.natappfree.cc/zagame/wuguiPayNotifyurl
通知报文：memberid=10004&orderid=20190126154407628567&transaction_id=20190126154408565597&amount=1.0000&datetime=20190126154431&returncode=00&sign=E7B718FF173C3BF9FAEC43AAF30E731D&attach=AUTO
HTTP状态：0
返回：

【2019-01-26 15:45:09】
订单号：20190126154333535110
通知地址：http://hchcz111.com/notify_url/30
通知报文：memberid=10032&orderid=2019012615433222362&transaction_id=20190126154333535110&amount=200.0000&datetime=20190126154506&returncode=00&sign=AC30FDEAA41D9572386D451963EB1B8A&attach=1234|456
HTTP状态：200
返回：ok

【2019-01-26 15:45:21】
订单号：20190126154411985353
通知地址：http://hchcz111.com/notify_url/30
通知报文：memberid=10032&orderid=2019012615441053325&transaction_id=20190126154411985353&amount=100.0000&datetime=20190126154520&returncode=00&sign=DCB11DA86A12ABA56FCDAAC57974F901&attach=1234|456
HTTP状态：200
返回：ok

【2019-01-26 15:45:29】
订单号：20190126154325100495
通知地址：http://hchcz111.com/notify_url/30
通知报文：memberid=10032&orderid=2019012615432403032&transaction_id=20190126154325100495&amount=2000.0000&datetime=20190126154529&returncode=00&sign=E1AB5624EEE0D044F047DCA34C1EFD84&attach=1234|456
HTTP状态：200
返回：ok

【2019-01-26 15:45:31】
订单号：20190126154408565597
通知地址：http://55qiwn.natappfree.cc/zagame/wuguiPayNotifyurl
通知报文：memberid=10004&orderid=20190126154407628567&transaction_id=20190126154408565597&amount=1.0000&datetime=20190126154531&returncode=00&sign=0A2B121F21109CAF83C361D7E06A7D74&attach=AUTO
HTTP状态：0
返回：

【2019-01-26 15:46:12】
订单号：20190126154333535110
通知地址：http://hchcz111.com/notify_url/30
通知报文：memberid=10032&orderid=2019012615433222362&transaction_id=20190126154333535110&amount=200.0000&datetime=20190126154609&returncode=00&sign=4A46E8CC654A032202C1A86E23662DEF&attach=1234|456
HTTP状态：200
返回：ok

【2019-01-26 15:46:21】
订单号：20190126154411985353
通知地址：http://hchcz111.com/notify_url/30
通知报文：memberid=10032&orderid=2019012615441053325&transaction_id=20190126154411985353&amount=100.0000&datetime=20190126154621&returncode=00&sign=ED11EE8CCFE8D9F129A058D9E9CE0F73&attach=1234|456
HTTP状态：200
返回：ok

【2019-01-26 15:46:30】
订单号：20190126154325100495
通知地址：http://hchcz111.com/notify_url/30
通知报文：memberid=10032&orderid=2019012615432403032&transaction_id=20190126154325100495&amount=2000.0000&datetime=20190126154630&returncode=00&sign=84FAED39007B102673631ED75D2C3DFF&attach=1234|456
HTTP状态：200
返回：ok

【2019-01-26 15:46:31】
订单号：20190126154408565597
通知地址：http://55qiwn.natappfree.cc/zagame/wuguiPayNotifyurl
通知报文：memberid=10004&orderid=20190126154407628567&transaction_id=20190126154408565597&amount=1.0000&datetime=20190126154631&returncode=00&sign=FDC7CEAEB3CA9F4B93429D37CA1C1D34&attach=AUTO
HTTP状态：0
返回：

【2019-01-26 15:47:13】
订单号：20190126154333535110
通知地址：http://hchcz111.com/notify_url/30
通知报文：memberid=10032&orderid=2019012615433222362&transaction_id=20190126154333535110&amount=200.0000&datetime=20190126154712&returncode=00&sign=E14695C9385AA4409BA29683C3B49F7E&attach=1234|456
HTTP状态：200
返回：ok

【2019-01-26 15:47:22】
订单号：20190126154411985353
通知地址：http://hchcz111.com/notify_url/30
通知报文：memberid=10032&orderid=2019012615441053325&transaction_id=20190126154411985353&amount=100.0000&datetime=20190126154721&returncode=00&sign=7CD80C1AA868A25F9FD9842F6605D977&attach=1234|456
HTTP状态：200
返回：ok

【2019-01-26 15:47:30】
订单号：20190126154325100495
通知地址：http://hchcz111.com/notify_url/30
通知报文：memberid=10032&orderid=2019012615432403032&transaction_id=20190126154325100495&amount=2000.0000&datetime=20190126154730&returncode=00&sign=1823CAE2B99CC37AA66D318D8A26CEB0&attach=1234|456
HTTP状态：200
返回：ok

【2019-01-26 15:47:31】
订单号：20190126154408565597
通知地址：http://55qiwn.natappfree.cc/zagame/wuguiPayNotifyurl
通知报文：memberid=10004&orderid=20190126154407628567&transaction_id=20190126154408565597&amount=1.0000&datetime=20190126154731&returncode=00&sign=1A15D691CEDB8A009FF5426736157A58&attach=AUTO
HTTP状态：0
返回：

【2019-01-26 15:47:47】
订单号：20190126154639102511
通知地址：http://hchcz111.com/notify_url/30
通知报文：memberid=10032&orderid=2019012615463760968&transaction_id=20190126154639102511&amount=200.0000&datetime=20190126154746&returncode=00&sign=ECC9EAA734FEFDAF4BC9C15A1B892FCA&attach=1234|456
HTTP状态：200
返回：ok

【2019-01-26 15:48:10】
订单号：20190126154316521001
通知地址：http://hchcz111.com/notify_url/30
通知报文：memberid=10032&orderid=2019012615431696991&transaction_id=20190126154316521001&amount=100.0000&datetime=20190126154809&returncode=00&sign=D739872D665B7F66723EEAB3FE12A699&attach=1234|456
HTTP状态：200
返回：ok

【2019-01-26 15:48:14】
订单号：20190126154333535110
通知地址：http://hchcz111.com/notify_url/30
通知报文：memberid=10032&orderid=2019012615433222362&transaction_id=20190126154333535110&amount=200.0000&datetime=20190126154813&returncode=00&sign=C49C3FA9C990C8FA44382B28A9C2D0EC&attach=1234|456
HTTP状态：200
返回：ok

【2019-01-26 15:48:23】
订单号：20190126154411985353
通知地址：http://hchcz111.com/notify_url/30
通知报文：memberid=10032&orderid=2019012615441053325&transaction_id=20190126154411985353&amount=100.0000&datetime=20190126154822&returncode=00&sign=F3A18CE7FB5FF7151ADAC4F2AAF798AD&attach=1234|456
HTTP状态：200
返回：ok

【2019-01-26 15:48:31】
订单号：20190126154325100495
通知地址：http://hchcz111.com/notify_url/30
通知报文：memberid=10032&orderid=2019012615432403032&transaction_id=20190126154325100495&amount=2000.0000&datetime=20190126154830&returncode=00&sign=6109A31760689F7B0AC5679C45EB614F&attach=1234|456
HTTP状态：200
返回：ok

【2019-01-26 15:48:31】
订单号：20190126154408565597
通知地址：http://55qiwn.natappfree.cc/zagame/wuguiPayNotifyurl
通知报文：memberid=10004&orderid=20190126154407628567&transaction_id=20190126154408565597&amount=1.0000&datetime=20190126154831&returncode=00&sign=D69FBA3598719F03E7E3F3F4055BD14F&attach=AUTO
HTTP状态：0
返回：

【2019-01-26 15:48:48】
订单号：20190126154639102511
通知地址：http://hchcz111.com/notify_url/30
通知报文：memberid=10032&orderid=2019012615463760968&transaction_id=20190126154639102511&amount=200.0000&datetime=20190126154847&returncode=00&sign=C76862561035A5E11A9BFA323B24CC57&attach=1234|456
HTTP状态：200
返回：ok

【2019-01-26 15:49:10】
订单号：20190126154316521001
通知地址：http://hchcz111.com/notify_url/30
通知报文：memberid=10032&orderid=2019012615431696991&transaction_id=20190126154316521001&amount=100.0000&datetime=20190126154910&returncode=00&sign=3E5C6FB4FFEA209CE0BE63E3EA9B44DF&attach=1234|456
HTTP状态：200
返回：ok

【2019-01-26 15:49:24】
订单号：20190126154411985353
通知地址：http://hchcz111.com/notify_url/30
通知报文：memberid=10032&orderid=2019012615441053325&transaction_id=20190126154411985353&amount=100.0000&datetime=20190126154923&returncode=00&sign=18A9239ED61421C1366C8439951BE8E7&attach=1234|456
HTTP状态：200
返回：ok

【2019-01-26 15:49:49】
订单号：20190126154639102511
通知地址：http://hchcz111.com/notify_url/30
通知报文：memberid=10032&orderid=2019012615463760968&transaction_id=20190126154639102511&amount=200.0000&datetime=20190126154948&returncode=00&sign=4EE3CA360E168993F91751DB5BE47F10&attach=1234|456
HTTP状态：200
返回：ok

【2019-01-26 15:50:11】
订单号：20190126154316521001
通知地址：http://hchcz111.com/notify_url/30
通知报文：memberid=10032&orderid=2019012615431696991&transaction_id=20190126154316521001&amount=100.0000&datetime=20190126155010&returncode=00&sign=9F54B8A0CA34BA4A70B75DB3A1A3A2DE&attach=1234|456
HTTP状态：200
返回：ok

【2019-01-26 15:50:50】
订单号：20190126154639102511
通知地址：http://hchcz111.com/notify_url/30
通知报文：memberid=10032&orderid=2019012615463760968&transaction_id=20190126154639102511&amount=200.0000&datetime=20190126155049&returncode=00&sign=AB9763711295771255C0593CBA7323BB&attach=1234|456
HTTP状态：200
返回：ok

【2019-01-26 15:51:12】
订单号：20190126154316521001
通知地址：http://hchcz111.com/notify_url/30
通知报文：memberid=10032&orderid=2019012615431696991&transaction_id=20190126154316521001&amount=100.0000&datetime=20190126155111&returncode=00&sign=2364BAA6651DCE6C26D54059A9368498&attach=1234|456
HTTP状态：200
返回：ok

【2019-01-26 15:51:51】
订单号：20190126154639102511
通知地址：http://hchcz111.com/notify_url/30
通知报文：memberid=10032&orderid=2019012615463760968&transaction_id=20190126154639102511&amount=200.0000&datetime=20190126155151&returncode=00&sign=BD6F8CAC8D4CB364FFC66B4DA47CB371&attach=1234|456
HTTP状态：200
返回：ok

【2019-01-26 15:52:13】
订单号：20190126154316521001
通知地址：http://hchcz111.com/notify_url/30
通知报文：memberid=10032&orderid=2019012615431696991&transaction_id=20190126154316521001&amount=100.0000&datetime=20190126155212&returncode=00&sign=1F5FC144E44EB8F195A91819D65E8186&attach=1234|456
HTTP状态：200
返回：ok

【2019-01-26 16:18:49】
订单号：20190126092222101515
通知地址：http://wfcz222.com/notify_url/34
通知报文：memberid=10033&orderid=2019012609222117825&transaction_id=20190126092222101515&amount=2000.0000&datetime=20190126161848&returncode=00&sign=4C621CF7506CD4F68E5277929BDA995F&attach=1234|456
HTTP状态：200
返回：ok

【2019-01-26 17:00:46】
订单号：20190126165819985597
通知地址：http://55qiwn.natappfree.cc/zagame/wuguiPayNotifyurl
通知报文：memberid=10004&orderid=20190126165820611430&transaction_id=20190126165819985597&amount=99.9900&datetime=20190126170046&returncode=00&sign=DB6F3781CE6D74545777B55C9B3A6340&attach=AUTO
HTTP状态：0
返回：

【2019-01-26 17:01:46】
订单号：20190126165819985597
通知地址：http://55qiwn.natappfree.cc/zagame/wuguiPayNotifyurl
通知报文：memberid=10004&orderid=20190126165820611430&transaction_id=20190126165819985597&amount=99.9900&datetime=20190126170146&returncode=00&sign=444B80597BBE8432CF74DA7CB84B9331&attach=AUTO
HTTP状态：0
返回：

【2019-01-26 17:02:46】
订单号：20190126165819985597
通知地址：http://55qiwn.natappfree.cc/zagame/wuguiPayNotifyurl
通知报文：memberid=10004&orderid=20190126165820611430&transaction_id=20190126165819985597&amount=99.9900&datetime=20190126170246&returncode=00&sign=2E9E886C03CA079E3A71DFEB04C319A9&attach=AUTO
HTTP状态：0
返回：

【2019-01-26 17:03:46】
订单号：20190126165819985597
通知地址：http://55qiwn.natappfree.cc/zagame/wuguiPayNotifyurl
通知报文：memberid=10004&orderid=20190126165820611430&transaction_id=20190126165819985597&amount=99.9900&datetime=20190126170346&returncode=00&sign=15FBF0007DBFDEC8B683F4BA6AAA26DF&attach=AUTO
HTTP状态：0
返回：

【2019-01-26 17:04:47】
订单号：20190126165819985597
通知地址：http://55qiwn.natappfree.cc/zagame/wuguiPayNotifyurl
通知报文：memberid=10004&orderid=20190126165820611430&transaction_id=20190126165819985597&amount=99.9900&datetime=20190126170446&returncode=00&sign=DAEAD70F389C06DC1544EC698B961758&attach=AUTO
HTTP状态：0
返回：

【2019-01-26 17:17:57】
订单号：20190126171553574810
通知地址：http://55qiwn.natappfree.cc/zagame/wuguiPayNotifyurl
通知报文：memberid=10004&orderid=20190126171551394197&transaction_id=20190126171553574810&amount=100.0000&datetime=20190126171756&returncode=00&sign=2EED6056128EB3CF9CDADB93AC42FB3D&attach=AUTO
HTTP状态：0
返回：

【2019-01-26 17:18:57】
订单号：20190126171553574810
通知地址：http://55qiwn.natappfree.cc/zagame/wuguiPayNotifyurl
通知报文：memberid=10004&orderid=20190126171551394197&transaction_id=20190126171553574810&amount=100.0000&datetime=20190126171857&returncode=00&sign=AF2F7198FC7706950B45BD717E54EE49&attach=AUTO
HTTP状态：0
返回：

【2019-01-26 17:19:57】
订单号：20190126171553574810
通知地址：http://55qiwn.natappfree.cc/zagame/wuguiPayNotifyurl
通知报文：memberid=10004&orderid=20190126171551394197&transaction_id=20190126171553574810&amount=100.0000&datetime=20190126171957&returncode=00&sign=854B48546BDC794120CFCE9199FE19DF&attach=AUTO
HTTP状态：0
返回：

【2019-01-26 17:20:57】
订单号：20190126171553574810
通知地址：http://55qiwn.natappfree.cc/zagame/wuguiPayNotifyurl
通知报文：memberid=10004&orderid=20190126171551394197&transaction_id=20190126171553574810&amount=100.0000&datetime=20190126172057&returncode=00&sign=8A012FAD97BECFC3708B9025E27EB341&attach=AUTO
HTTP状态：0
返回：

【2019-01-26 17:21:44】
订单号：20190126171931515255
通知地址：http://55qiwn.natappfree.cc/zagame/wuguiPayNotifyurl
通知报文：memberid=10004&orderid=20190126171930678766&transaction_id=20190126171931515255&amount=99.9900&datetime=20190126172144&returncode=00&sign=E42E569917D3E0B2BF8AFFEC4C67CAA1&attach=AUTO
HTTP状态：0
返回：

【2019-01-26 17:21:57】
订单号：20190126171553574810
通知地址：http://55qiwn.natappfree.cc/zagame/wuguiPayNotifyurl
通知报文：memberid=10004&orderid=20190126171551394197&transaction_id=20190126171553574810&amount=100.0000&datetime=20190126172157&returncode=00&sign=59C33D5773532756589D4F3BE8E4886B&attach=AUTO
HTTP状态：0
返回：

【2019-01-26 17:22:44】
订单号：20190126171931515255
通知地址：http://55qiwn.natappfree.cc/zagame/wuguiPayNotifyurl
通知报文：memberid=10004&orderid=20190126171930678766&transaction_id=20190126171931515255&amount=99.9900&datetime=20190126172244&returncode=00&sign=F4E518DCA601E579BA07704E33224D03&attach=AUTO
HTTP状态：0
返回：

【2019-01-26 17:22:52】
订单号：20190126172211515748
通知地址：http://55qiwn.natappfree.cc/zagame/wuguiPayNotifyurl
通知报文：memberid=10004&orderid=20190126172210717388&transaction_id=20190126172211515748&amount=100.0000&datetime=20190126172252&returncode=00&sign=1FF140CE963D379204142B7487B0DE74&attach=AUTO
HTTP状态：0
返回：

【2019-01-26 17:23:39】
订单号：20190126172309100575
通知地址：http://55qiwn.natappfree.cc/zagame/wuguiPayNotifyurl
通知报文：memberid=10004&orderid=20190126172308182193&transaction_id=20190126172309100575&amount=100.0000&datetime=20190126172339&returncode=00&sign=DE299A403717F4F44A0F51909F9219D6&attach=AUTO
HTTP状态：0
返回：

【2019-01-26 17:23:45】
订单号：20190126171931515255
通知地址：http://55qiwn.natappfree.cc/zagame/wuguiPayNotifyurl
通知报文：memberid=10004&orderid=20190126171930678766&transaction_id=20190126171931515255&amount=99.9900&datetime=20190126172344&returncode=00&sign=25C6A140418E17B49E2B4630D0220762&attach=AUTO
HTTP状态：0
返回：

【2019-01-26 17:23:52】
订单号：20190126172211515748
通知地址：http://55qiwn.natappfree.cc/zagame/wuguiPayNotifyurl
通知报文：memberid=10004&orderid=20190126172210717388&transaction_id=20190126172211515748&amount=100.0000&datetime=20190126172352&returncode=00&sign=38E2D238FC140C01BFDA2E91F941D0E3&attach=AUTO
HTTP状态：0
返回：

【2019-01-26 17:24:40】
订单号：20190126172309100575
通知地址：http://55qiwn.natappfree.cc/zagame/wuguiPayNotifyurl
通知报文：memberid=10004&orderid=20190126172308182193&transaction_id=20190126172309100575&amount=100.0000&datetime=20190126172439&returncode=00&sign=B82C67AF778B03241E322CC2CAA11E00&attach=AUTO
HTTP状态：0
返回：

【2019-01-26 17:24:45】
订单号：20190126171931515255
通知地址：http://55qiwn.natappfree.cc/zagame/wuguiPayNotifyurl
通知报文：memberid=10004&orderid=20190126171930678766&transaction_id=20190126171931515255&amount=99.9900&datetime=20190126172445&returncode=00&sign=033907A2C093202555B264CB4E183132&attach=AUTO
HTTP状态：0
返回：

【2019-01-26 17:24:52】
订单号：20190126172211515748
通知地址：http://55qiwn.natappfree.cc/zagame/wuguiPayNotifyurl
通知报文：memberid=10004&orderid=20190126172210717388&transaction_id=20190126172211515748&amount=100.0000&datetime=20190126172452&returncode=00&sign=4595CEA3F2728C246298C2A01D7636BF&attach=AUTO
HTTP状态：0
返回：

【2019-01-26 17:25:40】
订单号：20190126172309100575
通知地址：http://55qiwn.natappfree.cc/zagame/wuguiPayNotifyurl
通知报文：memberid=10004&orderid=20190126172308182193&transaction_id=20190126172309100575&amount=100.0000&datetime=20190126172540&returncode=00&sign=662ED119EDB78656D40E3701C4149E35&attach=AUTO
HTTP状态：0
返回：

【2019-01-26 17:25:45】
订单号：20190126171931515255
通知地址：http://55qiwn.natappfree.cc/zagame/wuguiPayNotifyurl
通知报文：memberid=10004&orderid=20190126171930678766&transaction_id=20190126171931515255&amount=99.9900&datetime=20190126172545&returncode=00&sign=7FFFAD9A8CE323AE99CF9413A60010DC&attach=AUTO
HTTP状态：0
返回：

【2019-01-26 17:25:53】
订单号：20190126172211515748
通知地址：http://55qiwn.natappfree.cc/zagame/wuguiPayNotifyurl
通知报文：memberid=10004&orderid=20190126172210717388&transaction_id=20190126172211515748&amount=100.0000&datetime=20190126172552&returncode=00&sign=CB58A72C924D50D65D9AAFC2A94A0386&attach=AUTO
HTTP状态：0
返回：

【2019-01-26 17:26:40】
订单号：20190126172309100575
通知地址：http://55qiwn.natappfree.cc/zagame/wuguiPayNotifyurl
通知报文：memberid=10004&orderid=20190126172308182193&transaction_id=20190126172309100575&amount=100.0000&datetime=20190126172640&returncode=00&sign=964D8A7E888653C960BBB113727F205B&attach=AUTO
HTTP状态：0
返回：

【2019-01-26 17:26:53】
订单号：20190126172211515748
通知地址：http://55qiwn.natappfree.cc/zagame/wuguiPayNotifyurl
通知报文：memberid=10004&orderid=20190126172210717388&transaction_id=20190126172211515748&amount=100.0000&datetime=20190126172653&returncode=00&sign=B841EC865EDBA3B9E770D424E1DFF210&attach=AUTO
HTTP状态：0
返回：

【2019-01-26 17:27:40】
订单号：20190126172309100575
通知地址：http://55qiwn.natappfree.cc/zagame/wuguiPayNotifyurl
通知报文：memberid=10004&orderid=20190126172308182193&transaction_id=20190126172309100575&amount=100.0000&datetime=20190126172740&returncode=00&sign=32802FB399EF69FAC5C57C7EF4E8F355&attach=AUTO
HTTP状态：0
返回：

