【2019-01-18 09:56:38】
订单号：20190118095524995499
通知地址：http://hylcz111.com/notify_url/37
通知报文：memberid=10021&orderid=2019011809552305449&transaction_id=20190118095524995499&amount=499.9900&datetime=20190118095637&returncode=00&sign=29DB788B7B616038B7494E848F47B1EB&attach=1234|456
HTTP状态：200
返回：ok

【2019-01-18 09:57:39】
订单号：20190118095524995499
通知地址：http://hylcz111.com/notify_url/37
通知报文：memberid=10021&orderid=2019011809552305449&transaction_id=20190118095524995499&amount=499.9900&datetime=20190118095739&returncode=00&sign=52B6782FD1BD606B41973004C7A55471&attach=1234|456
HTTP状态：200
返回：ok

【2019-01-18 09:58:40】
订单号：20190118095524995499
通知地址：http://hylcz111.com/notify_url/37
通知报文：memberid=10021&orderid=2019011809552305449&transaction_id=20190118095524995499&amount=499.9900&datetime=20190118095839&returncode=00&sign=0F37EBD69B8FDA4AA2FC9E5B5E373995&attach=1234|456
HTTP状态：200
返回：ok

【2019-01-18 09:59:08】
订单号：20190118095839102515
通知地址：http://sign123.cn/notify_url/37
通知报文：memberid=10021&orderid=2019011809583894635&transaction_id=20190118095839102515&amount=199.9900&datetime=20190118095908&returncode=00&sign=2193ED24323DA6A398910F81D02F9F22&attach=1234|456
HTTP状态：200
返回：ok

【2019-01-18 09:59:41】
订单号：20190118095524995499
通知地址：http://hylcz111.com/notify_url/37
通知报文：memberid=10021&orderid=2019011809552305449&transaction_id=20190118095524995499&amount=499.9900&datetime=20190118095940&returncode=00&sign=7F7B38F836789705215001BE75345ED7&attach=1234|456
HTTP状态：200
返回：ok

【2019-01-18 09:59:42】
订单号：20190118095900529710
通知地址：http://55qiwn.natappfree.cc/zagame/wuguiPayNotifyurl
通知报文：memberid=10004&orderid=20190118095858222569&transaction_id=20190118095900529710&amount=99.9700&datetime=20190118095941&returncode=00&sign=BE9640AFD5C9297113429A05968F716D&attach=AUTO
HTTP状态：0
返回：

【2019-01-18 10:00:11】
订单号：20190118095839102515
通知地址：http://sign123.cn/notify_url/37
通知报文：memberid=10021&orderid=2019011809583894635&transaction_id=20190118095839102515&amount=199.9900&datetime=20190118100009&returncode=00&sign=81B493AB40166A7B3E212E8BDDC3603E&attach=1234|456
HTTP状态：200
返回：ok

【2019-01-18 10:00:42】
订单号：20190118095524995499
通知地址：http://hylcz111.com/notify_url/37
通知报文：memberid=10021&orderid=2019011809552305449&transaction_id=20190118095524995499&amount=499.9900&datetime=20190118100041&returncode=00&sign=DAD5C80DCCAAC63D955493C9541950D2&attach=1234|456
HTTP状态：200
返回：ok

【2019-01-18 10:00:42】
订单号：20190118095900529710
通知地址：http://55qiwn.natappfree.cc/zagame/wuguiPayNotifyurl
通知报文：memberid=10004&orderid=20190118095858222569&transaction_id=20190118095900529710&amount=99.9700&datetime=20190118100042&returncode=00&sign=60D8EABF8B0709733250F4A23534B3D1&attach=AUTO
HTTP状态：0
返回：

【2019-01-18 10:01:12】
订单号：20190118095839102515
通知地址：http://sign123.cn/notify_url/37
通知报文：memberid=10021&orderid=2019011809583894635&transaction_id=20190118095839102515&amount=199.9900&datetime=20190118100111&returncode=00&sign=467D1A7F6DA66BD451DFBEE4B9327303&attach=1234|456
HTTP状态：200
返回：ok

【2019-01-18 10:01:42】
订单号：20190118095900529710
通知地址：http://55qiwn.natappfree.cc/zagame/wuguiPayNotifyurl
通知报文：memberid=10004&orderid=20190118095858222569&transaction_id=20190118095900529710&amount=99.9700&datetime=20190118100142&returncode=00&sign=2BC59ABFF5434A21FE0D27D47B3028AE&attach=AUTO
HTTP状态：0
返回：

【2019-01-18 10:02:12】
订单号：20190118095839102515
通知地址：http://sign123.cn/notify_url/37
通知报文：memberid=10021&orderid=2019011809583894635&transaction_id=20190118095839102515&amount=199.9900&datetime=20190118100212&returncode=00&sign=F8C13E1DA3ADD71620C13CE5A5A65859&attach=1234|456
HTTP状态：200
返回：ok

【2019-01-18 10:02:43】
订单号：20190118095900529710
通知地址：http://55qiwn.natappfree.cc/zagame/wuguiPayNotifyurl
通知报文：memberid=10004&orderid=20190118095858222569&transaction_id=20190118095900529710&amount=99.9700&datetime=20190118100243&returncode=00&sign=8057E8AA2220AD2922E4ABE7D19FC8C3&attach=AUTO
HTTP状态：0
返回：

【2019-01-18 10:03:13】
订单号：20190118095839102515
通知地址：http://sign123.cn/notify_url/37
通知报文：memberid=10021&orderid=2019011809583894635&transaction_id=20190118095839102515&amount=199.9900&datetime=20190118100313&returncode=00&sign=E1FC46D1BEF9EB77086BF7942D0A6C07&attach=1234|456
HTTP状态：200
返回：ok

【2019-01-18 10:03:43】
订单号：20190118095900529710
通知地址：http://55qiwn.natappfree.cc/zagame/wuguiPayNotifyurl
通知报文：memberid=10004&orderid=20190118095858222569&transaction_id=20190118095900529710&amount=99.9700&datetime=20190118100343&returncode=00&sign=E65C9A0B47B386F03686B844E878375C&attach=AUTO
HTTP状态：0
返回：

【2019-01-18 12:41:13】
订单号：20190118124041575252
通知地址：http://hylcz111.com/notify_url/37
通知报文：memberid=10021&orderid=2019011812404028379&transaction_id=20190118124041575252&amount=200.0000&datetime=20190118124111&returncode=00&sign=B3BE0E8FCDF7A30B6F9C70DCDD700619&attach=1234|456
HTTP状态：200
返回：ok

【2019-01-18 12:42:14】
订单号：20190118124041575252
通知地址：http://hylcz111.com/notify_url/37
通知报文：memberid=10021&orderid=2019011812404028379&transaction_id=20190118124041575252&amount=200.0000&datetime=20190118124213&returncode=00&sign=63D73B4E90EF733DED875291372F5C20&attach=1234|456
HTTP状态：200
返回：ok

【2019-01-18 12:43:14】
订单号：20190118124041575252
通知地址：http://hylcz111.com/notify_url/37
通知报文：memberid=10021&orderid=2019011812404028379&transaction_id=20190118124041575252&amount=200.0000&datetime=20190118124314&returncode=00&sign=61BDC87B2FE6B28D48854E1E0C4EF68B&attach=1234|456
HTTP状态：200
返回：ok

【2019-01-18 12:44:15】
订单号：20190118124041575252
通知地址：http://hylcz111.com/notify_url/37
通知报文：memberid=10021&orderid=2019011812404028379&transaction_id=20190118124041575252&amount=200.0000&datetime=20190118124415&returncode=00&sign=3FB67D6D86551ED5BF086A063C7A903D&attach=1234|456
HTTP状态：200
返回：ok

【2019-01-18 12:45:02】
订单号：20190118124429100979
通知地址：http://hylcz111.com/notify_url/37
通知报文：memberid=10021&orderid=2019011812442987407&transaction_id=20190118124429100979&amount=500.0000&datetime=20190118124501&returncode=00&sign=8BE874F49D33D3268D620F1B8675E90E&attach=1234|456
HTTP状态：200
返回：ok

【2019-01-18 12:45:16】
订单号：20190118124041575252
通知地址：http://hylcz111.com/notify_url/37
通知报文：memberid=10021&orderid=2019011812404028379&transaction_id=20190118124041575252&amount=200.0000&datetime=20190118124516&returncode=00&sign=A43DE38C1028D5CF6B441DA6687A5423&attach=1234|456
HTTP状态：200
返回：ok

【2019-01-18 12:45:18】
订单号：20190118124429100985
通知地址：http://hylcz111.com/notify_url/37
通知报文：memberid=10021&orderid=2019011812442853863&transaction_id=20190118124429100985&amount=200.0000&datetime=20190118124517&returncode=00&sign=AF3A5FA0859D08F55E55965DB0AD81B4&attach=1234|456
HTTP状态：200
返回：ok

【2019-01-18 12:45:47】
订单号：20190118124442975751
通知地址：http://hylcz111.com/notify_url/37
通知报文：memberid=10021&orderid=2019011812444109724&transaction_id=20190118124442975751&amount=100.0000&datetime=20190118124546&returncode=00&sign=8F8B203EB66612E3E958A2677ABA593E&attach=1234|456
HTTP状态：200
返回：ok

【2019-01-18 12:46:03】
订单号：20190118124429100979
通知地址：http://hylcz111.com/notify_url/37
通知报文：memberid=10021&orderid=2019011812442987407&transaction_id=20190118124429100979&amount=500.0000&datetime=20190118124602&returncode=00&sign=4C37A61D7E01CF8EBC3B6CC27005309A&attach=1234|456
HTTP状态：200
返回：ok

【2019-01-18 12:46:19】
订单号：20190118124429100985
通知地址：http://hylcz111.com/notify_url/37
通知报文：memberid=10021&orderid=2019011812442853863&transaction_id=20190118124429100985&amount=200.0000&datetime=20190118124618&returncode=00&sign=D7208BCEB29E2531167FC7CD66D52715&attach=1234|456
HTTP状态：200
返回：ok

【2019-01-18 12:46:48】
订单号：20190118124442975751
通知地址：http://hylcz111.com/notify_url/37
通知报文：memberid=10021&orderid=2019011812444109724&transaction_id=20190118124442975751&amount=100.0000&datetime=20190118124647&returncode=00&sign=61D9222165A274B33400169FBBD11586&attach=1234|456
HTTP状态：200
返回：ok

【2019-01-18 12:47:03】
订单号：20190118124429100979
通知地址：http://hylcz111.com/notify_url/37
通知报文：memberid=10021&orderid=2019011812442987407&transaction_id=20190118124429100979&amount=500.0000&datetime=20190118124703&returncode=00&sign=6C9320D441661D11446931C9218AC215&attach=1234|456
HTTP状态：200
返回：ok

【2019-01-18 12:47:19】
订单号：20190118124429100985
通知地址：http://hylcz111.com/notify_url/37
通知报文：memberid=10021&orderid=2019011812442853863&transaction_id=20190118124429100985&amount=200.0000&datetime=20190118124719&returncode=00&sign=3D52B6CB83F215776DE0F2D5F9ED3560&attach=1234|456
HTTP状态：200
返回：ok

【2019-01-18 12:47:48】
订单号：20190118124633575653
通知地址：https://www.htcp19.com/notify_url/29
通知报文：memberid=10043&orderid=2019011812463241329&transaction_id=20190118124633575653&amount=299.9900&datetime=20190118124746&returncode=00&sign=B5E11D4837982F191F8EB0E7857B3528&attach=1234|456
HTTP状态：200
返回：ok

【2019-01-18 12:47:48】
订单号：20190118124442975751
通知地址：http://hylcz111.com/notify_url/37
通知报文：memberid=10021&orderid=2019011812444109724&transaction_id=20190118124442975751&amount=100.0000&datetime=20190118124748&returncode=00&sign=589EDBBDB644A03073A910C695B29387&attach=1234|456
HTTP状态：200
返回：ok

【2019-01-18 12:48:04】
订单号：20190118124429100979
通知地址：http://hylcz111.com/notify_url/37
通知报文：memberid=10021&orderid=2019011812442987407&transaction_id=20190118124429100979&amount=500.0000&datetime=20190118124803&returncode=00&sign=8F25AE3D984586E7A9E4D00C68774FE1&attach=1234|456
HTTP状态：200
返回：ok

【2019-01-18 12:48:20】
订单号：20190118124429100985
通知地址：http://hylcz111.com/notify_url/37
通知报文：memberid=10021&orderid=2019011812442853863&transaction_id=20190118124429100985&amount=200.0000&datetime=20190118124819&returncode=00&sign=06AD1E459D07F3B6F1C3DFC446FFC778&attach=1234|456
HTTP状态：200
返回：ok

【2019-01-18 12:48:49】
订单号：20190118124442975751
通知地址：http://hylcz111.com/notify_url/37
通知报文：memberid=10021&orderid=2019011812444109724&transaction_id=20190118124442975751&amount=100.0000&datetime=20190118124849&returncode=00&sign=5F76A641C5C60385EF9CDD0D2D585681&attach=1234|456
HTTP状态：200
返回：ok

【2019-01-18 12:48:53】
订单号：20190118124633575653
通知地址：https://www.htcp19.com/notify_url/29
通知报文：memberid=10043&orderid=2019011812463241329&transaction_id=20190118124633575653&amount=299.9900&datetime=20190118124849&returncode=00&sign=149BFE5AE24916A916CC3C686F4EC462&attach=1234|456
HTTP状态：200
返回：ok

【2019-01-18 12:49:04】
订单号：20190118124429100979
通知地址：http://hylcz111.com/notify_url/37
通知报文：memberid=10021&orderid=2019011812442987407&transaction_id=20190118124429100979&amount=500.0000&datetime=20190118124904&returncode=00&sign=4292F260445A274F3B9667B2941D4206&attach=1234|456
HTTP状态：200
返回：ok

【2019-01-18 12:49:20】
订单号：20190118124429100985
通知地址：http://hylcz111.com/notify_url/37
通知报文：memberid=10021&orderid=2019011812442853863&transaction_id=20190118124429100985&amount=200.0000&datetime=20190118124920&returncode=00&sign=EAAB5202CE9087F18A48E18D8455C70D&attach=1234|456
HTTP状态：200
返回：ok

【2019-01-18 12:49:50】
订单号：20190118124442975751
通知地址：http://hylcz111.com/notify_url/37
通知报文：memberid=10021&orderid=2019011812444109724&transaction_id=20190118124442975751&amount=100.0000&datetime=20190118124949&returncode=00&sign=63BF999FDB89B2A8C2FF4D42CF9D85FC&attach=1234|456
HTTP状态：200
返回：ok

【2019-01-18 12:49:53】
订单号：20190118124633575653
通知地址：https://www.htcp19.com/notify_url/29
通知报文：memberid=10043&orderid=2019011812463241329&transaction_id=20190118124633575653&amount=299.9900&datetime=20190118124953&returncode=00&sign=1045497AB161B0C8C9E4F7E37D88BA0A&attach=1234|456
HTTP状态：200
返回：ok

【2019-01-18 12:50:31】
订单号：20190118125000565053
通知地址：http://wfcz222.com/notify_url/34
通知报文：memberid=10033&orderid=2019011812495967946&transaction_id=20190118125000565053&amount=2999.9900&datetime=20190118125030&returncode=00&sign=7924794B7FF02D5078D433B445695A6E&attach=1234|456
HTTP状态：200
返回：ok

【2019-01-18 12:50:33】
订单号：20190118124946975350
通知地址：https://www.htcp19.com/notify_url/29
通知报文：memberid=10043&orderid=2019011812494528475&transaction_id=20190118124946975350&amount=100.0000&datetime=20190118125032&returncode=00&sign=EE8FFD6B81EB2BD966AD08074C9D397F&attach=1234|456
HTTP状态：200
返回：ok

【2019-01-18 12:50:54】
订单号：20190118124633575653
通知地址：https://www.htcp19.com/notify_url/29
通知报文：memberid=10043&orderid=2019011812463241329&transaction_id=20190118124633575653&amount=299.9900&datetime=20190118125054&returncode=00&sign=89BED201415926DC5C70C0937DFD8F57&attach=1234|456
HTTP状态：200
返回：ok

【2019-01-18 12:51:32】
订单号：20190118125000565053
通知地址：http://wfcz222.com/notify_url/34
通知报文：memberid=10033&orderid=2019011812495967946&transaction_id=20190118125000565053&amount=2999.9900&datetime=20190118125132&returncode=00&sign=86B71133861F0C789ED80D678DF7A245&attach=1234|456
HTTP状态：200
返回：ok

【2019-01-18 12:51:33】
订单号：20190118124946975350
通知地址：https://www.htcp19.com/notify_url/29
通知报文：memberid=10043&orderid=2019011812494528475&transaction_id=20190118124946975350&amount=100.0000&datetime=20190118125133&returncode=00&sign=71EAE4E03947A43891BA9DDBF0607510&attach=1234|456
HTTP状态：200
返回：ok

【2019-01-18 12:51:43】
订单号：20190118125049579752
通知地址：http://hylcz111.com/notify_url/37
通知报文：memberid=10021&orderid=2019011812504946618&transaction_id=20190118125049579752&amount=499.9800&datetime=20190118125142&returncode=00&sign=0FCD12E2A5BBBE5BAF0D90A9C3A724DA&attach=1234|456
HTTP状态：200
返回：ok

【2019-01-18 12:51:57】
订单号：20190118124633575653
通知地址：https://www.htcp19.com/notify_url/29
通知报文：memberid=10043&orderid=2019011812463241329&transaction_id=20190118124633575653&amount=299.9900&datetime=20190118125155&returncode=00&sign=DAC7CB9EA8ACF0818C4DA50DA96D9FA1&attach=1234|456
HTTP状态：200
返回：ok

【2019-01-18 12:52:14】
订单号：20190118125151554949
通知地址：http://wfcz222.com/notify_url/34
通知报文：memberid=10033&orderid=2019011812515039843&transaction_id=20190118125151554949&amount=3000.0000&datetime=20190118125214&returncode=00&sign=DB8123EC7FCE8F95F40AC83D5C99E0F9&attach=1234|456
HTTP状态：200
返回：ok

【2019-01-18 12:52:33】
订单号：20190118125000565053
通知地址：http://wfcz222.com/notify_url/34
通知报文：memberid=10033&orderid=2019011812495967946&transaction_id=20190118125000565053&amount=2999.9900&datetime=20190118125232&returncode=00&sign=318143211962D1C4F517B8AE9ABDFB47&attach=1234|456
HTTP状态：200
返回：ok

【2019-01-18 12:52:34】
订单号：20190118124946975350
通知地址：https://www.htcp19.com/notify_url/29
通知报文：memberid=10043&orderid=2019011812494528475&transaction_id=20190118124946975350&amount=100.0000&datetime=20190118125234&returncode=00&sign=C72C6F53A853F93FA6764C48A1673D6B&attach=1234|456
HTTP状态：200
返回：ok

【2019-01-18 12:52:34】
订单号：20190118125157100549
通知地址：http://hylcz111.com/notify_url/37
通知报文：memberid=10021&orderid=2019011812515657149&transaction_id=20190118125157100549&amount=200.0000&datetime=20190118125234&returncode=00&sign=AC7B4ABE2DE3F8E56C6E13E07AF4F55C&attach=1234|456
HTTP状态：200
返回：ok

【2019-01-18 12:52:43】
订单号：20190118125049579752
通知地址：http://hylcz111.com/notify_url/37
通知报文：memberid=10021&orderid=2019011812504946618&transaction_id=20190118125049579752&amount=499.9800&datetime=20190118125243&returncode=00&sign=43BBED792A7FA970130A37E4ECA6BB9B&attach=1234|456
HTTP状态：200
返回：ok

【2019-01-18 12:52:45】
订单号：20190118125205535457
通知地址：http://hchcz111.com/notify_url/30
通知报文：memberid=10032&orderid=2019011812520426196&transaction_id=20190118125205535457&amount=199.9900&datetime=20190118125245&returncode=00&sign=CADEC7ADF657C7FF772D9FA394ABF0BB&attach=1234|456
HTTP状态：200
返回：ok

【2019-01-18 12:53:15】
订单号：20190118125151554949
通知地址：http://wfcz222.com/notify_url/34
通知报文：memberid=10033&orderid=2019011812515039843&transaction_id=20190118125151554949&amount=3000.0000&datetime=20190118125315&returncode=00&sign=568D6BDB551265983B71078D3A633473&attach=1234|456
HTTP状态：200
返回：ok

【2019-01-18 12:53:32】
订单号：20190118125238545098
通知地址：http://hylcz111.com/notify_url/37
通知报文：memberid=10021&orderid=2019011812523706267&transaction_id=20190118125238545098&amount=99.9900&datetime=20190118125332&returncode=00&sign=67444956DBAEA080D728B2A21ED85E9B&attach=1234|456
HTTP状态：200
返回：ok

【2019-01-18 12:53:34】
订单号：20190118125000565053
通知地址：http://wfcz222.com/notify_url/34
通知报文：memberid=10033&orderid=2019011812495967946&transaction_id=20190118125000565053&amount=2999.9900&datetime=20190118125333&returncode=00&sign=E3D6845C55125B7A485AC5EB24325D91&attach=1234|456
HTTP状态：200
返回：ok

【2019-01-18 12:53:35】
订单号：20190118124946975350
通知地址：https://www.htcp19.com/notify_url/29
通知报文：memberid=10043&orderid=2019011812494528475&transaction_id=20190118124946975350&amount=100.0000&datetime=20190118125334&returncode=00&sign=0C1CC6D6D7FBB37F16A922B03D20B117&attach=1234|456
HTTP状态：200
返回：ok

【2019-01-18 12:53:35】
订单号：20190118125157100549
通知地址：http://hylcz111.com/notify_url/37
通知报文：memberid=10021&orderid=2019011812515657149&transaction_id=20190118125157100549&amount=200.0000&datetime=20190118125335&returncode=00&sign=BF97594A250DFF21CFE46BD9BD02010A&attach=1234|456
HTTP状态：200
返回：ok

【2019-01-18 12:53:44】
订单号：20190118125049579752
通知地址：http://hylcz111.com/notify_url/37
通知报文：memberid=10021&orderid=2019011812504946618&transaction_id=20190118125049579752&amount=499.9800&datetime=20190118125344&returncode=00&sign=90AC4311E157CCC9B621F256286AF7F8&attach=1234|456
HTTP状态：200
返回：ok

【2019-01-18 12:53:46】
订单号：20190118125205535457
通知地址：http://hchcz111.com/notify_url/30
通知报文：memberid=10032&orderid=2019011812520426196&transaction_id=20190118125205535457&amount=199.9900&datetime=20190118125346&returncode=00&sign=D2E0057182D5C7BDE20567F73932F419&attach=1234|456
HTTP状态：200
返回：ok

【2019-01-18 12:54:08】
订单号：20190118125320481024
通知地址：http://hchcz111.com/notify_url/30
通知报文：memberid=10032&orderid=2019011812532026956&transaction_id=20190118125320481024&amount=999.9800&datetime=20190118125407&returncode=00&sign=B763F98B972B0857DC366A52075407EB&attach=1234|456
HTTP状态：200
返回：ok

【2019-01-18 12:54:16】
订单号：20190118125151554949
通知地址：http://wfcz222.com/notify_url/34
通知报文：memberid=10033&orderid=2019011812515039843&transaction_id=20190118125151554949&amount=3000.0000&datetime=20190118125416&returncode=00&sign=DED4E9103D0E7D036FB8BEF690A7C355&attach=1234|456
HTTP状态：200
返回：ok

【2019-01-18 12:54:24】
订单号：20190118125353494997
通知地址：https://www.htcp19.com/notify_url/29
通知报文：memberid=10043&orderid=2019011812535043468&transaction_id=20190118125353494997&amount=500.0000&datetime=20190118125423&returncode=00&sign=72FD11430D91AE998A898A0E973013E9&attach=1234|456
HTTP状态：200
返回：ok

【2019-01-18 12:54:33】
订单号：20190118125238545098
通知地址：http://hylcz111.com/notify_url/37
通知报文：memberid=10021&orderid=2019011812523706267&transaction_id=20190118125238545098&amount=99.9900&datetime=20190118125433&returncode=00&sign=7FE93700E71FA45C576726CFF257FC66&attach=1234|456
HTTP状态：200
返回：ok

【2019-01-18 12:54:34】
订单号：20190118125000565053
通知地址：http://wfcz222.com/notify_url/34
通知报文：memberid=10033&orderid=2019011812495967946&transaction_id=20190118125000565053&amount=2999.9900&datetime=20190118125434&returncode=00&sign=265A2FCC401FC5C314A0A57A20752CD8&attach=1234|456
HTTP状态：200
返回：ok

【2019-01-18 12:54:36】
订单号：20190118125157100549
通知地址：http://hylcz111.com/notify_url/37
通知报文：memberid=10021&orderid=2019011812515657149&transaction_id=20190118125157100549&amount=200.0000&datetime=20190118125435&returncode=00&sign=F3C04166236945C47196D59D780D6958&attach=1234|456
HTTP状态：200
返回：ok

【2019-01-18 12:54:36】
订单号：20190118124946975350
通知地址：https://www.htcp19.com/notify_url/29
通知报文：memberid=10043&orderid=2019011812494528475&transaction_id=20190118124946975350&amount=100.0000&datetime=20190118125435&returncode=00&sign=1B8E4D6608FBDEEA110B576D66F20967&attach=1234|456
HTTP状态：200
返回：ok

【2019-01-18 12:54:45】
订单号：20190118125049579752
通知地址：http://hylcz111.com/notify_url/37
通知报文：memberid=10021&orderid=2019011812504946618&transaction_id=20190118125049579752&amount=499.9800&datetime=20190118125444&returncode=00&sign=7A9ACD92E8A200A01F83D1C6BC91B09E&attach=1234|456
HTTP状态：200
返回：ok

【2019-01-18 12:54:47】
订单号：20190118125205535457
通知地址：http://hchcz111.com/notify_url/30
通知报文：memberid=10032&orderid=2019011812520426196&transaction_id=20190118125205535457&amount=199.9900&datetime=20190118125446&returncode=00&sign=79BE34232DF5440E3A505EDAB2BC40D2&attach=1234|456
HTTP状态：200
返回：ok

【2019-01-18 12:54:55】
订单号：20190118125344565748
通知地址：https://www.htcp19.com/notify_url/29
通知报文：memberid=10043&orderid=2019011812534321879&transaction_id=20190118125344565748&amount=99.9600&datetime=20190118125455&returncode=00&sign=6985E688C793D91ECE9424B987C36ABC&attach=1234|456
HTTP状态：200
返回：ok

【2019-01-18 12:55:08】
订单号：20190118125320481024
通知地址：http://hchcz111.com/notify_url/30
通知报文：memberid=10032&orderid=2019011812532026956&transaction_id=20190118125320481024&amount=999.9800&datetime=20190118125508&returncode=00&sign=535F6B25EB60D6C9A42E7CD9764101EF&attach=1234|456
HTTP状态：200
返回：ok

【2019-01-18 12:55:17】
订单号：20190118125151554949
通知地址：http://wfcz222.com/notify_url/34
通知报文：memberid=10033&orderid=2019011812515039843&transaction_id=20190118125151554949&amount=3000.0000&datetime=20190118125516&returncode=00&sign=4BD1067F572BF597FF00DA6332CC419F&attach=1234|456
HTTP状态：200
返回：ok

【2019-01-18 12:55:22】
订单号：20190118125427515557
通知地址：http://wfcz222.com/notify_url/34
通知报文：memberid=10033&orderid=2019011812542687397&transaction_id=20190118125427515557&amount=199.9900&datetime=20190118125522&returncode=00&sign=94A94D5054AF5CFAEE77461241CB11F0&attach=1234|456
HTTP状态：200
返回：ok

【2019-01-18 12:55:25】
订单号：20190118125353494997
通知地址：https://www.htcp19.com/notify_url/29
通知报文：memberid=10043&orderid=2019011812535043468&transaction_id=20190118125353494997&amount=500.0000&datetime=20190118125524&returncode=00&sign=750B753F166679D575AFF00B485A5B15&attach=1234|456
HTTP状态：200
返回：ok

【2019-01-18 12:55:34】
订单号：20190118125238545098
通知地址：http://hylcz111.com/notify_url/37
通知报文：memberid=10021&orderid=2019011812523706267&transaction_id=20190118125238545098&amount=99.9900&datetime=20190118125533&returncode=00&sign=CF0C51739F02B83678DCBC76A7E75A60&attach=1234|456
HTTP状态：200
返回：ok

【2019-01-18 12:55:36】
订单号：20190118125157100549
通知地址：http://hylcz111.com/notify_url/37
通知报文：memberid=10021&orderid=2019011812515657149&transaction_id=20190118125157100549&amount=200.0000&datetime=20190118125536&returncode=00&sign=726E15F96CD3B173C23CC77A304559C0&attach=1234|456
HTTP状态：200
返回：ok

【2019-01-18 12:55:39】
订单号：20190118125416565751
通知地址：http://wfcz222.com/notify_url/34
通知报文：memberid=10033&orderid=2019011812541549108&transaction_id=20190118125416565751&amount=300.0000&datetime=20190118125539&returncode=00&sign=410B941DA703D629F9142E2353E52A26&attach=1234|456
HTTP状态：200
返回：ok

【2019-01-18 12:55:45】
订单号：20190118125049579752
通知地址：http://hylcz111.com/notify_url/37
通知报文：memberid=10021&orderid=2019011812504946618&transaction_id=20190118125049579752&amount=499.9800&datetime=20190118125545&returncode=00&sign=2ADE07B87017478DF07343586958D2D2&attach=1234|456
HTTP状态：200
返回：ok

【2019-01-18 12:55:47】
订单号：20190118125205535457
通知地址：http://hchcz111.com/notify_url/30
通知报文：memberid=10032&orderid=2019011812520426196&transaction_id=20190118125205535457&amount=199.9900&datetime=20190118125547&returncode=00&sign=64ED3D44A8E66FE6A58EFEB6CBA5A686&attach=1234|456
HTTP状态：200
返回：ok

【2019-01-18 12:55:55】
订单号：20190118125527102505
通知地址：https://www.htcp19.com/notify_url/29
通知报文：memberid=10043&orderid=2019011812552589539&transaction_id=20190118125527102505&amount=300.0000&datetime=20190118125554&returncode=00&sign=8B208191F5B6FF8C3ED61B4F351600A7&attach=1234|456
HTTP状态：200
返回：ok

【2019-01-18 12:55:57】
订单号：20190118125344565748
通知地址：https://www.htcp19.com/notify_url/29
通知报文：memberid=10043&orderid=2019011812534321879&transaction_id=20190118125344565748&amount=99.9600&datetime=20190118125556&returncode=00&sign=D044677882F8D24AF4BC36088CB682BA&attach=1234|456
HTTP状态：200
返回：ok

【2019-01-18 12:56:09】
订单号：20190118125320481024
通知地址：http://hchcz111.com/notify_url/30
通知报文：memberid=10032&orderid=2019011812532026956&transaction_id=20190118125320481024&amount=999.9800&datetime=20190118125609&returncode=00&sign=F7BADFDBE96A44B3D2BB9249D6496E4B&attach=1234|456
HTTP状态：200
返回：ok

【2019-01-18 12:56:10】
订单号：20190118125526101100
通知地址：https://www.htcp19.com/notify_url/29
通知报文：memberid=10043&orderid=2019011812552624998&transaction_id=20190118125526101100&amount=499.9900&datetime=20190118125608&returncode=00&sign=0DC6E57527F836D4484F3046620A17CE&attach=1234|456
HTTP状态：200
返回：ok

【2019-01-18 12:56:17】
订单号：20190118125151554949
通知地址：http://wfcz222.com/notify_url/34
通知报文：memberid=10033&orderid=2019011812515039843&transaction_id=20190118125151554949&amount=3000.0000&datetime=20190118125617&returncode=00&sign=208D3A64519E76D543DD307754C5FA07&attach=1234|456
HTTP状态：200
返回：ok

【2019-01-18 12:56:21】
订单号：20190118125540999910
通知地址：http://hchcz111.com/notify_url/30
通知报文：memberid=10032&orderid=2019011812554002765&transaction_id=20190118125540999910&amount=199.9700&datetime=20190118125621&returncode=00&sign=7E965B882A56813B8E91481418ECEA51&attach=1234|456
HTTP状态：200
返回：ok

【2019-01-18 12:56:23】
订单号：20190118125427515557
通知地址：http://wfcz222.com/notify_url/34
通知报文：memberid=10033&orderid=2019011812542687397&transaction_id=20190118125427515557&amount=199.9900&datetime=20190118125622&returncode=00&sign=4F608C61C95293E4AD370CCFD168229F&attach=1234|456
HTTP状态：200
返回：ok

【2019-01-18 12:56:26】
订单号：20190118125353494997
通知地址：https://www.htcp19.com/notify_url/29
通知报文：memberid=10043&orderid=2019011812535043468&transaction_id=20190118125353494997&amount=500.0000&datetime=20190118125625&returncode=00&sign=07DAD8657A72057CC6466F4088FB9596&attach=1234|456
HTTP状态：200
返回：ok

【2019-01-18 12:56:34】
订单号：20190118125238545098
通知地址：http://hylcz111.com/notify_url/37
通知报文：memberid=10021&orderid=2019011812523706267&transaction_id=20190118125238545098&amount=99.9900&datetime=20190118125634&returncode=00&sign=368089F6CAB5CE3F58A229748AB9484B&attach=1234|456
HTTP状态：200
返回：ok

【2019-01-18 12:56:37】
订单号：20190118125157100549
通知地址：http://hylcz111.com/notify_url/37
通知报文：memberid=10021&orderid=2019011812515657149&transaction_id=20190118125157100549&amount=200.0000&datetime=20190118125636&returncode=00&sign=75FC903F44CD01EDAD576FBA5E5CBF96&attach=1234|456
HTTP状态：200
返回：ok

【2019-01-18 12:56:40】
订单号：20190118125416565751
通知地址：http://wfcz222.com/notify_url/34
通知报文：memberid=10033&orderid=2019011812541549108&transaction_id=20190118125416565751&amount=300.0000&datetime=20190118125640&returncode=00&sign=6285D30E4956012F4E6C23B64DCF0D71&attach=1234|456
HTTP状态：200
返回：ok

【2019-01-18 12:56:42】
订单号：20190118125433575357
通知地址：http://hylcz111.com/notify_url/37
通知报文：memberid=10021&orderid=2019011812543222836&transaction_id=20190118125433575357&amount=99.9500&datetime=20190118125641&returncode=00&sign=0932CAD8D4747E4F4E1195F73E526B55&attach=1234|456
HTTP状态：200
返回：ok

【2019-01-18 12:56:49】
订单号：20190118125205535457
通知地址：http://hchcz111.com/notify_url/30
通知报文：memberid=10032&orderid=2019011812520426196&transaction_id=20190118125205535457&amount=199.9900&datetime=20190118125648&returncode=00&sign=7FB4EBBC219C0E04D91C7E782D02BD5A&attach=1234|456
HTTP状态：200
返回：ok

【2019-01-18 12:56:55】
订单号：20190118125527102505
通知地址：https://www.htcp19.com/notify_url/29
通知报文：memberid=10043&orderid=2019011812552589539&transaction_id=20190118125527102505&amount=300.0000&datetime=20190118125655&returncode=00&sign=A0F25BF38A11454E01E5F8D2A20CD4A4&attach=1234|456
HTTP状态：200
返回：ok

【2019-01-18 12:56:58】
订单号：20190118125344565748
通知地址：https://www.htcp19.com/notify_url/29
通知报文：memberid=10043&orderid=2019011812534321879&transaction_id=20190118125344565748&amount=99.9600&datetime=20190118125657&returncode=00&sign=A1FC2EEC8BB05FB0A25F718D07CC7190&attach=1234|456
HTTP状态：200
返回：ok

【2019-01-18 12:57:10】
订单号：20190118125320481024
通知地址：http://hchcz111.com/notify_url/30
通知报文：memberid=10032&orderid=2019011812532026956&transaction_id=20190118125320481024&amount=999.9800&datetime=20190118125709&returncode=00&sign=0F7B8938E86535BF85CACE71AB948110&attach=1234|456
HTTP状态：200
返回：ok

【2019-01-18 12:57:10】
订单号：20190118125526101100
通知地址：https://www.htcp19.com/notify_url/29
通知报文：memberid=10043&orderid=2019011812552624998&transaction_id=20190118125526101100&amount=499.9900&datetime=20190118125710&returncode=00&sign=671A9002B05AAAEEF53F6055EC71C273&attach=1234|456
HTTP状态：200
返回：ok

【2019-01-18 12:57:22】
订单号：20190118125540999910
通知地址：http://hchcz111.com/notify_url/30
通知报文：memberid=10032&orderid=2019011812554002765&transaction_id=20190118125540999910&amount=199.9700&datetime=20190118125721&returncode=00&sign=87D6E121F7050A3A2A9E1B571F3E2110&attach=1234|456
HTTP状态：200
返回：ok

【2019-01-18 12:57:25】
订单号：20190118125427515557
通知地址：http://wfcz222.com/notify_url/34
通知报文：memberid=10033&orderid=2019011812542687397&transaction_id=20190118125427515557&amount=199.9900&datetime=20190118125723&returncode=00&sign=EA0B3731A334E3EC3042354779E2BDFE&attach=1234|456
HTTP状态：200
返回：ok

【2019-01-18 12:57:27】
订单号：20190118125353494997
通知地址：https://www.htcp19.com/notify_url/29
通知报文：memberid=10043&orderid=2019011812535043468&transaction_id=20190118125353494997&amount=500.0000&datetime=20190118125726&returncode=00&sign=4E1B5E6DDB9E8EC60270ADE1450D0AC5&attach=1234|456
HTTP状态：200
返回：ok

【2019-01-18 12:57:28】
订单号：20190118125647102551
通知地址：http://hylcz111.com/notify_url/37
通知报文：memberid=10021&orderid=2019011812564678964&transaction_id=20190118125647102551&amount=100.0000&datetime=20190118125728&returncode=00&sign=9625DFBDEF0BC8A1AF86F8F655A349E1&attach=1234|456
HTTP状态：200
返回：ok

【2019-01-18 12:57:31】
订单号：20190118125643985154
通知地址：http://wfcz222.com/notify_url/34
通知报文：memberid=10033&orderid=2019011812564286970&transaction_id=20190118125643985154&amount=299.9900&datetime=20190118125731&returncode=00&sign=D67CC39F8BF551B9104598050FB0A586&attach=1234|456
HTTP状态：200
返回：ok

【2019-01-18 12:57:35】
订单号：20190118125238545098
通知地址：http://hylcz111.com/notify_url/37
通知报文：memberid=10021&orderid=2019011812523706267&transaction_id=20190118125238545098&amount=99.9900&datetime=20190118125735&returncode=00&sign=2B5D6CE89E73AFDF3CFA910A96FC1889&attach=1234|456
HTTP状态：200
返回：ok

【2019-01-18 12:57:37】
订单号：20190118125713575254
通知地址：http://hylcz111.com/notify_url/37
通知报文：memberid=10021&orderid=2019011812570553640&transaction_id=20190118125713575254&amount=299.9600&datetime=20190118125736&returncode=00&sign=8DBB505806E0C9E6B38B54451A56C59D&attach=1234|456
HTTP状态：200
返回：ok

【2019-01-18 12:57:41】
订单号：20190118125416565751
通知地址：http://wfcz222.com/notify_url/34
通知报文：memberid=10033&orderid=2019011812541549108&transaction_id=20190118125416565751&amount=300.0000&datetime=20190118125740&returncode=00&sign=C57D3F3D9CFCD81B6D6701FE11AF3DD3&attach=1234|456
HTTP状态：200
返回：ok

【2019-01-18 12:57:43】
订单号：20190118125433575357
通知地址：http://hylcz111.com/notify_url/37
通知报文：memberid=10021&orderid=2019011812543222836&transaction_id=20190118125433575357&amount=99.9500&datetime=20190118125743&returncode=00&sign=390BAE16372B09ABE7793C9FD1D5EBD7&attach=1234|456
HTTP状态：200
返回：ok

【2019-01-18 12:57:57】
订单号：20190118125527102505
通知地址：https://www.htcp19.com/notify_url/29
通知报文：memberid=10043&orderid=2019011812552589539&transaction_id=20190118125527102505&amount=300.0000&datetime=20190118125756&returncode=00&sign=351795049A90AB7EEFA1D35A4860020D&attach=1234|456
HTTP状态：200
返回：ok

【2019-01-18 12:57:59】
订单号：20190118125344565748
通知地址：https://www.htcp19.com/notify_url/29
通知报文：memberid=10043&orderid=2019011812534321879&transaction_id=20190118125344565748&amount=99.9600&datetime=20190118125758&returncode=00&sign=81F1AA4726B609C22B561EEC5291F864&attach=1234|456
HTTP状态：200
返回：ok

【2019-01-18 12:58:10】
订单号：20190118125320481024
通知地址：http://hchcz111.com/notify_url/30
通知报文：memberid=10032&orderid=2019011812532026956&transaction_id=20190118125320481024&amount=999.9800&datetime=20190118125810&returncode=00&sign=A1254C7C9C900C6C8E0BFDA1182935A0&attach=1234|456
HTTP状态：200
返回：ok

【2019-01-18 12:58:12】
订单号：20190118125526101100
通知地址：https://www.htcp19.com/notify_url/29
通知报文：memberid=10043&orderid=2019011812552624998&transaction_id=20190118125526101100&amount=499.9900&datetime=20190118125811&returncode=00&sign=68F6AFE2DBBC6DA2BA46E1C505A283C7&attach=1234|456
HTTP状态：200
返回：ok

【2019-01-18 12:58:23】
订单号：20190118125540999910
通知地址：http://hchcz111.com/notify_url/30
通知报文：memberid=10032&orderid=2019011812554002765&transaction_id=20190118125540999910&amount=199.9700&datetime=20190118125823&returncode=00&sign=90E87A6D3EC0013B600804A1C0C34172&attach=1234|456
HTTP状态：200
返回：ok

【2019-01-18 12:58:26】
订单号：20190118125427515557
通知地址：http://wfcz222.com/notify_url/34
通知报文：memberid=10033&orderid=2019011812542687397&transaction_id=20190118125427515557&amount=199.9900&datetime=20190118125825&returncode=00&sign=C6E19FF0F1B6F89F35E8A1D942CF58F6&attach=1234|456
HTTP状态：200
返回：ok

【2019-01-18 12:58:28】
订单号：20190118125353494997
通知地址：https://www.htcp19.com/notify_url/29
通知报文：memberid=10043&orderid=2019011812535043468&transaction_id=20190118125353494997&amount=500.0000&datetime=20190118125827&returncode=00&sign=C81FF097C422F3DDC734A83AF25C0E8E&attach=1234|456
HTTP状态：200
返回：ok

【2019-01-18 12:58:29】
订单号：20190118125647102551
通知地址：http://hylcz111.com/notify_url/37
通知报文：memberid=10021&orderid=2019011812564678964&transaction_id=20190118125647102551&amount=100.0000&datetime=20190118125829&returncode=00&sign=65B6E41103F6B1688792D2B27536490F&attach=1234|456
HTTP状态：200
返回：ok

【2019-01-18 12:58:32】
订单号：20190118125643985154
通知地址：http://wfcz222.com/notify_url/34
通知报文：memberid=10033&orderid=2019011812564286970&transaction_id=20190118125643985154&amount=299.9900&datetime=20190118125831&returncode=00&sign=F41C31FBAA74B030C1364605FB495797&attach=1234|456
HTTP状态：200
返回：ok

【2019-01-18 12:58:37】
订单号：20190118125713575254
通知地址：http://hylcz111.com/notify_url/37
通知报文：memberid=10021&orderid=2019011812570553640&transaction_id=20190118125713575254&amount=299.9600&datetime=20190118125837&returncode=00&sign=2167F661706CB946FDAA790DDC11BE9E&attach=1234|456
HTTP状态：200
返回：ok

【2019-01-18 12:58:42】
订单号：20190118125416565751
通知地址：http://wfcz222.com/notify_url/34
通知报文：memberid=10033&orderid=2019011812541549108&transaction_id=20190118125416565751&amount=300.0000&datetime=20190118125841&returncode=00&sign=D9B67005660A97D198AA1AF630B3A313&attach=1234|456
HTTP状态：200
返回：ok

【2019-01-18 12:58:44】
订单号：20190118125433575357
通知地址：http://hylcz111.com/notify_url/37
通知报文：memberid=10021&orderid=2019011812543222836&transaction_id=20190118125433575357&amount=99.9500&datetime=20190118125844&returncode=00&sign=CA70E4261AD61131D5E0214458249953&attach=1234|456
HTTP状态：200
返回：ok

【2019-01-18 12:58:55】
订单号：20190118125838101100
通知地址：http://hylcz111.com/notify_url/37
通知报文：memberid=10021&orderid=2019011812583857357&transaction_id=20190118125838101100&amount=200.0000&datetime=20190118125855&returncode=00&sign=BC0A8D2CBBFD0C30AFE39573B925C1B6&attach=1234|456
HTTP状态：200
返回：ok

【2019-01-18 12:58:58】
订单号：20190118125527102505
通知地址：https://www.htcp19.com/notify_url/29
通知报文：memberid=10043&orderid=2019011812552589539&transaction_id=20190118125527102505&amount=300.0000&datetime=20190118125857&returncode=00&sign=120529A620FE021E0EBD4CB80C20F873&attach=1234|456
HTTP状态：200
返回：ok

【2019-01-18 12:59:00】
订单号：20190118125344565748
通知地址：https://www.htcp19.com/notify_url/29
通知报文：memberid=10043&orderid=2019011812534321879&transaction_id=20190118125344565748&amount=99.9600&datetime=20190118125859&returncode=00&sign=89DB44C258562E29CFAFDFCBA92E6400&attach=1234|456
HTTP状态：200
返回：ok

【2019-01-18 12:59:02】
订单号：20190118125815555099
通知地址：http://wfcz222.com/notify_url/34
通知报文：memberid=10033&orderid=2019011812581482857&transaction_id=20190118125815555099&amount=499.9800&datetime=20190118125901&returncode=00&sign=FF4807044F6A2F1F9F62C3EB6894510A&attach=1234|456
HTTP状态：200
返回：ok

【2019-01-18 12:59:12】
订单号：20190118125526101100
通知地址：https://www.htcp19.com/notify_url/29
通知报文：memberid=10043&orderid=2019011812552624998&transaction_id=20190118125526101100&amount=499.9900&datetime=20190118125912&returncode=00&sign=39EB819ED2CB6D6A5D32B1B5172B9C84&attach=1234|456
HTTP状态：200
返回：ok

【2019-01-18 12:59:24】
订单号：20190118125540999910
通知地址：http://hchcz111.com/notify_url/30
通知报文：memberid=10032&orderid=2019011812554002765&transaction_id=20190118125540999910&amount=199.9700&datetime=20190118125923&returncode=00&sign=4E5C5891D6F06592FC7AFB5E1BD322D3&attach=1234|456
HTTP状态：200
返回：ok

【2019-01-18 12:59:27】
订单号：20190118125427515557
通知地址：http://wfcz222.com/notify_url/34
通知报文：memberid=10033&orderid=2019011812542687397&transaction_id=20190118125427515557&amount=199.9900&datetime=20190118125926&returncode=00&sign=1610E454A773ACCCDD9FE674556D47C0&attach=1234|456
HTTP状态：200
返回：ok

【2019-01-18 12:59:30】
订单号：20190118125647102551
通知地址：http://hylcz111.com/notify_url/37
通知报文：memberid=10021&orderid=2019011812564678964&transaction_id=20190118125647102551&amount=100.0000&datetime=20190118125929&returncode=00&sign=01121486F5194C25505BAA3408B59739&attach=1234|456
HTTP状态：200
返回：ok

【2019-01-18 12:59:33】
订单号：20190118125643985154
通知地址：http://wfcz222.com/notify_url/34
通知报文：memberid=10033&orderid=2019011812564286970&transaction_id=20190118125643985154&amount=299.9900&datetime=20190118125933&returncode=00&sign=A3CC7FC112C7C5459D862DCD10EAD0EE&attach=1234|456
HTTP状态：200
返回：ok

【2019-01-18 12:59:38】
订单号：20190118125713575254
通知地址：http://hylcz111.com/notify_url/37
通知报文：memberid=10021&orderid=2019011812570553640&transaction_id=20190118125713575254&amount=299.9600&datetime=20190118125938&returncode=00&sign=E91DB773A5C4C669F95C450EF58A379C&attach=1234|456
HTTP状态：200
返回：ok

【2019-01-18 12:59:43】
订单号：20190118125416565751
通知地址：http://wfcz222.com/notify_url/34
通知报文：memberid=10033&orderid=2019011812541549108&transaction_id=20190118125416565751&amount=300.0000&datetime=20190118125943&returncode=00&sign=34718B9D49745FA1A4B7F89FF622E3F0&attach=1234|456
HTTP状态：200
返回：ok

【2019-01-18 12:59:45】
订单号：20190118125433575357
通知地址：http://hylcz111.com/notify_url/37
通知报文：memberid=10021&orderid=2019011812543222836&transaction_id=20190118125433575357&amount=99.9500&datetime=20190118125944&returncode=00&sign=626BD44F2FDF914860730EACA233B1F1&attach=1234|456
HTTP状态：200
返回：ok

【2019-01-18 12:59:56】
订单号：20190118125838101100
通知地址：http://hylcz111.com/notify_url/37
通知报文：memberid=10021&orderid=2019011812583857357&transaction_id=20190118125838101100&amount=200.0000&datetime=20190118125956&returncode=00&sign=1DAC9EB795245C1C6394F7F4166CBED7&attach=1234|456
HTTP状态：200
返回：ok

【2019-01-18 13:00:00】
订单号：20190118125527102505
通知地址：https://www.htcp19.com/notify_url/29
通知报文：memberid=10043&orderid=2019011812552589539&transaction_id=20190118125527102505&amount=300.0000&datetime=20190118125958&returncode=00&sign=CD6F96A098DE748C8AF1266EAC21C880&attach=1234|456
HTTP状态：200
返回：ok

【2019-01-18 13:00:03】
订单号：20190118125815555099
通知地址：http://wfcz222.com/notify_url/34
通知报文：memberid=10033&orderid=2019011812581482857&transaction_id=20190118125815555099&amount=499.9800&datetime=20190118130002&returncode=00&sign=0037D94F79ACB040761801261A5891EE&attach=1234|456
HTTP状态：200
返回：ok

【2019-01-18 13:00:14】
订单号：20190118125526101100
通知地址：https://www.htcp19.com/notify_url/29
通知报文：memberid=10043&orderid=2019011812552624998&transaction_id=20190118125526101100&amount=499.9900&datetime=20190118130013&returncode=00&sign=5BFBBCA13CE2FEE78207A621D566C565&attach=1234|456
HTTP状态：200
返回：ok

【2019-01-18 13:00:25】
订单号：20190118125540999910
通知地址：http://hchcz111.com/notify_url/30
通知报文：memberid=10032&orderid=2019011812554002765&transaction_id=20190118125540999910&amount=199.9700&datetime=20190118130024&returncode=00&sign=98CF8BBC76433DD724B0D1FD22E8299F&attach=1234|456
HTTP状态：200
返回：ok

【2019-01-18 13:00:30】
订单号：20190118125647102551
通知地址：http://hylcz111.com/notify_url/37
通知报文：memberid=10021&orderid=2019011812564678964&transaction_id=20190118125647102551&amount=100.0000&datetime=20190118130030&returncode=00&sign=FA8E1C2608CC8F00C45DB97393494789&attach=1234|456
HTTP状态：200
返回：ok

【2019-01-18 13:00:34】
订单号：20190118125643985154
通知地址：http://wfcz222.com/notify_url/34
通知报文：memberid=10033&orderid=2019011812564286970&transaction_id=20190118125643985154&amount=299.9900&datetime=20190118130033&returncode=00&sign=7D3464A0F462A9B27D4B6AE5D856FDCA&attach=1234|456
HTTP状态：200
返回：ok

【2019-01-18 13:00:39】
订单号：20190118125713575254
通知地址：http://hylcz111.com/notify_url/37
通知报文：memberid=10021&orderid=2019011812570553640&transaction_id=20190118125713575254&amount=299.9600&datetime=20190118130038&returncode=00&sign=2B6E215178459CA4609599F782BBEFF1&attach=1234|456
HTTP状态：200
返回：ok

【2019-01-18 13:00:45】
订单号：20190118125433575357
通知地址：http://hylcz111.com/notify_url/37
通知报文：memberid=10021&orderid=2019011812543222836&transaction_id=20190118125433575357&amount=99.9500&datetime=20190118130045&returncode=00&sign=72AF53D1DD0DF3BD719A9F8AB1638E2F&attach=1234|456
HTTP状态：200
返回：ok

【2019-01-18 13:00:47】
订单号：20190118130008561015
通知地址：http://hylcz111.com/notify_url/37
通知报文：memberid=10021&orderid=2019011813000738514&transaction_id=20190118130008561015&amount=200.0000&datetime=20190118130046&returncode=00&sign=20EC12F6457BFBA251DF462AF6D32BF7&attach=1234|456
HTTP状态：200
返回：ok

【2019-01-18 13:00:56】
订单号：20190118125838101100
通知地址：http://hylcz111.com/notify_url/37
通知报文：memberid=10021&orderid=2019011812583857357&transaction_id=20190118125838101100&amount=200.0000&datetime=20190118130056&returncode=00&sign=AC39D705A4755C2EC5935751110EBDDD&attach=1234|456
HTTP状态：200
返回：ok

【2019-01-18 13:01:03】
订单号：20190118130030101101
通知地址：https://www.htcp19.com/notify_url/29
通知报文：memberid=10043&orderid=2019011813003025238&transaction_id=20190118130030101101&amount=99.9900&datetime=20190118130102&returncode=00&sign=ABFC3BDCA6C88197B5813BE68F4AD99F&attach=1234|456
HTTP状态：200
返回：ok

【2019-01-18 13:01:03】
订单号：20190118125815555099
通知地址：http://wfcz222.com/notify_url/34
通知报文：memberid=10033&orderid=2019011812581482857&transaction_id=20190118125815555099&amount=499.9800&datetime=20190118130103&returncode=00&sign=6814630B3E647F39FF24B7251832FB18&attach=1234|456
HTTP状态：200
返回：ok

【2019-01-18 13:01:22】
订单号：20190118130040569956
通知地址：http://wfcz222.com/notify_url/34
通知报文：memberid=10033&orderid=2019011813004016899&transaction_id=20190118130040569956&amount=999.9900&datetime=20190118130122&returncode=00&sign=B472B6844B1606C0EB6680E9BE0B0313&attach=1234|456
HTTP状态：200
返回：ok

【2019-01-18 13:01:29】
订单号：20190118130054545151
通知地址：https://www.htcp19.com/notify_url/29
通知报文：memberid=10043&orderid=2019011813005343406&transaction_id=20190118130054545151&amount=999.9900&datetime=20190118130128&returncode=00&sign=8159E278773E0EF220EDCF3951DD3180&attach=1234|456
HTTP状态：200
返回：ok

【2019-01-18 13:01:31】
订单号：20190118125647102551
通知地址：http://hylcz111.com/notify_url/37
通知报文：memberid=10021&orderid=2019011812564678964&transaction_id=20190118125647102551&amount=100.0000&datetime=20190118130131&returncode=00&sign=3A46A1EA41CF6E3A54438AAA6CB9D31D&attach=1234|456
HTTP状态：200
返回：ok

【2019-01-18 13:01:34】
订单号：20190118125643985154
通知地址：http://wfcz222.com/notify_url/34
通知报文：memberid=10033&orderid=2019011812564286970&transaction_id=20190118125643985154&amount=299.9900&datetime=20190118130134&returncode=00&sign=38600B113818EC857F8AAD462FA702FB&attach=1234|456
HTTP状态：200
返回：ok

【2019-01-18 13:01:39】
订单号：20190118130109535552
通知地址：http://hylcz111.com/notify_url/37
通知报文：memberid=10021&orderid=2019011813010884283&transaction_id=20190118130109535552&amount=499.9800&datetime=20190118130139&returncode=00&sign=ACB73FA8FB218D22D3296831BD0FB8B4&attach=1234|456
HTTP状态：200
返回：ok

【2019-01-18 13:01:39】
订单号：20190118125713575254
通知地址：http://hylcz111.com/notify_url/37
通知报文：memberid=10021&orderid=2019011812570553640&transaction_id=20190118125713575254&amount=299.9600&datetime=20190118130139&returncode=00&sign=81C9D237C6D1DA6B64CA1E61194DC425&attach=1234|456
HTTP状态：200
返回：ok

【2019-01-18 13:01:48】
订单号：20190118130008561015
通知地址：http://hylcz111.com/notify_url/37
通知报文：memberid=10021&orderid=2019011813000738514&transaction_id=20190118130008561015&amount=200.0000&datetime=20190118130147&returncode=00&sign=666C2345470B3173799F6180737598BC&attach=1234|456
HTTP状态：200
返回：ok

【2019-01-18 13:01:59】
订单号：20190118125838101100
通知地址：http://hylcz111.com/notify_url/37
通知报文：memberid=10021&orderid=2019011812583857357&transaction_id=20190118125838101100&amount=200.0000&datetime=20190118130157&returncode=00&sign=1CACD3918A7537F51C26D3EAA7F5FDA5&attach=1234|456
HTTP状态：200
返回：ok

【2019-01-18 13:02:04】
订单号：20190118125815555099
通知地址：http://wfcz222.com/notify_url/34
通知报文：memberid=10033&orderid=2019011812581482857&transaction_id=20190118125815555099&amount=499.9800&datetime=20190118130203&returncode=00&sign=7CF1BF395D2F451A83BC062CB5CC4B0F&attach=1234|456
HTTP状态：200
返回：ok

【2019-01-18 13:02:04】
订单号：20190118130030101101
通知地址：https://www.htcp19.com/notify_url/29
通知报文：memberid=10043&orderid=2019011813003025238&transaction_id=20190118130030101101&amount=99.9900&datetime=20190118130204&returncode=00&sign=0EEDBF4032B68C1FB131642E1A8E5F19&attach=1234|456
HTTP状态：200
返回：ok

【2019-01-18 13:02:25】
订单号：20190118130040569956
通知地址：http://wfcz222.com/notify_url/34
通知报文：memberid=10033&orderid=2019011813004016899&transaction_id=20190118130040569956&amount=999.9900&datetime=20190118130223&returncode=00&sign=6758E93F2D806B283F2681ECA36F4148&attach=1234|456
HTTP状态：200
返回：ok

【2019-01-18 13:02:29】
订单号：20190118130147981009
通知地址：http://hchcz111.com/notify_url/30
通知报文：memberid=10032&orderid=2019011813014725094&transaction_id=20190118130147981009&amount=99.9800&datetime=20190118130229&returncode=00&sign=030640C539DB12192D920F1D18C714E4&attach=1234|456
HTTP状态：200
返回：ok

【2019-01-18 13:02:30】
订单号：20190118130054545151
通知地址：https://www.htcp19.com/notify_url/29
通知报文：memberid=10043&orderid=2019011813005343406&transaction_id=20190118130054545151&amount=999.9900&datetime=20190118130229&returncode=00&sign=56741579075B7D0D34C93FEB29CFA6BF&attach=1234|456
HTTP状态：200
返回：ok

【2019-01-18 13:02:37】
订单号：20190118130204991019
通知地址：http://hchcz111.com/notify_url/30
通知报文：memberid=10032&orderid=2019011813020454361&transaction_id=20190118130204991019&amount=500.0000&datetime=20190118130237&returncode=00&sign=D33C68DAE19B37387632509FCA4959C0&attach=1234|456
HTTP状态：200
返回：ok

【2019-01-18 13:02:40】
订单号：20190118130109535552
通知地址：http://hylcz111.com/notify_url/37
通知报文：memberid=10021&orderid=2019011813010884283&transaction_id=20190118130109535552&amount=499.9800&datetime=20190118130240&returncode=00&sign=802257DE7AAEAF7ED3D158E36FA11EE1&attach=1234|456
HTTP状态：200
返回：ok

【2019-01-18 13:02:49】
订单号：20190118130008561015
通知地址：http://hylcz111.com/notify_url/37
通知报文：memberid=10021&orderid=2019011813000738514&transaction_id=20190118130008561015&amount=200.0000&datetime=20190118130248&returncode=00&sign=C7730423BC8DD3D4ED92F32384733520&attach=1234|456
HTTP状态：200
返回：ok

【2019-01-18 13:03:00】
订单号：20190118125838101100
通知地址：http://hylcz111.com/notify_url/37
通知报文：memberid=10021&orderid=2019011812583857357&transaction_id=20190118125838101100&amount=200.0000&datetime=20190118130300&returncode=00&sign=7CFCF71B69A79CEF9B33FAC909226C27&attach=1234|456
HTTP状态：200
返回：ok

【2019-01-18 13:03:04】
订单号：20190118125815555099
通知地址：http://wfcz222.com/notify_url/34
通知报文：memberid=10033&orderid=2019011812581482857&transaction_id=20190118125815555099&amount=499.9800&datetime=20190118130304&returncode=00&sign=E17E901C95CFD47D0198501C942C2474&attach=1234|456
HTTP状态：200
返回：ok

【2019-01-18 13:03:05】
订单号：20190118130030101101
通知地址：https://www.htcp19.com/notify_url/29
通知报文：memberid=10043&orderid=2019011813003025238&transaction_id=20190118130030101101&amount=99.9900&datetime=20190118130304&returncode=00&sign=0F9C12FE6C94EB05FD6CBECD299EF1FC&attach=1234|456
HTTP状态：200
返回：ok

【2019-01-18 13:03:26】
订单号：20190118130040569956
通知地址：http://wfcz222.com/notify_url/34
通知报文：memberid=10033&orderid=2019011813004016899&transaction_id=20190118130040569956&amount=999.9900&datetime=20190118130326&returncode=00&sign=996013F874B8D93330D10453165BFC21&attach=1234|456
HTTP状态：200
返回：ok

【2019-01-18 13:03:31】
订单号：20190118130054545151
通知地址：https://www.htcp19.com/notify_url/29
通知报文：memberid=10043&orderid=2019011813005343406&transaction_id=20190118130054545151&amount=999.9900&datetime=20190118130330&returncode=00&sign=8BA9C5F6E4F4190D430D3FCE46C9D1C2&attach=1234|456
HTTP状态：200
返回：ok

【2019-01-18 13:03:31】
订单号：20190118130147981009
通知地址：http://hchcz111.com/notify_url/30
通知报文：memberid=10032&orderid=2019011813014725094&transaction_id=20190118130147981009&amount=99.9800&datetime=20190118130330&returncode=00&sign=DE8FA9A1CB585B0EDADCDC78EB31D22B&attach=1234|456
HTTP状态：200
返回：ok

【2019-01-18 13:03:38】
订单号：20190118130204991019
通知地址：http://hchcz111.com/notify_url/30
通知报文：memberid=10032&orderid=2019011813020454361&transaction_id=20190118130204991019&amount=500.0000&datetime=20190118130338&returncode=00&sign=AC409A43DC2B22ED5207D1084483CD27&attach=1234|456
HTTP状态：200
返回：ok

【2019-01-18 13:03:41】
订单号：20190118130152485799
通知地址：http://hchcz111.com/notify_url/30
通知报文：memberid=10032&orderid=2019011813015109178&transaction_id=20190118130152485799&amount=199.9900&datetime=20190118130340&returncode=00&sign=6C8A31FBBA33E0708CEDB57AA2847060&attach=1234|456
HTTP状态：200
返回：ok

【2019-01-18 13:03:41】
订单号：20190118130109535552
通知地址：http://hylcz111.com/notify_url/37
通知报文：memberid=10021&orderid=2019011813010884283&transaction_id=20190118130109535552&amount=499.9800&datetime=20190118130340&returncode=00&sign=F7297F5D341C81658817EB1A0A1F4702&attach=1234|456
HTTP状态：200
返回：ok

【2019-01-18 13:03:49】
订单号：20190118130008561015
通知地址：http://hylcz111.com/notify_url/37
通知报文：memberid=10021&orderid=2019011813000738514&transaction_id=20190118130008561015&amount=200.0000&datetime=20190118130349&returncode=00&sign=A80CE4C1518F178396840B08415FBD53&attach=1234|456
HTTP状态：200
返回：ok

【2019-01-18 13:04:06】
订单号：20190118130030101101
通知地址：https://www.htcp19.com/notify_url/29
通知报文：memberid=10043&orderid=2019011813003025238&transaction_id=20190118130030101101&amount=99.9900&datetime=20190118130405&returncode=00&sign=B67C2FE82A4BB037B7D2A0D3E9981B3F&attach=1234|456
HTTP状态：200
返回：ok

【2019-01-18 13:04:27】
订单号：20190118130040569956
通知地址：http://wfcz222.com/notify_url/34
通知报文：memberid=10033&orderid=2019011813004016899&transaction_id=20190118130040569956&amount=999.9900&datetime=20190118130426&returncode=00&sign=BBEB8EB912AEF412508DEFBBA2E96F7C&attach=1234|456
HTTP状态：200
返回：ok

【2019-01-18 13:04:31】
订单号：20190118130147981009
通知地址：http://hchcz111.com/notify_url/30
通知报文：memberid=10032&orderid=2019011813014725094&transaction_id=20190118130147981009&amount=99.9800&datetime=20190118130431&returncode=00&sign=F2DBF300CC2619540EBAE38E9B0B52A3&attach=1234|456
HTTP状态：200
返回：ok

【2019-01-18 13:04:32】
订单号：20190118130054545151
通知地址：https://www.htcp19.com/notify_url/29
通知报文：memberid=10043&orderid=2019011813005343406&transaction_id=20190118130054545151&amount=999.9900&datetime=20190118130431&returncode=00&sign=8FB786EBECBF309E79025DD471F2C859&attach=1234|456
HTTP状态：200
返回：ok

【2019-01-18 13:04:39】
订单号：20190118130204991019
通知地址：http://hchcz111.com/notify_url/30
通知报文：memberid=10032&orderid=2019011813020454361&transaction_id=20190118130204991019&amount=500.0000&datetime=20190118130438&returncode=00&sign=B4837A3CFDD3E9DAAF9C07685BDEC577&attach=1234|456
HTTP状态：200
返回：ok

【2019-01-18 13:04:41】
订单号：20190118130152485799
通知地址：http://hchcz111.com/notify_url/30
通知报文：memberid=10032&orderid=2019011813015109178&transaction_id=20190118130152485799&amount=199.9900&datetime=20190118130441&returncode=00&sign=3601648F53A1E69AAAD41F545F49AD4F&attach=1234|456
HTTP状态：200
返回：ok

【2019-01-18 13:04:42】
订单号：20190118130109535552
通知地址：http://hylcz111.com/notify_url/37
通知报文：memberid=10021&orderid=2019011813010884283&transaction_id=20190118130109535552&amount=499.9800&datetime=20190118130441&returncode=00&sign=80E9AFF7A08BBE4ADAFA37859CC33DE2&attach=1234|456
HTTP状态：200
返回：ok

【2019-01-18 13:04:50】
订单号：20190118130008561015
通知地址：http://hylcz111.com/notify_url/37
通知报文：memberid=10021&orderid=2019011813000738514&transaction_id=20190118130008561015&amount=200.0000&datetime=20190118130450&returncode=00&sign=7F7E5804AE23F3E30F1153FC23FC5CB4&attach=1234|456
HTTP状态：200
返回：ok

【2019-01-18 13:04:57】
订单号：20190118130422541014
通知地址：https://www.htcp19.com/notify_url/29
通知报文：memberid=10043&orderid=2019011813042293532&transaction_id=20190118130422541014&amount=299.9800&datetime=20190118130457&returncode=00&sign=7C8342E1A32E57597573F2A4C90DCE29&attach=1234|456
HTTP状态：200
返回：ok

【2019-01-18 13:05:07】
订单号：20190118130030101101
通知地址：https://www.htcp19.com/notify_url/29
通知报文：memberid=10043&orderid=2019011813003025238&transaction_id=20190118130030101101&amount=99.9900&datetime=20190118130506&returncode=00&sign=D200A215EFB8D270C2CC0DDA26CC9F24&attach=1234|456
HTTP状态：200
返回：ok

【2019-01-18 13:05:28】
订单号：20190118130445100989
通知地址：http://hylcz111.com/notify_url/37
通知报文：memberid=10021&orderid=2019011813044497857&transaction_id=20190118130445100989&amount=199.9800&datetime=20190118130527&returncode=00&sign=9871C4A4F3F5514E545DFB26257DC8FC&attach=1234|456
HTTP状态：200
返回：ok

【2019-01-18 13:05:28】
订单号：20190118130040569956
通知地址：http://wfcz222.com/notify_url/34
通知报文：memberid=10033&orderid=2019011813004016899&transaction_id=20190118130040569956&amount=999.9900&datetime=20190118130527&returncode=00&sign=A66B09D05DBE9321CBB08B8BC0B300D8&attach=1234|456
HTTP状态：200
返回：ok

【2019-01-18 13:05:32】
订单号：20190118130147981009
通知地址：http://hchcz111.com/notify_url/30
通知报文：memberid=10032&orderid=2019011813014725094&transaction_id=20190118130147981009&amount=99.9800&datetime=20190118130532&returncode=00&sign=7BF9A5D25294A1C948748D203B18FE0B&attach=1234|456
HTTP状态：200
返回：ok

【2019-01-18 13:05:33】
订单号：20190118130054545151
通知地址：https://www.htcp19.com/notify_url/29
通知报文：memberid=10043&orderid=2019011813005343406&transaction_id=20190118130054545151&amount=999.9900&datetime=20190118130532&returncode=00&sign=282FB0CE5709F12C430B7A72914E5B50&attach=1234|456
HTTP状态：200
返回：ok

【2019-01-18 13:05:39】
订单号：20190118130204991019
通知地址：http://hchcz111.com/notify_url/30
通知报文：memberid=10032&orderid=2019011813020454361&transaction_id=20190118130204991019&amount=500.0000&datetime=20190118130539&returncode=00&sign=A914AB66CDAF267F41B559110A85DE43&attach=1234|456
HTTP状态：200
返回：ok

【2019-01-18 13:05:42】
订单号：20190118130152485799
通知地址：http://hchcz111.com/notify_url/30
通知报文：memberid=10032&orderid=2019011813015109178&transaction_id=20190118130152485799&amount=199.9900&datetime=20190118130542&returncode=00&sign=B31A17CE72F0B79FC218267E11E4142B&attach=1234|456
HTTP状态：200
返回：ok

【2019-01-18 13:05:42】
订单号：20190118130109535552
通知地址：http://hylcz111.com/notify_url/37
通知报文：memberid=10021&orderid=2019011813010884283&transaction_id=20190118130109535552&amount=499.9800&datetime=20190118130542&returncode=00&sign=842877D8525540DC209095159AA2B512&attach=1234|456
HTTP状态：200
返回：ok

【2019-01-18 13:05:58】
订单号：20190118130422541014
通知地址：https://www.htcp19.com/notify_url/29
通知报文：memberid=10043&orderid=2019011813042293532&transaction_id=20190118130422541014&amount=299.9800&datetime=20190118130558&returncode=00&sign=2692CA2243356E161D511F7C8DE0749A&attach=1234|456
HTTP状态：200
返回：ok

【2019-01-18 13:06:28】
订单号：20190118130445100989
通知地址：http://hylcz111.com/notify_url/37
通知报文：memberid=10021&orderid=2019011813044497857&transaction_id=20190118130445100989&amount=199.9800&datetime=20190118130628&returncode=00&sign=7BAF7191AF60B70D68D55A5A44F7ED56&attach=1234|456
HTTP状态：200
返回：ok

【2019-01-18 13:06:32】
订单号：20190118130147981009
通知地址：http://hchcz111.com/notify_url/30
通知报文：memberid=10032&orderid=2019011813014725094&transaction_id=20190118130147981009&amount=99.9800&datetime=20190118130632&returncode=00&sign=ECE4D2D96E247E25F29B1AB6F2426790&attach=1234|456
HTTP状态：200
返回：ok

【2019-01-18 13:06:40】
订单号：20190118130204991019
通知地址：http://hchcz111.com/notify_url/30
通知报文：memberid=10032&orderid=2019011813020454361&transaction_id=20190118130204991019&amount=500.0000&datetime=20190118130639&returncode=00&sign=FFDFE3A089E05A2D5BE24F69A6379151&attach=1234|456
HTTP状态：200
返回：ok

【2019-01-18 13:06:43】
订单号：20190118130152485799
通知地址：http://hchcz111.com/notify_url/30
通知报文：memberid=10032&orderid=2019011813015109178&transaction_id=20190118130152485799&amount=199.9900&datetime=20190118130642&returncode=00&sign=EFBA9C310C90A5A62C16610F375399BD&attach=1234|456
HTTP状态：200
返回：ok

【2019-01-18 13:06:59】
订单号：20190118130422541014
通知地址：https://www.htcp19.com/notify_url/29
通知报文：memberid=10043&orderid=2019011813042293532&transaction_id=20190118130422541014&amount=299.9800&datetime=20190118130658&returncode=00&sign=18B66D0847E719FB7B553B18989589D0&attach=1234|456
HTTP状态：200
返回：ok

【2019-01-18 13:07:29】
订单号：20190118130445100989
通知地址：http://hylcz111.com/notify_url/37
通知报文：memberid=10021&orderid=2019011813044497857&transaction_id=20190118130445100989&amount=199.9800&datetime=20190118130729&returncode=00&sign=EFC3D13FDEB38E851B4A5E0CCC400F19&attach=1234|456
HTTP状态：200
返回：ok

【2019-01-18 13:07:43】
订单号：20190118130152485799
通知地址：http://hchcz111.com/notify_url/30
通知报文：memberid=10032&orderid=2019011813015109178&transaction_id=20190118130152485799&amount=199.9900&datetime=20190118130743&returncode=00&sign=EA4F88E686F53F5DF52044624A0CA3BB&attach=1234|456
HTTP状态：200
返回：ok

【2019-01-18 13:08:00】
订单号：20190118130422541014
通知地址：https://www.htcp19.com/notify_url/29
通知报文：memberid=10043&orderid=2019011813042293532&transaction_id=20190118130422541014&amount=299.9800&datetime=20190118130759&returncode=00&sign=364EF9AC985C2E2B55B8105279318A58&attach=1234|456
HTTP状态：200
返回：ok

【2019-01-18 13:08:30】
订单号：20190118130445100989
通知地址：http://hylcz111.com/notify_url/37
通知报文：memberid=10021&orderid=2019011813044497857&transaction_id=20190118130445100989&amount=199.9800&datetime=20190118130829&returncode=00&sign=934F8A752E29E41E41AE0AC2DC8E4EA8&attach=1234|456
HTTP状态：200
返回：ok

【2019-01-18 13:09:01】
订单号：20190118130422541014
通知地址：https://www.htcp19.com/notify_url/29
通知报文：memberid=10043&orderid=2019011813042293532&transaction_id=20190118130422541014&amount=299.9800&datetime=20190118130900&returncode=00&sign=9C289FB29DC0549D46A8C63EC10B2471&attach=1234|456
HTTP状态：200
返回：ok

【2019-01-18 13:09:30】
订单号：20190118130445100989
通知地址：http://hylcz111.com/notify_url/37
通知报文：memberid=10021&orderid=2019011813044497857&transaction_id=20190118130445100989&amount=199.9800&datetime=20190118130930&returncode=00&sign=E8D88988A88EA4855B36D11D9FC179E1&attach=1234|456
HTTP状态：200
返回：ok

【2019-01-18 15:02:54】
订单号：20190118150237100515
通知地址：http://55qiwn.natappfree.cc/zagame/wuguiPayNotifyurl
通知报文：memberid=10004&orderid=20190118150235116137&transaction_id=20190118150237100515&amount=10.0000&datetime=20190118150254&returncode=00&sign=AA07F32A2F219DD69BD1E226E8C6D8A6&attach=AUTO
HTTP状态：0
返回：

【2019-01-18 15:02:56】
订单号：20190118150237100515
通知地址：http://55qiwn.natappfree.cc/zagame/wuguiPayNotifyurl
通知报文：memberid=10004&orderid=20190118150235116137&transaction_id=20190118150237100515&amount=10.0000&datetime=20190118150256&returncode=00&sign=BEE526EE3603C00738ACCAA57C817D2C&attach=AUTO
HTTP状态：0
返回：

【2019-01-18 15:42:31】
订单号：20190118154057575553
通知地址：http://hylcz111.com/notify_url/37
通知报文：memberid=10021&orderid=2019011815405639775&transaction_id=20190118154057575553&amount=500.0000&datetime=20190118154231&returncode=00&sign=03CD88D6C86077084B26D0FEDD96BA1D&attach=1234|456
HTTP状态：200
返回：ok

【2019-01-18 15:42:34】
订单号：20190118154057575553
通知地址：http://hylcz111.com/notify_url/37
通知报文：memberid=10021&orderid=2019011815405639775&transaction_id=20190118154057575553&amount=500.0000&datetime=20190118154234&returncode=00&sign=6FF8C7F59C1EF29056973CD46F3A6CD2&attach=1234|456
HTTP状态：200
返回：ok

【2019-01-18 15:48:37】
订单号：20190118154734544851
通知地址：http://hylcz111.com/notify_url/37
通知报文：memberid=10021&orderid=2019011815473320466&transaction_id=20190118154734544851&amount=2000.0000&datetime=20190118154837&returncode=00&sign=9120844C033BC6F6A7C66C95CF0E5C96&attach=1234|456
HTTP状态：200
返回：ok

【2019-01-18 15:48:42】
订单号：20190118154734544851
通知地址：http://hylcz111.com/notify_url/37
通知报文：memberid=10021&orderid=2019011815473320466&transaction_id=20190118154734544851&amount=2000.0000&datetime=20190118154841&returncode=00&sign=B726CE57C49A2AAAA5AB10C63E950C42&attach=1234|456
HTTP状态：200
返回：ok

【2019-01-18 15:48:44】
订单号：20190118154804524851
通知地址：http://hylcz111.com/notify_url/37
通知报文：memberid=10021&orderid=2019011815480386594&transaction_id=20190118154804524851&amount=100.0000&datetime=20190118154843&returncode=00&sign=3C4722F1B0E3B47BF2C0DD7A8C08F7B3&attach=1234|456
HTTP状态：200
返回：ok

【2019-01-18 15:48:44】
订单号：20190118154804524851
通知地址：http://hylcz111.com/notify_url/37
通知报文：memberid=10021&orderid=2019011815480386594&transaction_id=20190118154804524851&amount=100.0000&datetime=20190118154844&returncode=00&sign=58E90D551ECAFC662DD13304B8452A42&attach=1234|456
HTTP状态：200
返回：ok

【2019-01-18 15:52:35】
订单号：20190118155051981009
通知地址：http://hylcz111.com/notify_url/37
通知报文：memberid=10021&orderid=2019011815505131508&transaction_id=20190118155051981009&amount=1000.0000&datetime=20190118155235&returncode=00&sign=58039AEF312E5B8EE02F44B90606D731&attach=1234|456
HTTP状态：200
返回：ok

【2019-01-18 15:52:40】
订单号：20190118155051981009
通知地址：http://hylcz111.com/notify_url/37
通知报文：memberid=10021&orderid=2019011815505131508&transaction_id=20190118155051981009&amount=1000.0000&datetime=20190118155237&returncode=00&sign=E251CB33BAF926A573EA40FD6D049006&attach=1234|456
HTTP状态：200
返回：ok

【2019-01-18 16:05:14】
订单号：20190118160440565510
通知地址：http://hylcz111.com/notify_url/37
通知报文：memberid=10021&orderid=2019011816043967566&transaction_id=20190118160440565510&amount=500.0000&datetime=20190118160513&returncode=00&sign=CE4063DE6A0FC6D81F174ED4EFA7C0C4&attach=1234|456
HTTP状态：200
返回：ok

【2019-01-18 16:05:15】
订单号：20190118160440565510
通知地址：http://hylcz111.com/notify_url/37
通知报文：memberid=10021&orderid=2019011816043967566&transaction_id=20190118160440565510&amount=500.0000&datetime=20190118160514&returncode=00&sign=8A261C1327047B8574326AB21F0E2C4A&attach=1234|456
HTTP状态：200
返回：ok

